{"failures":[{"error":["wollok.lang.MessageNotUnderstoodException: true does not understand <(arg 0)","  at tomyjerry.tom.quiereComerRaton(raton, distancia) [tomyjerry.wlk:28]\r","  at tomyjerrytest.\"tom y jerry\".\"casos de prueba 2: poder y querer comer\" [tomyjerrytest.wtest:30]"],"test":"tomyjerrytest.\"tom y jerry\".\"casos de prueba 2: poder y querer comer\""}],"level":"info","message":"ðŸ§ª Test runner executed on c:/Users/Pc/Desktop/Objetos/Repositorios/2024s2-tomyjerry-mile-nag","result":{"failed":1,"ok":0},"timeElapsed":381,"timestamp":"2024-08-27T00:16:55.399Z"}
{"failures":[{"error":["wollok.lang.MessageNotUnderstoodException: true does not understand <(arg 0)","  at tomyjerry.tom.quiereComerRaton(raton, distancia) [tomyjerry.wlk:28]\r","  at tomyjerrytest.\"tom y jerry\".\"casos de prueba 2: poder y querer comer\" [tomyjerrytest.wtest:30]"],"test":"tomyjerrytest.\"tom y jerry\".\"casos de prueba 2: poder y querer comer\""}],"level":"info","message":"ðŸ§ª Test runner executed on c:/Users/Pc/Desktop/Objetos/Repositorios/2024s2-tomyjerry-mile-nag","result":{"failed":1,"ok":0},"timeElapsed":386,"timestamp":"2024-08-27T00:17:49.953Z"}
{"failures":[{"error":["wollok.lang.MessageNotUnderstoodException: true does not understand <(arg 0)","  at tomyjerry.tom.quiereComerRaton(raton, distancia) [tomyjerry.wlk:28]\r","  at tomyjerrytest.\"tom y jerry\".\"casos de prueba 2: poder y querer comer\" [tomyjerrytest.wtest:30]"],"test":"tomyjerrytest.\"tom y jerry\".\"casos de prueba 2: poder y querer comer\""}],"level":"info","message":"ðŸ§ª Test runner executed on c:/Users/Pc/Desktop/Objetos/Repositorios/2024s2-tomyjerry-mile-nag","result":{"failed":1,"ok":0},"timeElapsed":373,"timestamp":"2024-08-27T00:22:32.862Z"}
{"failures":[{"error":["wollok.lang.MessageNotUnderstoodException: true does not understand <(arg 0)","  at tomyjerry.tom.quiereComerRaton(raton, distancia) [tomyjerry.wlk:28]\r","  at tomyjerrytest.\"tom y jerry\".\"casos de prueba 2: poder y querer comer\" [tomyjerrytest.wtest:30]"],"test":"tomyjerrytest.\"tom y jerry\".\"casos de prueba 2: poder y querer comer\""}],"level":"info","message":"ðŸ§ª Test runner executed on c:/Users/Pc/Desktop/Objetos/Repositorios/2024s2-tomyjerry-mile-nag","result":{"failed":1,"ok":0},"timeElapsed":365,"timestamp":"2024-08-27T00:22:54.829Z"}
{"failures":[{"error":["wollok.lang.MessageNotUnderstoodException: true does not understand <(arg 0)","  at tomyjerry.tom.quiereComerRaton(raton, distancia) [tomyjerry.wlk:28]\r","  at tomyjerrytest.\"tom y jerry\".\"casos de prueba 2: poder y querer comer\" [tomyjerrytest.wtest:30]"],"test":"tomyjerrytest.\"tom y jerry\".\"casos de prueba 2: poder y querer comer\""}],"level":"info","message":"ðŸ§ª Test runner executed on c:/Users/Pc/Desktop/Objetos/Repositorios/2024s2-tomyjerry-mile-nag","result":{"failed":1,"ok":0},"timeElapsed":352,"timestamp":"2024-08-27T00:23:04.261Z"}
{"failures":[],"level":"info","message":"ðŸ§ª Test runner executed on c:/Users/Pc/Desktop/Objetos/Repositorios/2024s2-tomyjerry-mile-nag","result":{"failed":0,"ok":1},"timeElapsed":356,"timestamp":"2024-08-27T00:23:17.756Z"}
{"level":"info","message":"onRequest - completionItem/resolve","timestamp":"2024-08-27T00:24:43.318Z"}
{"level":"info","message":"âŒ› Building environment","timeElapsed":119,"timestamp":"2024-08-27T00:24:43.822Z"}
{"level":"error","message":"âœ˜ Completions for node failed: Error: [Send]{e49589} at tomyjerrytest.wtest:35 exhausted all cases without a match [Send]{e49589} at tomyjerrytest.wtest:35 exhausted all cases without a match","stack":"Error: [Send]{e49589} at tomyjerrytest.wtest:35 exhausted all cases without a match\n    at c:\\Users\\Pc\\.vscode\\extensions\\uqbar.wollok-lsp-ide-0.3.3\\node_modules\\wollok-ts\\dist\\extensions.js:85:11\n    at completionsForNode (c:\\Users\\Pc\\.vscode\\extensions\\uqbar.wollok-lsp-ide-0.3.3\\server\\out\\functionalities\\autocomplete\\node-completion.js:10:44)\n    at c:\\Users\\Pc\\.vscode\\extensions\\uqbar.wollok-lsp-ide-0.3.3\\server\\out\\functionalities\\autocomplete\\autocomplete.js:26:154\n    at c:\\Users\\Pc\\.vscode\\extensions\\uqbar.wollok-lsp-ide-0.3.3\\server\\out\\server.js:198:20\n    at c:\\Users\\Pc\\.vscode\\extensions\\uqbar.wollok-lsp-ide-0.3.3\\server\\node_modules\\vscode-languageserver\\lib\\common\\server.js:593:20\n    at handleRequest (c:\\Users\\Pc\\.vscode\\extensions\\uqbar.wollok-lsp-ide-0.3.3\\server\\node_modules\\vscode-jsonrpc\\lib\\common\\connection.js:493:41)\n    at handleMessage (c:\\Users\\Pc\\.vscode\\extensions\\uqbar.wollok-lsp-ide-0.3.3\\server\\node_modules\\vscode-jsonrpc\\lib\\common\\connection.js:339:13)\n    at processMessageQueue (c:\\Users\\Pc\\.vscode\\extensions\\uqbar.wollok-lsp-ide-0.3.3\\server\\node_modules\\vscode-jsonrpc\\lib\\common\\connection.js:362:17)\n    at Immediate._onImmediate (c:\\Users\\Pc\\.vscode\\extensions\\uqbar.wollok-lsp-ide-0.3.3\\server\\node_modules\\vscode-jsonrpc\\lib\\common\\connection.js:334:13)\n    at process.processImmediate (node:internal/timers:478:21)","timestamp":"2024-08-27T00:24:44.298Z"}
{"level":"info","message":"onRequest - completionItem/resolve","timestamp":"2024-08-27T00:24:44.398Z"}
{"level":"info","message":"âŒ› Building environment","timeElapsed":101,"timestamp":"2024-08-27T00:24:46.438Z"}
{"level":"error","message":"âœ˜ Completions for node failed: Error: [Send]{fc08bf} at tomyjerrytest.wtest:35 exhausted all cases without a match [Send]{fc08bf} at tomyjerrytest.wtest:35 exhausted all cases without a match","stack":"Error: [Send]{fc08bf} at tomyjerrytest.wtest:35 exhausted all cases without a match\n    at c:\\Users\\Pc\\.vscode\\extensions\\uqbar.wollok-lsp-ide-0.3.3\\node_modules\\wollok-ts\\dist\\extensions.js:85:11\n    at completionsForNode (c:\\Users\\Pc\\.vscode\\extensions\\uqbar.wollok-lsp-ide-0.3.3\\server\\out\\functionalities\\autocomplete\\node-completion.js:10:44)\n    at c:\\Users\\Pc\\.vscode\\extensions\\uqbar.wollok-lsp-ide-0.3.3\\server\\out\\functionalities\\autocomplete\\autocomplete.js:26:154\n    at c:\\Users\\Pc\\.vscode\\extensions\\uqbar.wollok-lsp-ide-0.3.3\\server\\out\\server.js:198:20\n    at c:\\Users\\Pc\\.vscode\\extensions\\uqbar.wollok-lsp-ide-0.3.3\\server\\node_modules\\vscode-languageserver\\lib\\common\\server.js:593:20\n    at handleRequest (c:\\Users\\Pc\\.vscode\\extensions\\uqbar.wollok-lsp-ide-0.3.3\\server\\node_modules\\vscode-jsonrpc\\lib\\common\\connection.js:493:41)\n    at handleMessage (c:\\Users\\Pc\\.vscode\\extensions\\uqbar.wollok-lsp-ide-0.3.3\\server\\node_modules\\vscode-jsonrpc\\lib\\common\\connection.js:339:13)\n    at processMessageQueue (c:\\Users\\Pc\\.vscode\\extensions\\uqbar.wollok-lsp-ide-0.3.3\\server\\node_modules\\vscode-jsonrpc\\lib\\common\\connection.js:362:17)\n    at Immediate._onImmediate (c:\\Users\\Pc\\.vscode\\extensions\\uqbar.wollok-lsp-ide-0.3.3\\server\\node_modules\\vscode-jsonrpc\\lib\\common\\connection.js:334:13)\n    at process.processImmediate (node:internal/timers:478:21)","timestamp":"2024-08-27T00:24:46.467Z"}
{"level":"info","message":"onRequest - completionItem/resolve","timestamp":"2024-08-27T00:24:46.565Z"}
{"level":"info","message":"âŒ› Validating tomyjerrytest.wtest","timeElapsed":103,"timestamp":"2024-08-27T00:24:47.803Z"}
{"level":"error","message":"âœ˜ Completions for node failed: Error: [Send]{e5b858} at tomyjerrytest.wtest:35 exhausted all cases without a match [Send]{e5b858} at tomyjerrytest.wtest:35 exhausted all cases without a match","stack":"Error: [Send]{e5b858} at tomyjerrytest.wtest:35 exhausted all cases without a match\n    at c:\\Users\\Pc\\.vscode\\extensions\\uqbar.wollok-lsp-ide-0.3.3\\node_modules\\wollok-ts\\dist\\extensions.js:85:11\n    at completionsForNode (c:\\Users\\Pc\\.vscode\\extensions\\uqbar.wollok-lsp-ide-0.3.3\\server\\out\\functionalities\\autocomplete\\node-completion.js:10:44)\n    at c:\\Users\\Pc\\.vscode\\extensions\\uqbar.wollok-lsp-ide-0.3.3\\server\\out\\functionalities\\autocomplete\\autocomplete.js:26:154\n    at c:\\Users\\Pc\\.vscode\\extensions\\uqbar.wollok-lsp-ide-0.3.3\\server\\out\\server.js:198:20\n    at c:\\Users\\Pc\\.vscode\\extensions\\uqbar.wollok-lsp-ide-0.3.3\\server\\node_modules\\vscode-languageserver\\lib\\common\\server.js:593:20\n    at handleRequest (c:\\Users\\Pc\\.vscode\\extensions\\uqbar.wollok-lsp-ide-0.3.3\\server\\node_modules\\vscode-jsonrpc\\lib\\common\\connection.js:493:41)\n    at handleMessage (c:\\Users\\Pc\\.vscode\\extensions\\uqbar.wollok-lsp-ide-0.3.3\\server\\node_modules\\vscode-jsonrpc\\lib\\common\\connection.js:339:13)\n    at processMessageQueue (c:\\Users\\Pc\\.vscode\\extensions\\uqbar.wollok-lsp-ide-0.3.3\\server\\node_modules\\vscode-jsonrpc\\lib\\common\\connection.js:362:17)\n    at Immediate._onImmediate (c:\\Users\\Pc\\.vscode\\extensions\\uqbar.wollok-lsp-ide-0.3.3\\server\\node_modules\\vscode-jsonrpc\\lib\\common\\connection.js:334:13)\n    at process.processImmediate (node:internal/timers:478:21)","timestamp":"2024-08-27T00:24:48.871Z"}
{"level":"info","message":"onRequest - completionItem/resolve","timestamp":"2024-08-27T00:24:48.953Z"}
{"failures":[{"error":["wollok.lang.MessageNotUnderstoodException: true does not understand <(arg 0)","  at tomyjerry.tom.quiereComerRaton(raton, distancia) [tomyjerry.wlk:28]\r","  at tomyjerrytest.\"tom y jerry\".\"casos de prueba 2: poder y querer comer\" [tomyjerrytest.wtest:30]"],"test":"tomyjerrytest.\"tom y jerry\".\"casos de prueba 2: poder y querer comer\""}],"level":"info","message":"ðŸ§ª Test runner executed on c:/Users/Pc/Desktop/Objetos/Repositorios/2024s2-tomyjerry-mile-nag","result":{"failed":1,"ok":0},"timeElapsed":348,"timestamp":"2024-08-27T00:24:53.949Z"}
{"failures":[],"level":"info","message":"ðŸ§ª Test runner executed on c:/Users/Pc/Desktop/Objetos/Repositorios/2024s2-tomyjerry-mile-nag","result":{"failed":0,"ok":1},"timeElapsed":359,"timestamp":"2024-08-27T00:25:26.708Z"}
{"failures":[],"level":"info","message":"ðŸ§ª Test runner executed on c:/Users/Pc/Desktop/Objetos/Repositorios/2024s2-tomyjerry-mile-nag","result":{"failed":0,"ok":1},"timeElapsed":342,"timestamp":"2024-08-27T00:25:38.285Z"}
{"level":"info","message":"âŒ› Building environment","timeElapsed":113,"timestamp":"2024-08-27T00:25:41.442Z"}
{"failures":[{"error":["wollok.lang.MessageNotUnderstoodException: true does not understand <(arg 0)","  at tomyjerry.tom.quiereComerRaton(raton, distancia) [tomyjerry.wlk:28]\r","  at tomyjerrytest.\"tom y jerry\".\"casos de prueba 2: poder y querer comer\" [tomyjerrytest.wtest:30]"],"test":"tomyjerrytest.\"tom y jerry\".\"casos de prueba 2: poder y querer comer\""}],"level":"info","message":"ðŸ§ª Test runner executed on c:/Users/Pc/Desktop/Objetos/Repositorios/2024s2-tomyjerry-mile-nag","result":{"failed":1,"ok":0},"timeElapsed":433,"timestamp":"2024-08-27T00:25:56.742Z"}
{"level":"error","message":"âœ˜ Completions for node failed: Error: [Send]{804a32} at tomyjerry.wlk:29 exhausted all cases without a match [Send]{804a32} at tomyjerry.wlk:29 exhausted all cases without a match","stack":"Error: [Send]{804a32} at tomyjerry.wlk:29 exhausted all cases without a match\n    at c:\\Users\\Pc\\.vscode\\extensions\\uqbar.wollok-lsp-ide-0.3.3\\node_modules\\wollok-ts\\dist\\extensions.js:85:11\n    at completionsForNode (c:\\Users\\Pc\\.vscode\\extensions\\uqbar.wollok-lsp-ide-0.3.3\\server\\out\\functionalities\\autocomplete\\node-completion.js:10:44)\n    at c:\\Users\\Pc\\.vscode\\extensions\\uqbar.wollok-lsp-ide-0.3.3\\server\\out\\functionalities\\autocomplete\\autocomplete.js:26:154\n    at c:\\Users\\Pc\\.vscode\\extensions\\uqbar.wollok-lsp-ide-0.3.3\\server\\out\\server.js:198:20\n    at c:\\Users\\Pc\\.vscode\\extensions\\uqbar.wollok-lsp-ide-0.3.3\\server\\node_modules\\vscode-languageserver\\lib\\common\\server.js:593:20\n    at handleRequest (c:\\Users\\Pc\\.vscode\\extensions\\uqbar.wollok-lsp-ide-0.3.3\\server\\node_modules\\vscode-jsonrpc\\lib\\common\\connection.js:493:41)\n    at handleMessage (c:\\Users\\Pc\\.vscode\\extensions\\uqbar.wollok-lsp-ide-0.3.3\\server\\node_modules\\vscode-jsonrpc\\lib\\common\\connection.js:339:13)\n    at processMessageQueue (c:\\Users\\Pc\\.vscode\\extensions\\uqbar.wollok-lsp-ide-0.3.3\\server\\node_modules\\vscode-jsonrpc\\lib\\common\\connection.js:362:17)\n    at Immediate._onImmediate (c:\\Users\\Pc\\.vscode\\extensions\\uqbar.wollok-lsp-ide-0.3.3\\server\\node_modules\\vscode-jsonrpc\\lib\\common\\connection.js:334:13)\n    at process.processImmediate (node:internal/timers:478:21)","timestamp":"2024-08-27T00:27:43.669Z"}
{"level":"error","message":"âœ˜ Completions for node failed: Error: [Send]{b4f973} at tomyjerry.wlk:29 exhausted all cases without a match [Send]{b4f973} at tomyjerry.wlk:29 exhausted all cases without a match","stack":"Error: [Send]{b4f973} at tomyjerry.wlk:29 exhausted all cases without a match\n    at c:\\Users\\Pc\\.vscode\\extensions\\uqbar.wollok-lsp-ide-0.3.3\\node_modules\\wollok-ts\\dist\\extensions.js:85:11\n    at completionsForNode (c:\\Users\\Pc\\.vscode\\extensions\\uqbar.wollok-lsp-ide-0.3.3\\server\\out\\functionalities\\autocomplete\\node-completion.js:10:44)\n    at completeForParent (c:\\Users\\Pc\\.vscode\\extensions\\uqbar.wollok-lsp-ide-0.3.3\\server\\out\\functionalities\\autocomplete\\node-completion.js:56:43)\n    at completionsForNode (c:\\Users\\Pc\\.vscode\\extensions\\uqbar.wollok-lsp-ide-0.3.3\\server\\out\\functionalities\\autocomplete\\node-completion.js:14:46)\n    at c:\\Users\\Pc\\.vscode\\extensions\\uqbar.wollok-lsp-ide-0.3.3\\server\\out\\functionalities\\autocomplete\\autocomplete.js:26:154\n    at c:\\Users\\Pc\\.vscode\\extensions\\uqbar.wollok-lsp-ide-0.3.3\\server\\out\\server.js:198:20\n    at c:\\Users\\Pc\\.vscode\\extensions\\uqbar.wollok-lsp-ide-0.3.3\\server\\node_modules\\vscode-languageserver\\lib\\common\\server.js:593:20\n    at handleRequest (c:\\Users\\Pc\\.vscode\\extensions\\uqbar.wollok-lsp-ide-0.3.3\\server\\node_modules\\vscode-jsonrpc\\lib\\common\\connection.js:493:41)\n    at handleMessage (c:\\Users\\Pc\\.vscode\\extensions\\uqbar.wollok-lsp-ide-0.3.3\\server\\node_modules\\vscode-jsonrpc\\lib\\common\\connection.js:339:13)\n    at processMessageQueue (c:\\Users\\Pc\\.vscode\\extensions\\uqbar.wollok-lsp-ide-0.3.3\\server\\node_modules\\vscode-jsonrpc\\lib\\common\\connection.js:362:17)","timestamp":"2024-08-27T00:27:43.669Z"}
{"level":"error","message":"âœ˜ Completions for node failed: Error: [Send]{640fde} at tomyjerry.wlk:29 exhausted all cases without a match [Send]{640fde} at tomyjerry.wlk:29 exhausted all cases without a match","stack":"Error: [Send]{640fde} at tomyjerry.wlk:29 exhausted all cases without a match\n    at c:\\Users\\Pc\\.vscode\\extensions\\uqbar.wollok-lsp-ide-0.3.3\\node_modules\\wollok-ts\\dist\\extensions.js:85:11\n    at completionsForNode (c:\\Users\\Pc\\.vscode\\extensions\\uqbar.wollok-lsp-ide-0.3.3\\server\\out\\functionalities\\autocomplete\\node-completion.js:10:44)\n    at completeForParent (c:\\Users\\Pc\\.vscode\\extensions\\uqbar.wollok-lsp-ide-0.3.3\\server\\out\\functionalities\\autocomplete\\node-completion.js:56:43)\n    at completionsForNode (c:\\Users\\Pc\\.vscode\\extensions\\uqbar.wollok-lsp-ide-0.3.3\\server\\out\\functionalities\\autocomplete\\node-completion.js:14:46)\n    at completeForParent (c:\\Users\\Pc\\.vscode\\extensions\\uqbar.wollok-lsp-ide-0.3.3\\server\\out\\functionalities\\autocomplete\\node-completion.js:56:43)\n    at completionsForNode (c:\\Users\\Pc\\.vscode\\extensions\\uqbar.wollok-lsp-ide-0.3.3\\server\\out\\functionalities\\autocomplete\\node-completion.js:14:46)\n    at c:\\Users\\Pc\\.vscode\\extensions\\uqbar.wollok-lsp-ide-0.3.3\\server\\out\\functionalities\\autocomplete\\autocomplete.js:26:154\n    at c:\\Users\\Pc\\.vscode\\extensions\\uqbar.wollok-lsp-ide-0.3.3\\server\\out\\server.js:198:20\n    at c:\\Users\\Pc\\.vscode\\extensions\\uqbar.wollok-lsp-ide-0.3.3\\server\\node_modules\\vscode-languageserver\\lib\\common\\server.js:593:20\n    at handleRequest (c:\\Users\\Pc\\.vscode\\extensions\\uqbar.wollok-lsp-ide-0.3.3\\server\\node_modules\\vscode-jsonrpc\\lib\\common\\connection.js:493:41)","timestamp":"2024-08-27T00:27:43.669Z"}
{"level":"error","message":"âœ˜ Completions for node failed: Error: [Return]{bead10} at tomyjerry.wlk:29 exhausted all cases without a match [Return]{bead10} at tomyjerry.wlk:29 exhausted all cases without a match","stack":"Error: [Return]{bead10} at tomyjerry.wlk:29 exhausted all cases without a match\n    at c:\\Users\\Pc\\.vscode\\extensions\\uqbar.wollok-lsp-ide-0.3.3\\node_modules\\wollok-ts\\dist\\extensions.js:85:11\n    at completionsForNode (c:\\Users\\Pc\\.vscode\\extensions\\uqbar.wollok-lsp-ide-0.3.3\\server\\out\\functionalities\\autocomplete\\node-completion.js:10:44)\n    at completeForParent (c:\\Users\\Pc\\.vscode\\extensions\\uqbar.wollok-lsp-ide-0.3.3\\server\\out\\functionalities\\autocomplete\\node-completion.js:56:43)\n    at completionsForNode (c:\\Users\\Pc\\.vscode\\extensions\\uqbar.wollok-lsp-ide-0.3.3\\server\\out\\functionalities\\autocomplete\\node-completion.js:14:46)\n    at completeForParent (c:\\Users\\Pc\\.vscode\\extensions\\uqbar.wollok-lsp-ide-0.3.3\\server\\out\\functionalities\\autocomplete\\node-completion.js:56:43)\n    at completionsForNode (c:\\Users\\Pc\\.vscode\\extensions\\uqbar.wollok-lsp-ide-0.3.3\\server\\out\\functionalities\\autocomplete\\node-completion.js:14:46)\n    at completeForParent (c:\\Users\\Pc\\.vscode\\extensions\\uqbar.wollok-lsp-ide-0.3.3\\server\\out\\functionalities\\autocomplete\\node-completion.js:56:43)\n    at completionsForNode (c:\\Users\\Pc\\.vscode\\extensions\\uqbar.wollok-lsp-ide-0.3.3\\server\\out\\functionalities\\autocomplete\\node-completion.js:14:46)\n    at c:\\Users\\Pc\\.vscode\\extensions\\uqbar.wollok-lsp-ide-0.3.3\\server\\out\\functionalities\\autocomplete\\autocomplete.js:26:154\n    at c:\\Users\\Pc\\.vscode\\extensions\\uqbar.wollok-lsp-ide-0.3.3\\server\\out\\server.js:198:20","timestamp":"2024-08-27T00:27:43.670Z"}
{"level":"info","message":"âŒ› Validating tomyjerry.wlk","timeElapsed":104,"timestamp":"2024-08-27T00:27:43.776Z"}
{"level":"info","message":"onRequest - completionItem/resolve","timestamp":"2024-08-27T00:27:43.858Z"}
{"level":"info","message":"onRequest - completionItem/resolve","timestamp":"2024-08-27T00:27:43.940Z"}
{"level":"info","message":"onRequest - completionItem/resolve","timestamp":"2024-08-27T00:27:44.094Z"}
{"level":"info","message":"âŒ› Building environment","timeElapsed":107,"timestamp":"2024-08-27T00:27:44.296Z"}
{"level":"info","message":"onRequest - completionItem/resolve","timestamp":"2024-08-27T00:27:44.296Z"}
{"level":"info","message":"âŒ› Validating tomyjerry.wlk","timeElapsed":112,"timestamp":"2024-08-27T00:27:44.409Z"}
{"level":"info","message":"onRequest - completionItem/resolve","timestamp":"2024-08-27T00:27:44.486Z"}
{"level":"info","message":"âŒ› Validating tomyjerry.wlk","timeElapsed":109,"timestamp":"2024-08-27T00:27:44.596Z"}
{"level":"info","message":"onRequest - completionItem/resolve","timestamp":"2024-08-27T00:27:44.696Z"}
{"level":"info","message":"âŒ› Validating tomyjerry.wlk","timeElapsed":116,"timestamp":"2024-08-27T00:27:44.812Z"}
{"level":"error","message":"âœ˜ Completions for node failed: Error: [Send]{f06abb} at tomyjerry.wlk:29 exhausted all cases without a match [Send]{f06abb} at tomyjerry.wlk:29 exhausted all cases without a match","stack":"Error: [Send]{f06abb} at tomyjerry.wlk:29 exhausted all cases without a match\n    at c:\\Users\\Pc\\.vscode\\extensions\\uqbar.wollok-lsp-ide-0.3.3\\node_modules\\wollok-ts\\dist\\extensions.js:85:11\n    at completionsForNode (c:\\Users\\Pc\\.vscode\\extensions\\uqbar.wollok-lsp-ide-0.3.3\\server\\out\\functionalities\\autocomplete\\node-completion.js:10:44)\n    at c:\\Users\\Pc\\.vscode\\extensions\\uqbar.wollok-lsp-ide-0.3.3\\server\\out\\functionalities\\autocomplete\\autocomplete.js:26:154\n    at c:\\Users\\Pc\\.vscode\\extensions\\uqbar.wollok-lsp-ide-0.3.3\\server\\out\\server.js:198:20\n    at c:\\Users\\Pc\\.vscode\\extensions\\uqbar.wollok-lsp-ide-0.3.3\\server\\node_modules\\vscode-languageserver\\lib\\common\\server.js:593:20\n    at handleRequest (c:\\Users\\Pc\\.vscode\\extensions\\uqbar.wollok-lsp-ide-0.3.3\\server\\node_modules\\vscode-jsonrpc\\lib\\common\\connection.js:493:41)\n    at handleMessage (c:\\Users\\Pc\\.vscode\\extensions\\uqbar.wollok-lsp-ide-0.3.3\\server\\node_modules\\vscode-jsonrpc\\lib\\common\\connection.js:339:13)\n    at processMessageQueue (c:\\Users\\Pc\\.vscode\\extensions\\uqbar.wollok-lsp-ide-0.3.3\\server\\node_modules\\vscode-jsonrpc\\lib\\common\\connection.js:362:17)\n    at Immediate._onImmediate (c:\\Users\\Pc\\.vscode\\extensions\\uqbar.wollok-lsp-ide-0.3.3\\server\\node_modules\\vscode-jsonrpc\\lib\\common\\connection.js:334:13)\n    at process.processImmediate (node:internal/timers:478:21)","timestamp":"2024-08-27T00:27:45.031Z"}
{"level":"error","message":"âœ˜ Completions for node failed: Error: [Send]{dc2cf8} at tomyjerry.wlk:29 exhausted all cases without a match [Send]{dc2cf8} at tomyjerry.wlk:29 exhausted all cases without a match","stack":"Error: [Send]{dc2cf8} at tomyjerry.wlk:29 exhausted all cases without a match\n    at c:\\Users\\Pc\\.vscode\\extensions\\uqbar.wollok-lsp-ide-0.3.3\\node_modules\\wollok-ts\\dist\\extensions.js:85:11\n    at completionsForNode (c:\\Users\\Pc\\.vscode\\extensions\\uqbar.wollok-lsp-ide-0.3.3\\server\\out\\functionalities\\autocomplete\\node-completion.js:10:44)\n    at completeForParent (c:\\Users\\Pc\\.vscode\\extensions\\uqbar.wollok-lsp-ide-0.3.3\\server\\out\\functionalities\\autocomplete\\node-completion.js:56:43)\n    at completionsForNode (c:\\Users\\Pc\\.vscode\\extensions\\uqbar.wollok-lsp-ide-0.3.3\\server\\out\\functionalities\\autocomplete\\node-completion.js:14:46)\n    at c:\\Users\\Pc\\.vscode\\extensions\\uqbar.wollok-lsp-ide-0.3.3\\server\\out\\functionalities\\autocomplete\\autocomplete.js:26:154\n    at c:\\Users\\Pc\\.vscode\\extensions\\uqbar.wollok-lsp-ide-0.3.3\\server\\out\\server.js:198:20\n    at c:\\Users\\Pc\\.vscode\\extensions\\uqbar.wollok-lsp-ide-0.3.3\\server\\node_modules\\vscode-languageserver\\lib\\common\\server.js:593:20\n    at handleRequest (c:\\Users\\Pc\\.vscode\\extensions\\uqbar.wollok-lsp-ide-0.3.3\\server\\node_modules\\vscode-jsonrpc\\lib\\common\\connection.js:493:41)\n    at handleMessage (c:\\Users\\Pc\\.vscode\\extensions\\uqbar.wollok-lsp-ide-0.3.3\\server\\node_modules\\vscode-jsonrpc\\lib\\common\\connection.js:339:13)\n    at processMessageQueue (c:\\Users\\Pc\\.vscode\\extensions\\uqbar.wollok-lsp-ide-0.3.3\\server\\node_modules\\vscode-jsonrpc\\lib\\common\\connection.js:362:17)","timestamp":"2024-08-27T00:27:45.031Z"}
{"level":"error","message":"âœ˜ Completions for node failed: Error: [Send]{662c69} at tomyjerry.wlk:29 exhausted all cases without a match [Send]{662c69} at tomyjerry.wlk:29 exhausted all cases without a match","stack":"Error: [Send]{662c69} at tomyjerry.wlk:29 exhausted all cases without a match\n    at c:\\Users\\Pc\\.vscode\\extensions\\uqbar.wollok-lsp-ide-0.3.3\\node_modules\\wollok-ts\\dist\\extensions.js:85:11\n    at completionsForNode (c:\\Users\\Pc\\.vscode\\extensions\\uqbar.wollok-lsp-ide-0.3.3\\server\\out\\functionalities\\autocomplete\\node-completion.js:10:44)\n    at completeForParent (c:\\Users\\Pc\\.vscode\\extensions\\uqbar.wollok-lsp-ide-0.3.3\\server\\out\\functionalities\\autocomplete\\node-completion.js:56:43)\n    at completionsForNode (c:\\Users\\Pc\\.vscode\\extensions\\uqbar.wollok-lsp-ide-0.3.3\\server\\out\\functionalities\\autocomplete\\node-completion.js:14:46)\n    at completeForParent (c:\\Users\\Pc\\.vscode\\extensions\\uqbar.wollok-lsp-ide-0.3.3\\server\\out\\functionalities\\autocomplete\\node-completion.js:56:43)\n    at completionsForNode (c:\\Users\\Pc\\.vscode\\extensions\\uqbar.wollok-lsp-ide-0.3.3\\server\\out\\functionalities\\autocomplete\\node-completion.js:14:46)\n    at c:\\Users\\Pc\\.vscode\\extensions\\uqbar.wollok-lsp-ide-0.3.3\\server\\out\\functionalities\\autocomplete\\autocomplete.js:26:154\n    at c:\\Users\\Pc\\.vscode\\extensions\\uqbar.wollok-lsp-ide-0.3.3\\server\\out\\server.js:198:20\n    at c:\\Users\\Pc\\.vscode\\extensions\\uqbar.wollok-lsp-ide-0.3.3\\server\\node_modules\\vscode-languageserver\\lib\\common\\server.js:593:20\n    at handleRequest (c:\\Users\\Pc\\.vscode\\extensions\\uqbar.wollok-lsp-ide-0.3.3\\server\\node_modules\\vscode-jsonrpc\\lib\\common\\connection.js:493:41)","timestamp":"2024-08-27T00:27:45.031Z"}
{"level":"error","message":"âœ˜ Completions for node failed: Error: [Return]{4b8cb7} at tomyjerry.wlk:29 exhausted all cases without a match [Return]{4b8cb7} at tomyjerry.wlk:29 exhausted all cases without a match","stack":"Error: [Return]{4b8cb7} at tomyjerry.wlk:29 exhausted all cases without a match\n    at c:\\Users\\Pc\\.vscode\\extensions\\uqbar.wollok-lsp-ide-0.3.3\\node_modules\\wollok-ts\\dist\\extensions.js:85:11\n    at completionsForNode (c:\\Users\\Pc\\.vscode\\extensions\\uqbar.wollok-lsp-ide-0.3.3\\server\\out\\functionalities\\autocomplete\\node-completion.js:10:44)\n    at completeForParent (c:\\Users\\Pc\\.vscode\\extensions\\uqbar.wollok-lsp-ide-0.3.3\\server\\out\\functionalities\\autocomplete\\node-completion.js:56:43)\n    at completionsForNode (c:\\Users\\Pc\\.vscode\\extensions\\uqbar.wollok-lsp-ide-0.3.3\\server\\out\\functionalities\\autocomplete\\node-completion.js:14:46)\n    at completeForParent (c:\\Users\\Pc\\.vscode\\extensions\\uqbar.wollok-lsp-ide-0.3.3\\server\\out\\functionalities\\autocomplete\\node-completion.js:56:43)\n    at completionsForNode (c:\\Users\\Pc\\.vscode\\extensions\\uqbar.wollok-lsp-ide-0.3.3\\server\\out\\functionalities\\autocomplete\\node-completion.js:14:46)\n    at completeForParent (c:\\Users\\Pc\\.vscode\\extensions\\uqbar.wollok-lsp-ide-0.3.3\\server\\out\\functionalities\\autocomplete\\node-completion.js:56:43)\n    at completionsForNode (c:\\Users\\Pc\\.vscode\\extensions\\uqbar.wollok-lsp-ide-0.3.3\\server\\out\\functionalities\\autocomplete\\node-completion.js:14:46)\n    at c:\\Users\\Pc\\.vscode\\extensions\\uqbar.wollok-lsp-ide-0.3.3\\server\\out\\functionalities\\autocomplete\\autocomplete.js:26:154\n    at c:\\Users\\Pc\\.vscode\\extensions\\uqbar.wollok-lsp-ide-0.3.3\\server\\out\\server.js:198:20","timestamp":"2024-08-27T00:27:45.031Z"}
{"level":"error","message":"âœ˜ Completions for node failed: Error: [Send]{315e8a} at tomyjerry.wlk:29 exhausted all cases without a match [Send]{315e8a} at tomyjerry.wlk:29 exhausted all cases without a match","stack":"Error: [Send]{315e8a} at tomyjerry.wlk:29 exhausted all cases without a match\n    at c:\\Users\\Pc\\.vscode\\extensions\\uqbar.wollok-lsp-ide-0.3.3\\node_modules\\wollok-ts\\dist\\extensions.js:85:11\n    at completionsForNode (c:\\Users\\Pc\\.vscode\\extensions\\uqbar.wollok-lsp-ide-0.3.3\\server\\out\\functionalities\\autocomplete\\node-completion.js:10:44)\n    at c:\\Users\\Pc\\.vscode\\extensions\\uqbar.wollok-lsp-ide-0.3.3\\server\\out\\functionalities\\autocomplete\\autocomplete.js:26:154\n    at c:\\Users\\Pc\\.vscode\\extensions\\uqbar.wollok-lsp-ide-0.3.3\\server\\out\\server.js:198:20\n    at c:\\Users\\Pc\\.vscode\\extensions\\uqbar.wollok-lsp-ide-0.3.3\\server\\node_modules\\vscode-languageserver\\lib\\common\\server.js:593:20\n    at handleRequest (c:\\Users\\Pc\\.vscode\\extensions\\uqbar.wollok-lsp-ide-0.3.3\\server\\node_modules\\vscode-jsonrpc\\lib\\common\\connection.js:493:41)\n    at handleMessage (c:\\Users\\Pc\\.vscode\\extensions\\uqbar.wollok-lsp-ide-0.3.3\\server\\node_modules\\vscode-jsonrpc\\lib\\common\\connection.js:339:13)\n    at processMessageQueue (c:\\Users\\Pc\\.vscode\\extensions\\uqbar.wollok-lsp-ide-0.3.3\\server\\node_modules\\vscode-jsonrpc\\lib\\common\\connection.js:362:17)\n    at Immediate._onImmediate (c:\\Users\\Pc\\.vscode\\extensions\\uqbar.wollok-lsp-ide-0.3.3\\server\\node_modules\\vscode-jsonrpc\\lib\\common\\connection.js:334:13)\n    at process.processImmediate (node:internal/timers:478:21)","timestamp":"2024-08-27T00:27:45.457Z"}
{"level":"error","message":"âœ˜ Completions for node failed: Error: [Send]{78e58a} at tomyjerry.wlk:29 exhausted all cases without a match [Send]{78e58a} at tomyjerry.wlk:29 exhausted all cases without a match","stack":"Error: [Send]{78e58a} at tomyjerry.wlk:29 exhausted all cases without a match\n    at c:\\Users\\Pc\\.vscode\\extensions\\uqbar.wollok-lsp-ide-0.3.3\\node_modules\\wollok-ts\\dist\\extensions.js:85:11\n    at completionsForNode (c:\\Users\\Pc\\.vscode\\extensions\\uqbar.wollok-lsp-ide-0.3.3\\server\\out\\functionalities\\autocomplete\\node-completion.js:10:44)\n    at completeForParent (c:\\Users\\Pc\\.vscode\\extensions\\uqbar.wollok-lsp-ide-0.3.3\\server\\out\\functionalities\\autocomplete\\node-completion.js:56:43)\n    at completionsForNode (c:\\Users\\Pc\\.vscode\\extensions\\uqbar.wollok-lsp-ide-0.3.3\\server\\out\\functionalities\\autocomplete\\node-completion.js:14:46)\n    at c:\\Users\\Pc\\.vscode\\extensions\\uqbar.wollok-lsp-ide-0.3.3\\server\\out\\functionalities\\autocomplete\\autocomplete.js:26:154\n    at c:\\Users\\Pc\\.vscode\\extensions\\uqbar.wollok-lsp-ide-0.3.3\\server\\out\\server.js:198:20\n    at c:\\Users\\Pc\\.vscode\\extensions\\uqbar.wollok-lsp-ide-0.3.3\\server\\node_modules\\vscode-languageserver\\lib\\common\\server.js:593:20\n    at handleRequest (c:\\Users\\Pc\\.vscode\\extensions\\uqbar.wollok-lsp-ide-0.3.3\\server\\node_modules\\vscode-jsonrpc\\lib\\common\\connection.js:493:41)\n    at handleMessage (c:\\Users\\Pc\\.vscode\\extensions\\uqbar.wollok-lsp-ide-0.3.3\\server\\node_modules\\vscode-jsonrpc\\lib\\common\\connection.js:339:13)\n    at processMessageQueue (c:\\Users\\Pc\\.vscode\\extensions\\uqbar.wollok-lsp-ide-0.3.3\\server\\node_modules\\vscode-jsonrpc\\lib\\common\\connection.js:362:17)","timestamp":"2024-08-27T00:27:45.458Z"}
{"level":"error","message":"âœ˜ Completions for node failed: Error: [Send]{177f56} at tomyjerry.wlk:29 exhausted all cases without a match [Send]{177f56} at tomyjerry.wlk:29 exhausted all cases without a match","stack":"Error: [Send]{177f56} at tomyjerry.wlk:29 exhausted all cases without a match\n    at c:\\Users\\Pc\\.vscode\\extensions\\uqbar.wollok-lsp-ide-0.3.3\\node_modules\\wollok-ts\\dist\\extensions.js:85:11\n    at completionsForNode (c:\\Users\\Pc\\.vscode\\extensions\\uqbar.wollok-lsp-ide-0.3.3\\server\\out\\functionalities\\autocomplete\\node-completion.js:10:44)\n    at completeForParent (c:\\Users\\Pc\\.vscode\\extensions\\uqbar.wollok-lsp-ide-0.3.3\\server\\out\\functionalities\\autocomplete\\node-completion.js:56:43)\n    at completionsForNode (c:\\Users\\Pc\\.vscode\\extensions\\uqbar.wollok-lsp-ide-0.3.3\\server\\out\\functionalities\\autocomplete\\node-completion.js:14:46)\n    at completeForParent (c:\\Users\\Pc\\.vscode\\extensions\\uqbar.wollok-lsp-ide-0.3.3\\server\\out\\functionalities\\autocomplete\\node-completion.js:56:43)\n    at completionsForNode (c:\\Users\\Pc\\.vscode\\extensions\\uqbar.wollok-lsp-ide-0.3.3\\server\\out\\functionalities\\autocomplete\\node-completion.js:14:46)\n    at c:\\Users\\Pc\\.vscode\\extensions\\uqbar.wollok-lsp-ide-0.3.3\\server\\out\\functionalities\\autocomplete\\autocomplete.js:26:154\n    at c:\\Users\\Pc\\.vscode\\extensions\\uqbar.wollok-lsp-ide-0.3.3\\server\\out\\server.js:198:20\n    at c:\\Users\\Pc\\.vscode\\extensions\\uqbar.wollok-lsp-ide-0.3.3\\server\\node_modules\\vscode-languageserver\\lib\\common\\server.js:593:20\n    at handleRequest (c:\\Users\\Pc\\.vscode\\extensions\\uqbar.wollok-lsp-ide-0.3.3\\server\\node_modules\\vscode-jsonrpc\\lib\\common\\connection.js:493:41)","timestamp":"2024-08-27T00:27:45.458Z"}
{"level":"error","message":"âœ˜ Completions for node failed: Error: [Return]{6c01e2} at tomyjerry.wlk:29 exhausted all cases without a match [Return]{6c01e2} at tomyjerry.wlk:29 exhausted all cases without a match","stack":"Error: [Return]{6c01e2} at tomyjerry.wlk:29 exhausted all cases without a match\n    at c:\\Users\\Pc\\.vscode\\extensions\\uqbar.wollok-lsp-ide-0.3.3\\node_modules\\wollok-ts\\dist\\extensions.js:85:11\n    at completionsForNode (c:\\Users\\Pc\\.vscode\\extensions\\uqbar.wollok-lsp-ide-0.3.3\\server\\out\\functionalities\\autocomplete\\node-completion.js:10:44)\n    at completeForParent (c:\\Users\\Pc\\.vscode\\extensions\\uqbar.wollok-lsp-ide-0.3.3\\server\\out\\functionalities\\autocomplete\\node-completion.js:56:43)\n    at completionsForNode (c:\\Users\\Pc\\.vscode\\extensions\\uqbar.wollok-lsp-ide-0.3.3\\server\\out\\functionalities\\autocomplete\\node-completion.js:14:46)\n    at completeForParent (c:\\Users\\Pc\\.vscode\\extensions\\uqbar.wollok-lsp-ide-0.3.3\\server\\out\\functionalities\\autocomplete\\node-completion.js:56:43)\n    at completionsForNode (c:\\Users\\Pc\\.vscode\\extensions\\uqbar.wollok-lsp-ide-0.3.3\\server\\out\\functionalities\\autocomplete\\node-completion.js:14:46)\n    at completeForParent (c:\\Users\\Pc\\.vscode\\extensions\\uqbar.wollok-lsp-ide-0.3.3\\server\\out\\functionalities\\autocomplete\\node-completion.js:56:43)\n    at completionsForNode (c:\\Users\\Pc\\.vscode\\extensions\\uqbar.wollok-lsp-ide-0.3.3\\server\\out\\functionalities\\autocomplete\\node-completion.js:14:46)\n    at c:\\Users\\Pc\\.vscode\\extensions\\uqbar.wollok-lsp-ide-0.3.3\\server\\out\\functionalities\\autocomplete\\autocomplete.js:26:154\n    at c:\\Users\\Pc\\.vscode\\extensions\\uqbar.wollok-lsp-ide-0.3.3\\server\\out\\server.js:198:20","timestamp":"2024-08-27T00:27:45.458Z"}
{"level":"error","message":"âœ˜ Completions for node failed: Error: [Send]{f7e6c1} at tomyjerry.wlk:29 exhausted all cases without a match [Send]{f7e6c1} at tomyjerry.wlk:29 exhausted all cases without a match","stack":"Error: [Send]{f7e6c1} at tomyjerry.wlk:29 exhausted all cases without a match\n    at c:\\Users\\Pc\\.vscode\\extensions\\uqbar.wollok-lsp-ide-0.3.3\\node_modules\\wollok-ts\\dist\\extensions.js:85:11\n    at completionsForNode (c:\\Users\\Pc\\.vscode\\extensions\\uqbar.wollok-lsp-ide-0.3.3\\server\\out\\functionalities\\autocomplete\\node-completion.js:10:44)\n    at c:\\Users\\Pc\\.vscode\\extensions\\uqbar.wollok-lsp-ide-0.3.3\\server\\out\\functionalities\\autocomplete\\autocomplete.js:26:154\n    at c:\\Users\\Pc\\.vscode\\extensions\\uqbar.wollok-lsp-ide-0.3.3\\server\\out\\server.js:198:20\n    at c:\\Users\\Pc\\.vscode\\extensions\\uqbar.wollok-lsp-ide-0.3.3\\server\\node_modules\\vscode-languageserver\\lib\\common\\server.js:593:20\n    at handleRequest (c:\\Users\\Pc\\.vscode\\extensions\\uqbar.wollok-lsp-ide-0.3.3\\server\\node_modules\\vscode-jsonrpc\\lib\\common\\connection.js:493:41)\n    at handleMessage (c:\\Users\\Pc\\.vscode\\extensions\\uqbar.wollok-lsp-ide-0.3.3\\server\\node_modules\\vscode-jsonrpc\\lib\\common\\connection.js:339:13)\n    at processMessageQueue (c:\\Users\\Pc\\.vscode\\extensions\\uqbar.wollok-lsp-ide-0.3.3\\server\\node_modules\\vscode-jsonrpc\\lib\\common\\connection.js:362:17)\n    at Immediate._onImmediate (c:\\Users\\Pc\\.vscode\\extensions\\uqbar.wollok-lsp-ide-0.3.3\\server\\node_modules\\vscode-jsonrpc\\lib\\common\\connection.js:334:13)\n    at process.processImmediate (node:internal/timers:478:21)","timestamp":"2024-08-27T00:27:45.627Z"}
{"level":"error","message":"âœ˜ Completions for node failed: Error: [Send]{b526c9} at tomyjerry.wlk:29 exhausted all cases without a match [Send]{b526c9} at tomyjerry.wlk:29 exhausted all cases without a match","stack":"Error: [Send]{b526c9} at tomyjerry.wlk:29 exhausted all cases without a match\n    at c:\\Users\\Pc\\.vscode\\extensions\\uqbar.wollok-lsp-ide-0.3.3\\node_modules\\wollok-ts\\dist\\extensions.js:85:11\n    at completionsForNode (c:\\Users\\Pc\\.vscode\\extensions\\uqbar.wollok-lsp-ide-0.3.3\\server\\out\\functionalities\\autocomplete\\node-completion.js:10:44)\n    at completeForParent (c:\\Users\\Pc\\.vscode\\extensions\\uqbar.wollok-lsp-ide-0.3.3\\server\\out\\functionalities\\autocomplete\\node-completion.js:56:43)\n    at completionsForNode (c:\\Users\\Pc\\.vscode\\extensions\\uqbar.wollok-lsp-ide-0.3.3\\server\\out\\functionalities\\autocomplete\\node-completion.js:14:46)\n    at c:\\Users\\Pc\\.vscode\\extensions\\uqbar.wollok-lsp-ide-0.3.3\\server\\out\\functionalities\\autocomplete\\autocomplete.js:26:154\n    at c:\\Users\\Pc\\.vscode\\extensions\\uqbar.wollok-lsp-ide-0.3.3\\server\\out\\server.js:198:20\n    at c:\\Users\\Pc\\.vscode\\extensions\\uqbar.wollok-lsp-ide-0.3.3\\server\\node_modules\\vscode-languageserver\\lib\\common\\server.js:593:20\n    at handleRequest (c:\\Users\\Pc\\.vscode\\extensions\\uqbar.wollok-lsp-ide-0.3.3\\server\\node_modules\\vscode-jsonrpc\\lib\\common\\connection.js:493:41)\n    at handleMessage (c:\\Users\\Pc\\.vscode\\extensions\\uqbar.wollok-lsp-ide-0.3.3\\server\\node_modules\\vscode-jsonrpc\\lib\\common\\connection.js:339:13)\n    at processMessageQueue (c:\\Users\\Pc\\.vscode\\extensions\\uqbar.wollok-lsp-ide-0.3.3\\server\\node_modules\\vscode-jsonrpc\\lib\\common\\connection.js:362:17)","timestamp":"2024-08-27T00:27:45.627Z"}
{"level":"error","message":"âœ˜ Completions for node failed: Error: [Send]{779ac2} at tomyjerry.wlk:29 exhausted all cases without a match [Send]{779ac2} at tomyjerry.wlk:29 exhausted all cases without a match","stack":"Error: [Send]{779ac2} at tomyjerry.wlk:29 exhausted all cases without a match\n    at c:\\Users\\Pc\\.vscode\\extensions\\uqbar.wollok-lsp-ide-0.3.3\\node_modules\\wollok-ts\\dist\\extensions.js:85:11\n    at completionsForNode (c:\\Users\\Pc\\.vscode\\extensions\\uqbar.wollok-lsp-ide-0.3.3\\server\\out\\functionalities\\autocomplete\\node-completion.js:10:44)\n    at completeForParent (c:\\Users\\Pc\\.vscode\\extensions\\uqbar.wollok-lsp-ide-0.3.3\\server\\out\\functionalities\\autocomplete\\node-completion.js:56:43)\n    at completionsForNode (c:\\Users\\Pc\\.vscode\\extensions\\uqbar.wollok-lsp-ide-0.3.3\\server\\out\\functionalities\\autocomplete\\node-completion.js:14:46)\n    at completeForParent (c:\\Users\\Pc\\.vscode\\extensions\\uqbar.wollok-lsp-ide-0.3.3\\server\\out\\functionalities\\autocomplete\\node-completion.js:56:43)\n    at completionsForNode (c:\\Users\\Pc\\.vscode\\extensions\\uqbar.wollok-lsp-ide-0.3.3\\server\\out\\functionalities\\autocomplete\\node-completion.js:14:46)\n    at c:\\Users\\Pc\\.vscode\\extensions\\uqbar.wollok-lsp-ide-0.3.3\\server\\out\\functionalities\\autocomplete\\autocomplete.js:26:154\n    at c:\\Users\\Pc\\.vscode\\extensions\\uqbar.wollok-lsp-ide-0.3.3\\server\\out\\server.js:198:20\n    at c:\\Users\\Pc\\.vscode\\extensions\\uqbar.wollok-lsp-ide-0.3.3\\server\\node_modules\\vscode-languageserver\\lib\\common\\server.js:593:20\n    at handleRequest (c:\\Users\\Pc\\.vscode\\extensions\\uqbar.wollok-lsp-ide-0.3.3\\server\\node_modules\\vscode-jsonrpc\\lib\\common\\connection.js:493:41)","timestamp":"2024-08-27T00:27:45.628Z"}
{"level":"error","message":"âœ˜ Completions for node failed: Error: [Return]{53b378} at tomyjerry.wlk:29 exhausted all cases without a match [Return]{53b378} at tomyjerry.wlk:29 exhausted all cases without a match","stack":"Error: [Return]{53b378} at tomyjerry.wlk:29 exhausted all cases without a match\n    at c:\\Users\\Pc\\.vscode\\extensions\\uqbar.wollok-lsp-ide-0.3.3\\node_modules\\wollok-ts\\dist\\extensions.js:85:11\n    at completionsForNode (c:\\Users\\Pc\\.vscode\\extensions\\uqbar.wollok-lsp-ide-0.3.3\\server\\out\\functionalities\\autocomplete\\node-completion.js:10:44)\n    at completeForParent (c:\\Users\\Pc\\.vscode\\extensions\\uqbar.wollok-lsp-ide-0.3.3\\server\\out\\functionalities\\autocomplete\\node-completion.js:56:43)\n    at completionsForNode (c:\\Users\\Pc\\.vscode\\extensions\\uqbar.wollok-lsp-ide-0.3.3\\server\\out\\functionalities\\autocomplete\\node-completion.js:14:46)\n    at completeForParent (c:\\Users\\Pc\\.vscode\\extensions\\uqbar.wollok-lsp-ide-0.3.3\\server\\out\\functionalities\\autocomplete\\node-completion.js:56:43)\n    at completionsForNode (c:\\Users\\Pc\\.vscode\\extensions\\uqbar.wollok-lsp-ide-0.3.3\\server\\out\\functionalities\\autocomplete\\node-completion.js:14:46)\n    at completeForParent (c:\\Users\\Pc\\.vscode\\extensions\\uqbar.wollok-lsp-ide-0.3.3\\server\\out\\functionalities\\autocomplete\\node-completion.js:56:43)\n    at completionsForNode (c:\\Users\\Pc\\.vscode\\extensions\\uqbar.wollok-lsp-ide-0.3.3\\server\\out\\functionalities\\autocomplete\\node-completion.js:14:46)\n    at c:\\Users\\Pc\\.vscode\\extensions\\uqbar.wollok-lsp-ide-0.3.3\\server\\out\\functionalities\\autocomplete\\autocomplete.js:26:154\n    at c:\\Users\\Pc\\.vscode\\extensions\\uqbar.wollok-lsp-ide-0.3.3\\server\\out\\server.js:198:20","timestamp":"2024-08-27T00:27:45.628Z"}
{"level":"info","message":"âŒ› Building environment","timeElapsed":101,"timestamp":"2024-08-27T00:27:46.099Z"}
{"level":"error","message":"âœ˜ Completions for node failed: Error: [Send]{7cd34b} at tomyjerry.wlk:29 exhausted all cases without a match [Send]{7cd34b} at tomyjerry.wlk:29 exhausted all cases without a match","stack":"Error: [Send]{7cd34b} at tomyjerry.wlk:29 exhausted all cases without a match\n    at c:\\Users\\Pc\\.vscode\\extensions\\uqbar.wollok-lsp-ide-0.3.3\\node_modules\\wollok-ts\\dist\\extensions.js:85:11\n    at completionsForNode (c:\\Users\\Pc\\.vscode\\extensions\\uqbar.wollok-lsp-ide-0.3.3\\server\\out\\functionalities\\autocomplete\\node-completion.js:10:44)\n    at c:\\Users\\Pc\\.vscode\\extensions\\uqbar.wollok-lsp-ide-0.3.3\\server\\out\\functionalities\\autocomplete\\autocomplete.js:26:154\n    at c:\\Users\\Pc\\.vscode\\extensions\\uqbar.wollok-lsp-ide-0.3.3\\server\\out\\server.js:198:20\n    at c:\\Users\\Pc\\.vscode\\extensions\\uqbar.wollok-lsp-ide-0.3.3\\server\\node_modules\\vscode-languageserver\\lib\\common\\server.js:593:20\n    at handleRequest (c:\\Users\\Pc\\.vscode\\extensions\\uqbar.wollok-lsp-ide-0.3.3\\server\\node_modules\\vscode-jsonrpc\\lib\\common\\connection.js:493:41)\n    at handleMessage (c:\\Users\\Pc\\.vscode\\extensions\\uqbar.wollok-lsp-ide-0.3.3\\server\\node_modules\\vscode-jsonrpc\\lib\\common\\connection.js:339:13)\n    at processMessageQueue (c:\\Users\\Pc\\.vscode\\extensions\\uqbar.wollok-lsp-ide-0.3.3\\server\\node_modules\\vscode-jsonrpc\\lib\\common\\connection.js:362:17)\n    at Immediate._onImmediate (c:\\Users\\Pc\\.vscode\\extensions\\uqbar.wollok-lsp-ide-0.3.3\\server\\node_modules\\vscode-jsonrpc\\lib\\common\\connection.js:334:13)\n    at process.processImmediate (node:internal/timers:478:21)","timestamp":"2024-08-27T00:27:46.114Z"}
{"level":"error","message":"âœ˜ Completions for node failed: Error: [Send]{58d5bf} at tomyjerry.wlk:29 exhausted all cases without a match [Send]{58d5bf} at tomyjerry.wlk:29 exhausted all cases without a match","stack":"Error: [Send]{58d5bf} at tomyjerry.wlk:29 exhausted all cases without a match\n    at c:\\Users\\Pc\\.vscode\\extensions\\uqbar.wollok-lsp-ide-0.3.3\\node_modules\\wollok-ts\\dist\\extensions.js:85:11\n    at completionsForNode (c:\\Users\\Pc\\.vscode\\extensions\\uqbar.wollok-lsp-ide-0.3.3\\server\\out\\functionalities\\autocomplete\\node-completion.js:10:44)\n    at completeForParent (c:\\Users\\Pc\\.vscode\\extensions\\uqbar.wollok-lsp-ide-0.3.3\\server\\out\\functionalities\\autocomplete\\node-completion.js:56:43)\n    at completionsForNode (c:\\Users\\Pc\\.vscode\\extensions\\uqbar.wollok-lsp-ide-0.3.3\\server\\out\\functionalities\\autocomplete\\node-completion.js:14:46)\n    at c:\\Users\\Pc\\.vscode\\extensions\\uqbar.wollok-lsp-ide-0.3.3\\server\\out\\functionalities\\autocomplete\\autocomplete.js:26:154\n    at c:\\Users\\Pc\\.vscode\\extensions\\uqbar.wollok-lsp-ide-0.3.3\\server\\out\\server.js:198:20\n    at c:\\Users\\Pc\\.vscode\\extensions\\uqbar.wollok-lsp-ide-0.3.3\\server\\node_modules\\vscode-languageserver\\lib\\common\\server.js:593:20\n    at handleRequest (c:\\Users\\Pc\\.vscode\\extensions\\uqbar.wollok-lsp-ide-0.3.3\\server\\node_modules\\vscode-jsonrpc\\lib\\common\\connection.js:493:41)\n    at handleMessage (c:\\Users\\Pc\\.vscode\\extensions\\uqbar.wollok-lsp-ide-0.3.3\\server\\node_modules\\vscode-jsonrpc\\lib\\common\\connection.js:339:13)\n    at processMessageQueue (c:\\Users\\Pc\\.vscode\\extensions\\uqbar.wollok-lsp-ide-0.3.3\\server\\node_modules\\vscode-jsonrpc\\lib\\common\\connection.js:362:17)","timestamp":"2024-08-27T00:27:46.114Z"}
{"level":"error","message":"âœ˜ Completions for node failed: Error: [Send]{c76834} at tomyjerry.wlk:29 exhausted all cases without a match [Send]{c76834} at tomyjerry.wlk:29 exhausted all cases without a match","stack":"Error: [Send]{c76834} at tomyjerry.wlk:29 exhausted all cases without a match\n    at c:\\Users\\Pc\\.vscode\\extensions\\uqbar.wollok-lsp-ide-0.3.3\\node_modules\\wollok-ts\\dist\\extensions.js:85:11\n    at completionsForNode (c:\\Users\\Pc\\.vscode\\extensions\\uqbar.wollok-lsp-ide-0.3.3\\server\\out\\functionalities\\autocomplete\\node-completion.js:10:44)\n    at completeForParent (c:\\Users\\Pc\\.vscode\\extensions\\uqbar.wollok-lsp-ide-0.3.3\\server\\out\\functionalities\\autocomplete\\node-completion.js:56:43)\n    at completionsForNode (c:\\Users\\Pc\\.vscode\\extensions\\uqbar.wollok-lsp-ide-0.3.3\\server\\out\\functionalities\\autocomplete\\node-completion.js:14:46)\n    at completeForParent (c:\\Users\\Pc\\.vscode\\extensions\\uqbar.wollok-lsp-ide-0.3.3\\server\\out\\functionalities\\autocomplete\\node-completion.js:56:43)\n    at completionsForNode (c:\\Users\\Pc\\.vscode\\extensions\\uqbar.wollok-lsp-ide-0.3.3\\server\\out\\functionalities\\autocomplete\\node-completion.js:14:46)\n    at c:\\Users\\Pc\\.vscode\\extensions\\uqbar.wollok-lsp-ide-0.3.3\\server\\out\\functionalities\\autocomplete\\autocomplete.js:26:154\n    at c:\\Users\\Pc\\.vscode\\extensions\\uqbar.wollok-lsp-ide-0.3.3\\server\\out\\server.js:198:20\n    at c:\\Users\\Pc\\.vscode\\extensions\\uqbar.wollok-lsp-ide-0.3.3\\server\\node_modules\\vscode-languageserver\\lib\\common\\server.js:593:20\n    at handleRequest (c:\\Users\\Pc\\.vscode\\extensions\\uqbar.wollok-lsp-ide-0.3.3\\server\\node_modules\\vscode-jsonrpc\\lib\\common\\connection.js:493:41)","timestamp":"2024-08-27T00:27:46.114Z"}
{"level":"error","message":"âœ˜ Completions for node failed: Error: [Return]{cb1e63} at tomyjerry.wlk:29 exhausted all cases without a match [Return]{cb1e63} at tomyjerry.wlk:29 exhausted all cases without a match","stack":"Error: [Return]{cb1e63} at tomyjerry.wlk:29 exhausted all cases without a match\n    at c:\\Users\\Pc\\.vscode\\extensions\\uqbar.wollok-lsp-ide-0.3.3\\node_modules\\wollok-ts\\dist\\extensions.js:85:11\n    at completionsForNode (c:\\Users\\Pc\\.vscode\\extensions\\uqbar.wollok-lsp-ide-0.3.3\\server\\out\\functionalities\\autocomplete\\node-completion.js:10:44)\n    at completeForParent (c:\\Users\\Pc\\.vscode\\extensions\\uqbar.wollok-lsp-ide-0.3.3\\server\\out\\functionalities\\autocomplete\\node-completion.js:56:43)\n    at completionsForNode (c:\\Users\\Pc\\.vscode\\extensions\\uqbar.wollok-lsp-ide-0.3.3\\server\\out\\functionalities\\autocomplete\\node-completion.js:14:46)\n    at completeForParent (c:\\Users\\Pc\\.vscode\\extensions\\uqbar.wollok-lsp-ide-0.3.3\\server\\out\\functionalities\\autocomplete\\node-completion.js:56:43)\n    at completionsForNode (c:\\Users\\Pc\\.vscode\\extensions\\uqbar.wollok-lsp-ide-0.3.3\\server\\out\\functionalities\\autocomplete\\node-completion.js:14:46)\n    at completeForParent (c:\\Users\\Pc\\.vscode\\extensions\\uqbar.wollok-lsp-ide-0.3.3\\server\\out\\functionalities\\autocomplete\\node-completion.js:56:43)\n    at completionsForNode (c:\\Users\\Pc\\.vscode\\extensions\\uqbar.wollok-lsp-ide-0.3.3\\server\\out\\functionalities\\autocomplete\\node-completion.js:14:46)\n    at c:\\Users\\Pc\\.vscode\\extensions\\uqbar.wollok-lsp-ide-0.3.3\\server\\out\\functionalities\\autocomplete\\autocomplete.js:26:154\n    at c:\\Users\\Pc\\.vscode\\extensions\\uqbar.wollok-lsp-ide-0.3.3\\server\\out\\server.js:198:20","timestamp":"2024-08-27T00:27:46.114Z"}
{"level":"error","message":"âœ˜ Completions for node failed: Error: [Send]{390a1f} at tomyjerry.wlk:29 exhausted all cases without a match [Send]{390a1f} at tomyjerry.wlk:29 exhausted all cases without a match","stack":"Error: [Send]{390a1f} at tomyjerry.wlk:29 exhausted all cases without a match\n    at c:\\Users\\Pc\\.vscode\\extensions\\uqbar.wollok-lsp-ide-0.3.3\\node_modules\\wollok-ts\\dist\\extensions.js:85:11\n    at completionsForNode (c:\\Users\\Pc\\.vscode\\extensions\\uqbar.wollok-lsp-ide-0.3.3\\server\\out\\functionalities\\autocomplete\\node-completion.js:10:44)\n    at c:\\Users\\Pc\\.vscode\\extensions\\uqbar.wollok-lsp-ide-0.3.3\\server\\out\\functionalities\\autocomplete\\autocomplete.js:26:154\n    at c:\\Users\\Pc\\.vscode\\extensions\\uqbar.wollok-lsp-ide-0.3.3\\server\\out\\server.js:198:20\n    at c:\\Users\\Pc\\.vscode\\extensions\\uqbar.wollok-lsp-ide-0.3.3\\server\\node_modules\\vscode-languageserver\\lib\\common\\server.js:593:20\n    at handleRequest (c:\\Users\\Pc\\.vscode\\extensions\\uqbar.wollok-lsp-ide-0.3.3\\server\\node_modules\\vscode-jsonrpc\\lib\\common\\connection.js:493:41)\n    at handleMessage (c:\\Users\\Pc\\.vscode\\extensions\\uqbar.wollok-lsp-ide-0.3.3\\server\\node_modules\\vscode-jsonrpc\\lib\\common\\connection.js:339:13)\n    at processMessageQueue (c:\\Users\\Pc\\.vscode\\extensions\\uqbar.wollok-lsp-ide-0.3.3\\server\\node_modules\\vscode-jsonrpc\\lib\\common\\connection.js:362:17)\n    at Immediate._onImmediate (c:\\Users\\Pc\\.vscode\\extensions\\uqbar.wollok-lsp-ide-0.3.3\\server\\node_modules\\vscode-jsonrpc\\lib\\common\\connection.js:334:13)\n    at process.processImmediate (node:internal/timers:478:21)","timestamp":"2024-08-27T00:27:46.277Z"}
{"level":"error","message":"âœ˜ Completions for node failed: Error: [Send]{be2267} at tomyjerry.wlk:29 exhausted all cases without a match [Send]{be2267} at tomyjerry.wlk:29 exhausted all cases without a match","stack":"Error: [Send]{be2267} at tomyjerry.wlk:29 exhausted all cases without a match\n    at c:\\Users\\Pc\\.vscode\\extensions\\uqbar.wollok-lsp-ide-0.3.3\\node_modules\\wollok-ts\\dist\\extensions.js:85:11\n    at completionsForNode (c:\\Users\\Pc\\.vscode\\extensions\\uqbar.wollok-lsp-ide-0.3.3\\server\\out\\functionalities\\autocomplete\\node-completion.js:10:44)\n    at completeForParent (c:\\Users\\Pc\\.vscode\\extensions\\uqbar.wollok-lsp-ide-0.3.3\\server\\out\\functionalities\\autocomplete\\node-completion.js:56:43)\n    at completionsForNode (c:\\Users\\Pc\\.vscode\\extensions\\uqbar.wollok-lsp-ide-0.3.3\\server\\out\\functionalities\\autocomplete\\node-completion.js:14:46)\n    at c:\\Users\\Pc\\.vscode\\extensions\\uqbar.wollok-lsp-ide-0.3.3\\server\\out\\functionalities\\autocomplete\\autocomplete.js:26:154\n    at c:\\Users\\Pc\\.vscode\\extensions\\uqbar.wollok-lsp-ide-0.3.3\\server\\out\\server.js:198:20\n    at c:\\Users\\Pc\\.vscode\\extensions\\uqbar.wollok-lsp-ide-0.3.3\\server\\node_modules\\vscode-languageserver\\lib\\common\\server.js:593:20\n    at handleRequest (c:\\Users\\Pc\\.vscode\\extensions\\uqbar.wollok-lsp-ide-0.3.3\\server\\node_modules\\vscode-jsonrpc\\lib\\common\\connection.js:493:41)\n    at handleMessage (c:\\Users\\Pc\\.vscode\\extensions\\uqbar.wollok-lsp-ide-0.3.3\\server\\node_modules\\vscode-jsonrpc\\lib\\common\\connection.js:339:13)\n    at processMessageQueue (c:\\Users\\Pc\\.vscode\\extensions\\uqbar.wollok-lsp-ide-0.3.3\\server\\node_modules\\vscode-jsonrpc\\lib\\common\\connection.js:362:17)","timestamp":"2024-08-27T00:27:46.278Z"}
{"level":"error","message":"âœ˜ Completions for node failed: Error: [Send]{850f96} at tomyjerry.wlk:29 exhausted all cases without a match [Send]{850f96} at tomyjerry.wlk:29 exhausted all cases without a match","stack":"Error: [Send]{850f96} at tomyjerry.wlk:29 exhausted all cases without a match\n    at c:\\Users\\Pc\\.vscode\\extensions\\uqbar.wollok-lsp-ide-0.3.3\\node_modules\\wollok-ts\\dist\\extensions.js:85:11\n    at completionsForNode (c:\\Users\\Pc\\.vscode\\extensions\\uqbar.wollok-lsp-ide-0.3.3\\server\\out\\functionalities\\autocomplete\\node-completion.js:10:44)\n    at completeForParent (c:\\Users\\Pc\\.vscode\\extensions\\uqbar.wollok-lsp-ide-0.3.3\\server\\out\\functionalities\\autocomplete\\node-completion.js:56:43)\n    at completionsForNode (c:\\Users\\Pc\\.vscode\\extensions\\uqbar.wollok-lsp-ide-0.3.3\\server\\out\\functionalities\\autocomplete\\node-completion.js:14:46)\n    at completeForParent (c:\\Users\\Pc\\.vscode\\extensions\\uqbar.wollok-lsp-ide-0.3.3\\server\\out\\functionalities\\autocomplete\\node-completion.js:56:43)\n    at completionsForNode (c:\\Users\\Pc\\.vscode\\extensions\\uqbar.wollok-lsp-ide-0.3.3\\server\\out\\functionalities\\autocomplete\\node-completion.js:14:46)\n    at c:\\Users\\Pc\\.vscode\\extensions\\uqbar.wollok-lsp-ide-0.3.3\\server\\out\\functionalities\\autocomplete\\autocomplete.js:26:154\n    at c:\\Users\\Pc\\.vscode\\extensions\\uqbar.wollok-lsp-ide-0.3.3\\server\\out\\server.js:198:20\n    at c:\\Users\\Pc\\.vscode\\extensions\\uqbar.wollok-lsp-ide-0.3.3\\server\\node_modules\\vscode-languageserver\\lib\\common\\server.js:593:20\n    at handleRequest (c:\\Users\\Pc\\.vscode\\extensions\\uqbar.wollok-lsp-ide-0.3.3\\server\\node_modules\\vscode-jsonrpc\\lib\\common\\connection.js:493:41)","timestamp":"2024-08-27T00:27:46.278Z"}
{"level":"error","message":"âœ˜ Completions for node failed: Error: [Return]{1ff57c} at tomyjerry.wlk:29 exhausted all cases without a match [Return]{1ff57c} at tomyjerry.wlk:29 exhausted all cases without a match","stack":"Error: [Return]{1ff57c} at tomyjerry.wlk:29 exhausted all cases without a match\n    at c:\\Users\\Pc\\.vscode\\extensions\\uqbar.wollok-lsp-ide-0.3.3\\node_modules\\wollok-ts\\dist\\extensions.js:85:11\n    at completionsForNode (c:\\Users\\Pc\\.vscode\\extensions\\uqbar.wollok-lsp-ide-0.3.3\\server\\out\\functionalities\\autocomplete\\node-completion.js:10:44)\n    at completeForParent (c:\\Users\\Pc\\.vscode\\extensions\\uqbar.wollok-lsp-ide-0.3.3\\server\\out\\functionalities\\autocomplete\\node-completion.js:56:43)\n    at completionsForNode (c:\\Users\\Pc\\.vscode\\extensions\\uqbar.wollok-lsp-ide-0.3.3\\server\\out\\functionalities\\autocomplete\\node-completion.js:14:46)\n    at completeForParent (c:\\Users\\Pc\\.vscode\\extensions\\uqbar.wollok-lsp-ide-0.3.3\\server\\out\\functionalities\\autocomplete\\node-completion.js:56:43)\n    at completionsForNode (c:\\Users\\Pc\\.vscode\\extensions\\uqbar.wollok-lsp-ide-0.3.3\\server\\out\\functionalities\\autocomplete\\node-completion.js:14:46)\n    at completeForParent (c:\\Users\\Pc\\.vscode\\extensions\\uqbar.wollok-lsp-ide-0.3.3\\server\\out\\functionalities\\autocomplete\\node-completion.js:56:43)\n    at completionsForNode (c:\\Users\\Pc\\.vscode\\extensions\\uqbar.wollok-lsp-ide-0.3.3\\server\\out\\functionalities\\autocomplete\\node-completion.js:14:46)\n    at c:\\Users\\Pc\\.vscode\\extensions\\uqbar.wollok-lsp-ide-0.3.3\\server\\out\\functionalities\\autocomplete\\autocomplete.js:26:154\n    at c:\\Users\\Pc\\.vscode\\extensions\\uqbar.wollok-lsp-ide-0.3.3\\server\\out\\server.js:198:20","timestamp":"2024-08-27T00:27:46.278Z"}
{"level":"error","message":"âœ˜ Completions for node failed: Error: [Send]{a7752e} at tomyjerry.wlk:29 exhausted all cases without a match [Send]{a7752e} at tomyjerry.wlk:29 exhausted all cases without a match","stack":"Error: [Send]{a7752e} at tomyjerry.wlk:29 exhausted all cases without a match\n    at c:\\Users\\Pc\\.vscode\\extensions\\uqbar.wollok-lsp-ide-0.3.3\\node_modules\\wollok-ts\\dist\\extensions.js:85:11\n    at completionsForNode (c:\\Users\\Pc\\.vscode\\extensions\\uqbar.wollok-lsp-ide-0.3.3\\server\\out\\functionalities\\autocomplete\\node-completion.js:10:44)\n    at c:\\Users\\Pc\\.vscode\\extensions\\uqbar.wollok-lsp-ide-0.3.3\\server\\out\\functionalities\\autocomplete\\autocomplete.js:26:154\n    at c:\\Users\\Pc\\.vscode\\extensions\\uqbar.wollok-lsp-ide-0.3.3\\server\\out\\server.js:198:20\n    at c:\\Users\\Pc\\.vscode\\extensions\\uqbar.wollok-lsp-ide-0.3.3\\server\\node_modules\\vscode-languageserver\\lib\\common\\server.js:593:20\n    at handleRequest (c:\\Users\\Pc\\.vscode\\extensions\\uqbar.wollok-lsp-ide-0.3.3\\server\\node_modules\\vscode-jsonrpc\\lib\\common\\connection.js:493:41)\n    at handleMessage (c:\\Users\\Pc\\.vscode\\extensions\\uqbar.wollok-lsp-ide-0.3.3\\server\\node_modules\\vscode-jsonrpc\\lib\\common\\connection.js:339:13)\n    at processMessageQueue (c:\\Users\\Pc\\.vscode\\extensions\\uqbar.wollok-lsp-ide-0.3.3\\server\\node_modules\\vscode-jsonrpc\\lib\\common\\connection.js:362:17)\n    at Immediate._onImmediate (c:\\Users\\Pc\\.vscode\\extensions\\uqbar.wollok-lsp-ide-0.3.3\\server\\node_modules\\vscode-jsonrpc\\lib\\common\\connection.js:334:13)\n    at process.processImmediate (node:internal/timers:478:21)","timestamp":"2024-08-27T00:27:46.530Z"}
{"level":"error","message":"âœ˜ Completions for node failed: Error: [Send]{99da8c} at tomyjerry.wlk:29 exhausted all cases without a match [Send]{99da8c} at tomyjerry.wlk:29 exhausted all cases without a match","stack":"Error: [Send]{99da8c} at tomyjerry.wlk:29 exhausted all cases without a match\n    at c:\\Users\\Pc\\.vscode\\extensions\\uqbar.wollok-lsp-ide-0.3.3\\node_modules\\wollok-ts\\dist\\extensions.js:85:11\n    at completionsForNode (c:\\Users\\Pc\\.vscode\\extensions\\uqbar.wollok-lsp-ide-0.3.3\\server\\out\\functionalities\\autocomplete\\node-completion.js:10:44)\n    at completeForParent (c:\\Users\\Pc\\.vscode\\extensions\\uqbar.wollok-lsp-ide-0.3.3\\server\\out\\functionalities\\autocomplete\\node-completion.js:56:43)\n    at completionsForNode (c:\\Users\\Pc\\.vscode\\extensions\\uqbar.wollok-lsp-ide-0.3.3\\server\\out\\functionalities\\autocomplete\\node-completion.js:14:46)\n    at c:\\Users\\Pc\\.vscode\\extensions\\uqbar.wollok-lsp-ide-0.3.3\\server\\out\\functionalities\\autocomplete\\autocomplete.js:26:154\n    at c:\\Users\\Pc\\.vscode\\extensions\\uqbar.wollok-lsp-ide-0.3.3\\server\\out\\server.js:198:20\n    at c:\\Users\\Pc\\.vscode\\extensions\\uqbar.wollok-lsp-ide-0.3.3\\server\\node_modules\\vscode-languageserver\\lib\\common\\server.js:593:20\n    at handleRequest (c:\\Users\\Pc\\.vscode\\extensions\\uqbar.wollok-lsp-ide-0.3.3\\server\\node_modules\\vscode-jsonrpc\\lib\\common\\connection.js:493:41)\n    at handleMessage (c:\\Users\\Pc\\.vscode\\extensions\\uqbar.wollok-lsp-ide-0.3.3\\server\\node_modules\\vscode-jsonrpc\\lib\\common\\connection.js:339:13)\n    at processMessageQueue (c:\\Users\\Pc\\.vscode\\extensions\\uqbar.wollok-lsp-ide-0.3.3\\server\\node_modules\\vscode-jsonrpc\\lib\\common\\connection.js:362:17)","timestamp":"2024-08-27T00:27:46.530Z"}
{"level":"error","message":"âœ˜ Completions for node failed: Error: [Send]{6f15cf} at tomyjerry.wlk:29 exhausted all cases without a match [Send]{6f15cf} at tomyjerry.wlk:29 exhausted all cases without a match","stack":"Error: [Send]{6f15cf} at tomyjerry.wlk:29 exhausted all cases without a match\n    at c:\\Users\\Pc\\.vscode\\extensions\\uqbar.wollok-lsp-ide-0.3.3\\node_modules\\wollok-ts\\dist\\extensions.js:85:11\n    at completionsForNode (c:\\Users\\Pc\\.vscode\\extensions\\uqbar.wollok-lsp-ide-0.3.3\\server\\out\\functionalities\\autocomplete\\node-completion.js:10:44)\n    at completeForParent (c:\\Users\\Pc\\.vscode\\extensions\\uqbar.wollok-lsp-ide-0.3.3\\server\\out\\functionalities\\autocomplete\\node-completion.js:56:43)\n    at completionsForNode (c:\\Users\\Pc\\.vscode\\extensions\\uqbar.wollok-lsp-ide-0.3.3\\server\\out\\functionalities\\autocomplete\\node-completion.js:14:46)\n    at completeForParent (c:\\Users\\Pc\\.vscode\\extensions\\uqbar.wollok-lsp-ide-0.3.3\\server\\out\\functionalities\\autocomplete\\node-completion.js:56:43)\n    at completionsForNode (c:\\Users\\Pc\\.vscode\\extensions\\uqbar.wollok-lsp-ide-0.3.3\\server\\out\\functionalities\\autocomplete\\node-completion.js:14:46)\n    at c:\\Users\\Pc\\.vscode\\extensions\\uqbar.wollok-lsp-ide-0.3.3\\server\\out\\functionalities\\autocomplete\\autocomplete.js:26:154\n    at c:\\Users\\Pc\\.vscode\\extensions\\uqbar.wollok-lsp-ide-0.3.3\\server\\out\\server.js:198:20\n    at c:\\Users\\Pc\\.vscode\\extensions\\uqbar.wollok-lsp-ide-0.3.3\\server\\node_modules\\vscode-languageserver\\lib\\common\\server.js:593:20\n    at handleRequest (c:\\Users\\Pc\\.vscode\\extensions\\uqbar.wollok-lsp-ide-0.3.3\\server\\node_modules\\vscode-jsonrpc\\lib\\common\\connection.js:493:41)","timestamp":"2024-08-27T00:27:46.530Z"}
{"level":"error","message":"âœ˜ Completions for node failed: Error: [Return]{80bf86} at tomyjerry.wlk:29 exhausted all cases without a match [Return]{80bf86} at tomyjerry.wlk:29 exhausted all cases without a match","stack":"Error: [Return]{80bf86} at tomyjerry.wlk:29 exhausted all cases without a match\n    at c:\\Users\\Pc\\.vscode\\extensions\\uqbar.wollok-lsp-ide-0.3.3\\node_modules\\wollok-ts\\dist\\extensions.js:85:11\n    at completionsForNode (c:\\Users\\Pc\\.vscode\\extensions\\uqbar.wollok-lsp-ide-0.3.3\\server\\out\\functionalities\\autocomplete\\node-completion.js:10:44)\n    at completeForParent (c:\\Users\\Pc\\.vscode\\extensions\\uqbar.wollok-lsp-ide-0.3.3\\server\\out\\functionalities\\autocomplete\\node-completion.js:56:43)\n    at completionsForNode (c:\\Users\\Pc\\.vscode\\extensions\\uqbar.wollok-lsp-ide-0.3.3\\server\\out\\functionalities\\autocomplete\\node-completion.js:14:46)\n    at completeForParent (c:\\Users\\Pc\\.vscode\\extensions\\uqbar.wollok-lsp-ide-0.3.3\\server\\out\\functionalities\\autocomplete\\node-completion.js:56:43)\n    at completionsForNode (c:\\Users\\Pc\\.vscode\\extensions\\uqbar.wollok-lsp-ide-0.3.3\\server\\out\\functionalities\\autocomplete\\node-completion.js:14:46)\n    at completeForParent (c:\\Users\\Pc\\.vscode\\extensions\\uqbar.wollok-lsp-ide-0.3.3\\server\\out\\functionalities\\autocomplete\\node-completion.js:56:43)\n    at completionsForNode (c:\\Users\\Pc\\.vscode\\extensions\\uqbar.wollok-lsp-ide-0.3.3\\server\\out\\functionalities\\autocomplete\\node-completion.js:14:46)\n    at c:\\Users\\Pc\\.vscode\\extensions\\uqbar.wollok-lsp-ide-0.3.3\\server\\out\\functionalities\\autocomplete\\autocomplete.js:26:154\n    at c:\\Users\\Pc\\.vscode\\extensions\\uqbar.wollok-lsp-ide-0.3.3\\server\\out\\server.js:198:20","timestamp":"2024-08-27T00:27:46.530Z"}
{"level":"error","message":"âœ˜ Completions for node failed: Error: [Send]{98fa8c} at tomyjerry.wlk:29 exhausted all cases without a match [Send]{98fa8c} at tomyjerry.wlk:29 exhausted all cases without a match","stack":"Error: [Send]{98fa8c} at tomyjerry.wlk:29 exhausted all cases without a match\n    at c:\\Users\\Pc\\.vscode\\extensions\\uqbar.wollok-lsp-ide-0.3.3\\node_modules\\wollok-ts\\dist\\extensions.js:85:11\n    at completionsForNode (c:\\Users\\Pc\\.vscode\\extensions\\uqbar.wollok-lsp-ide-0.3.3\\server\\out\\functionalities\\autocomplete\\node-completion.js:10:44)\n    at c:\\Users\\Pc\\.vscode\\extensions\\uqbar.wollok-lsp-ide-0.3.3\\server\\out\\functionalities\\autocomplete\\autocomplete.js:26:154\n    at c:\\Users\\Pc\\.vscode\\extensions\\uqbar.wollok-lsp-ide-0.3.3\\server\\out\\server.js:198:20\n    at c:\\Users\\Pc\\.vscode\\extensions\\uqbar.wollok-lsp-ide-0.3.3\\server\\node_modules\\vscode-languageserver\\lib\\common\\server.js:593:20\n    at handleRequest (c:\\Users\\Pc\\.vscode\\extensions\\uqbar.wollok-lsp-ide-0.3.3\\server\\node_modules\\vscode-jsonrpc\\lib\\common\\connection.js:493:41)\n    at handleMessage (c:\\Users\\Pc\\.vscode\\extensions\\uqbar.wollok-lsp-ide-0.3.3\\server\\node_modules\\vscode-jsonrpc\\lib\\common\\connection.js:339:13)\n    at processMessageQueue (c:\\Users\\Pc\\.vscode\\extensions\\uqbar.wollok-lsp-ide-0.3.3\\server\\node_modules\\vscode-jsonrpc\\lib\\common\\connection.js:362:17)\n    at Immediate._onImmediate (c:\\Users\\Pc\\.vscode\\extensions\\uqbar.wollok-lsp-ide-0.3.3\\server\\node_modules\\vscode-jsonrpc\\lib\\common\\connection.js:334:13)\n    at process.processImmediate (node:internal/timers:478:21)","timestamp":"2024-08-27T00:27:46.772Z"}
{"level":"error","message":"âœ˜ Completions for node failed: Error: [Send]{e1586b} at tomyjerry.wlk:29 exhausted all cases without a match [Send]{e1586b} at tomyjerry.wlk:29 exhausted all cases without a match","stack":"Error: [Send]{e1586b} at tomyjerry.wlk:29 exhausted all cases without a match\n    at c:\\Users\\Pc\\.vscode\\extensions\\uqbar.wollok-lsp-ide-0.3.3\\node_modules\\wollok-ts\\dist\\extensions.js:85:11\n    at completionsForNode (c:\\Users\\Pc\\.vscode\\extensions\\uqbar.wollok-lsp-ide-0.3.3\\server\\out\\functionalities\\autocomplete\\node-completion.js:10:44)\n    at completeForParent (c:\\Users\\Pc\\.vscode\\extensions\\uqbar.wollok-lsp-ide-0.3.3\\server\\out\\functionalities\\autocomplete\\node-completion.js:56:43)\n    at completionsForNode (c:\\Users\\Pc\\.vscode\\extensions\\uqbar.wollok-lsp-ide-0.3.3\\server\\out\\functionalities\\autocomplete\\node-completion.js:14:46)\n    at c:\\Users\\Pc\\.vscode\\extensions\\uqbar.wollok-lsp-ide-0.3.3\\server\\out\\functionalities\\autocomplete\\autocomplete.js:26:154\n    at c:\\Users\\Pc\\.vscode\\extensions\\uqbar.wollok-lsp-ide-0.3.3\\server\\out\\server.js:198:20\n    at c:\\Users\\Pc\\.vscode\\extensions\\uqbar.wollok-lsp-ide-0.3.3\\server\\node_modules\\vscode-languageserver\\lib\\common\\server.js:593:20\n    at handleRequest (c:\\Users\\Pc\\.vscode\\extensions\\uqbar.wollok-lsp-ide-0.3.3\\server\\node_modules\\vscode-jsonrpc\\lib\\common\\connection.js:493:41)\n    at handleMessage (c:\\Users\\Pc\\.vscode\\extensions\\uqbar.wollok-lsp-ide-0.3.3\\server\\node_modules\\vscode-jsonrpc\\lib\\common\\connection.js:339:13)\n    at processMessageQueue (c:\\Users\\Pc\\.vscode\\extensions\\uqbar.wollok-lsp-ide-0.3.3\\server\\node_modules\\vscode-jsonrpc\\lib\\common\\connection.js:362:17)","timestamp":"2024-08-27T00:27:46.772Z"}
{"level":"error","message":"âœ˜ Completions for node failed: Error: [Send]{82ecaa} at tomyjerry.wlk:29 exhausted all cases without a match [Send]{82ecaa} at tomyjerry.wlk:29 exhausted all cases without a match","stack":"Error: [Send]{82ecaa} at tomyjerry.wlk:29 exhausted all cases without a match\n    at c:\\Users\\Pc\\.vscode\\extensions\\uqbar.wollok-lsp-ide-0.3.3\\node_modules\\wollok-ts\\dist\\extensions.js:85:11\n    at completionsForNode (c:\\Users\\Pc\\.vscode\\extensions\\uqbar.wollok-lsp-ide-0.3.3\\server\\out\\functionalities\\autocomplete\\node-completion.js:10:44)\n    at completeForParent (c:\\Users\\Pc\\.vscode\\extensions\\uqbar.wollok-lsp-ide-0.3.3\\server\\out\\functionalities\\autocomplete\\node-completion.js:56:43)\n    at completionsForNode (c:\\Users\\Pc\\.vscode\\extensions\\uqbar.wollok-lsp-ide-0.3.3\\server\\out\\functionalities\\autocomplete\\node-completion.js:14:46)\n    at completeForParent (c:\\Users\\Pc\\.vscode\\extensions\\uqbar.wollok-lsp-ide-0.3.3\\server\\out\\functionalities\\autocomplete\\node-completion.js:56:43)\n    at completionsForNode (c:\\Users\\Pc\\.vscode\\extensions\\uqbar.wollok-lsp-ide-0.3.3\\server\\out\\functionalities\\autocomplete\\node-completion.js:14:46)\n    at c:\\Users\\Pc\\.vscode\\extensions\\uqbar.wollok-lsp-ide-0.3.3\\server\\out\\functionalities\\autocomplete\\autocomplete.js:26:154\n    at c:\\Users\\Pc\\.vscode\\extensions\\uqbar.wollok-lsp-ide-0.3.3\\server\\out\\server.js:198:20\n    at c:\\Users\\Pc\\.vscode\\extensions\\uqbar.wollok-lsp-ide-0.3.3\\server\\node_modules\\vscode-languageserver\\lib\\common\\server.js:593:20\n    at handleRequest (c:\\Users\\Pc\\.vscode\\extensions\\uqbar.wollok-lsp-ide-0.3.3\\server\\node_modules\\vscode-jsonrpc\\lib\\common\\connection.js:493:41)","timestamp":"2024-08-27T00:27:46.772Z"}
{"level":"error","message":"âœ˜ Completions for node failed: Error: [Return]{115053} at tomyjerry.wlk:29 exhausted all cases without a match [Return]{115053} at tomyjerry.wlk:29 exhausted all cases without a match","stack":"Error: [Return]{115053} at tomyjerry.wlk:29 exhausted all cases without a match\n    at c:\\Users\\Pc\\.vscode\\extensions\\uqbar.wollok-lsp-ide-0.3.3\\node_modules\\wollok-ts\\dist\\extensions.js:85:11\n    at completionsForNode (c:\\Users\\Pc\\.vscode\\extensions\\uqbar.wollok-lsp-ide-0.3.3\\server\\out\\functionalities\\autocomplete\\node-completion.js:10:44)\n    at completeForParent (c:\\Users\\Pc\\.vscode\\extensions\\uqbar.wollok-lsp-ide-0.3.3\\server\\out\\functionalities\\autocomplete\\node-completion.js:56:43)\n    at completionsForNode (c:\\Users\\Pc\\.vscode\\extensions\\uqbar.wollok-lsp-ide-0.3.3\\server\\out\\functionalities\\autocomplete\\node-completion.js:14:46)\n    at completeForParent (c:\\Users\\Pc\\.vscode\\extensions\\uqbar.wollok-lsp-ide-0.3.3\\server\\out\\functionalities\\autocomplete\\node-completion.js:56:43)\n    at completionsForNode (c:\\Users\\Pc\\.vscode\\extensions\\uqbar.wollok-lsp-ide-0.3.3\\server\\out\\functionalities\\autocomplete\\node-completion.js:14:46)\n    at completeForParent (c:\\Users\\Pc\\.vscode\\extensions\\uqbar.wollok-lsp-ide-0.3.3\\server\\out\\functionalities\\autocomplete\\node-completion.js:56:43)\n    at completionsForNode (c:\\Users\\Pc\\.vscode\\extensions\\uqbar.wollok-lsp-ide-0.3.3\\server\\out\\functionalities\\autocomplete\\node-completion.js:14:46)\n    at c:\\Users\\Pc\\.vscode\\extensions\\uqbar.wollok-lsp-ide-0.3.3\\server\\out\\functionalities\\autocomplete\\autocomplete.js:26:154\n    at c:\\Users\\Pc\\.vscode\\extensions\\uqbar.wollok-lsp-ide-0.3.3\\server\\out\\server.js:198:20","timestamp":"2024-08-27T00:27:46.772Z"}
{"level":"info","message":"âŒ› Building environment","timeElapsed":142,"timestamp":"2024-08-27T00:27:47.446Z"}
{"level":"error","message":"âœ˜ Completions for node failed: Error: [Send]{1d81b3} at tomyjerry.wlk:29 exhausted all cases without a match [Send]{1d81b3} at tomyjerry.wlk:29 exhausted all cases without a match","stack":"Error: [Send]{1d81b3} at tomyjerry.wlk:29 exhausted all cases without a match\n    at c:\\Users\\Pc\\.vscode\\extensions\\uqbar.wollok-lsp-ide-0.3.3\\node_modules\\wollok-ts\\dist\\extensions.js:85:11\n    at completionsForNode (c:\\Users\\Pc\\.vscode\\extensions\\uqbar.wollok-lsp-ide-0.3.3\\server\\out\\functionalities\\autocomplete\\node-completion.js:10:44)\n    at c:\\Users\\Pc\\.vscode\\extensions\\uqbar.wollok-lsp-ide-0.3.3\\server\\out\\functionalities\\autocomplete\\autocomplete.js:26:154\n    at c:\\Users\\Pc\\.vscode\\extensions\\uqbar.wollok-lsp-ide-0.3.3\\server\\out\\server.js:198:20\n    at c:\\Users\\Pc\\.vscode\\extensions\\uqbar.wollok-lsp-ide-0.3.3\\server\\node_modules\\vscode-languageserver\\lib\\common\\server.js:593:20\n    at handleRequest (c:\\Users\\Pc\\.vscode\\extensions\\uqbar.wollok-lsp-ide-0.3.3\\server\\node_modules\\vscode-jsonrpc\\lib\\common\\connection.js:493:41)\n    at handleMessage (c:\\Users\\Pc\\.vscode\\extensions\\uqbar.wollok-lsp-ide-0.3.3\\server\\node_modules\\vscode-jsonrpc\\lib\\common\\connection.js:339:13)\n    at processMessageQueue (c:\\Users\\Pc\\.vscode\\extensions\\uqbar.wollok-lsp-ide-0.3.3\\server\\node_modules\\vscode-jsonrpc\\lib\\common\\connection.js:362:17)\n    at Immediate._onImmediate (c:\\Users\\Pc\\.vscode\\extensions\\uqbar.wollok-lsp-ide-0.3.3\\server\\node_modules\\vscode-jsonrpc\\lib\\common\\connection.js:334:13)\n    at process.processImmediate (node:internal/timers:478:21)","timestamp":"2024-08-27T00:27:47.464Z"}
{"level":"error","message":"âœ˜ Completions for node failed: Error: [Send]{eb6c72} at tomyjerry.wlk:29 exhausted all cases without a match [Send]{eb6c72} at tomyjerry.wlk:29 exhausted all cases without a match","stack":"Error: [Send]{eb6c72} at tomyjerry.wlk:29 exhausted all cases without a match\n    at c:\\Users\\Pc\\.vscode\\extensions\\uqbar.wollok-lsp-ide-0.3.3\\node_modules\\wollok-ts\\dist\\extensions.js:85:11\n    at completionsForNode (c:\\Users\\Pc\\.vscode\\extensions\\uqbar.wollok-lsp-ide-0.3.3\\server\\out\\functionalities\\autocomplete\\node-completion.js:10:44)\n    at completeForParent (c:\\Users\\Pc\\.vscode\\extensions\\uqbar.wollok-lsp-ide-0.3.3\\server\\out\\functionalities\\autocomplete\\node-completion.js:56:43)\n    at completionsForNode (c:\\Users\\Pc\\.vscode\\extensions\\uqbar.wollok-lsp-ide-0.3.3\\server\\out\\functionalities\\autocomplete\\node-completion.js:14:46)\n    at c:\\Users\\Pc\\.vscode\\extensions\\uqbar.wollok-lsp-ide-0.3.3\\server\\out\\functionalities\\autocomplete\\autocomplete.js:26:154\n    at c:\\Users\\Pc\\.vscode\\extensions\\uqbar.wollok-lsp-ide-0.3.3\\server\\out\\server.js:198:20\n    at c:\\Users\\Pc\\.vscode\\extensions\\uqbar.wollok-lsp-ide-0.3.3\\server\\node_modules\\vscode-languageserver\\lib\\common\\server.js:593:20\n    at handleRequest (c:\\Users\\Pc\\.vscode\\extensions\\uqbar.wollok-lsp-ide-0.3.3\\server\\node_modules\\vscode-jsonrpc\\lib\\common\\connection.js:493:41)\n    at handleMessage (c:\\Users\\Pc\\.vscode\\extensions\\uqbar.wollok-lsp-ide-0.3.3\\server\\node_modules\\vscode-jsonrpc\\lib\\common\\connection.js:339:13)\n    at processMessageQueue (c:\\Users\\Pc\\.vscode\\extensions\\uqbar.wollok-lsp-ide-0.3.3\\server\\node_modules\\vscode-jsonrpc\\lib\\common\\connection.js:362:17)","timestamp":"2024-08-27T00:27:47.464Z"}
{"level":"error","message":"âœ˜ Completions for node failed: Error: [Send]{48bd04} at tomyjerry.wlk:29 exhausted all cases without a match [Send]{48bd04} at tomyjerry.wlk:29 exhausted all cases without a match","stack":"Error: [Send]{48bd04} at tomyjerry.wlk:29 exhausted all cases without a match\n    at c:\\Users\\Pc\\.vscode\\extensions\\uqbar.wollok-lsp-ide-0.3.3\\node_modules\\wollok-ts\\dist\\extensions.js:85:11\n    at completionsForNode (c:\\Users\\Pc\\.vscode\\extensions\\uqbar.wollok-lsp-ide-0.3.3\\server\\out\\functionalities\\autocomplete\\node-completion.js:10:44)\n    at completeForParent (c:\\Users\\Pc\\.vscode\\extensions\\uqbar.wollok-lsp-ide-0.3.3\\server\\out\\functionalities\\autocomplete\\node-completion.js:56:43)\n    at completionsForNode (c:\\Users\\Pc\\.vscode\\extensions\\uqbar.wollok-lsp-ide-0.3.3\\server\\out\\functionalities\\autocomplete\\node-completion.js:14:46)\n    at completeForParent (c:\\Users\\Pc\\.vscode\\extensions\\uqbar.wollok-lsp-ide-0.3.3\\server\\out\\functionalities\\autocomplete\\node-completion.js:56:43)\n    at completionsForNode (c:\\Users\\Pc\\.vscode\\extensions\\uqbar.wollok-lsp-ide-0.3.3\\server\\out\\functionalities\\autocomplete\\node-completion.js:14:46)\n    at c:\\Users\\Pc\\.vscode\\extensions\\uqbar.wollok-lsp-ide-0.3.3\\server\\out\\functionalities\\autocomplete\\autocomplete.js:26:154\n    at c:\\Users\\Pc\\.vscode\\extensions\\uqbar.wollok-lsp-ide-0.3.3\\server\\out\\server.js:198:20\n    at c:\\Users\\Pc\\.vscode\\extensions\\uqbar.wollok-lsp-ide-0.3.3\\server\\node_modules\\vscode-languageserver\\lib\\common\\server.js:593:20\n    at handleRequest (c:\\Users\\Pc\\.vscode\\extensions\\uqbar.wollok-lsp-ide-0.3.3\\server\\node_modules\\vscode-jsonrpc\\lib\\common\\connection.js:493:41)","timestamp":"2024-08-27T00:27:47.464Z"}
{"level":"error","message":"âœ˜ Completions for node failed: Error: [Return]{b34183} at tomyjerry.wlk:29 exhausted all cases without a match [Return]{b34183} at tomyjerry.wlk:29 exhausted all cases without a match","stack":"Error: [Return]{b34183} at tomyjerry.wlk:29 exhausted all cases without a match\n    at c:\\Users\\Pc\\.vscode\\extensions\\uqbar.wollok-lsp-ide-0.3.3\\node_modules\\wollok-ts\\dist\\extensions.js:85:11\n    at completionsForNode (c:\\Users\\Pc\\.vscode\\extensions\\uqbar.wollok-lsp-ide-0.3.3\\server\\out\\functionalities\\autocomplete\\node-completion.js:10:44)\n    at completeForParent (c:\\Users\\Pc\\.vscode\\extensions\\uqbar.wollok-lsp-ide-0.3.3\\server\\out\\functionalities\\autocomplete\\node-completion.js:56:43)\n    at completionsForNode (c:\\Users\\Pc\\.vscode\\extensions\\uqbar.wollok-lsp-ide-0.3.3\\server\\out\\functionalities\\autocomplete\\node-completion.js:14:46)\n    at completeForParent (c:\\Users\\Pc\\.vscode\\extensions\\uqbar.wollok-lsp-ide-0.3.3\\server\\out\\functionalities\\autocomplete\\node-completion.js:56:43)\n    at completionsForNode (c:\\Users\\Pc\\.vscode\\extensions\\uqbar.wollok-lsp-ide-0.3.3\\server\\out\\functionalities\\autocomplete\\node-completion.js:14:46)\n    at completeForParent (c:\\Users\\Pc\\.vscode\\extensions\\uqbar.wollok-lsp-ide-0.3.3\\server\\out\\functionalities\\autocomplete\\node-completion.js:56:43)\n    at completionsForNode (c:\\Users\\Pc\\.vscode\\extensions\\uqbar.wollok-lsp-ide-0.3.3\\server\\out\\functionalities\\autocomplete\\node-completion.js:14:46)\n    at c:\\Users\\Pc\\.vscode\\extensions\\uqbar.wollok-lsp-ide-0.3.3\\server\\out\\functionalities\\autocomplete\\autocomplete.js:26:154\n    at c:\\Users\\Pc\\.vscode\\extensions\\uqbar.wollok-lsp-ide-0.3.3\\server\\out\\server.js:198:20","timestamp":"2024-08-27T00:27:47.464Z"}
{"level":"info","message":"âŒ› Building environment","timeElapsed":159,"timestamp":"2024-08-27T00:27:47.932Z"}
{"level":"error","message":"âœ˜ Completions for node failed: Error: [Send]{d84070} at tomyjerry.wlk:29 exhausted all cases without a match [Send]{d84070} at tomyjerry.wlk:29 exhausted all cases without a match","stack":"Error: [Send]{d84070} at tomyjerry.wlk:29 exhausted all cases without a match\n    at c:\\Users\\Pc\\.vscode\\extensions\\uqbar.wollok-lsp-ide-0.3.3\\node_modules\\wollok-ts\\dist\\extensions.js:85:11\n    at completionsForNode (c:\\Users\\Pc\\.vscode\\extensions\\uqbar.wollok-lsp-ide-0.3.3\\server\\out\\functionalities\\autocomplete\\node-completion.js:10:44)\n    at c:\\Users\\Pc\\.vscode\\extensions\\uqbar.wollok-lsp-ide-0.3.3\\server\\out\\functionalities\\autocomplete\\autocomplete.js:26:154\n    at c:\\Users\\Pc\\.vscode\\extensions\\uqbar.wollok-lsp-ide-0.3.3\\server\\out\\server.js:198:20\n    at c:\\Users\\Pc\\.vscode\\extensions\\uqbar.wollok-lsp-ide-0.3.3\\server\\node_modules\\vscode-languageserver\\lib\\common\\server.js:593:20\n    at handleRequest (c:\\Users\\Pc\\.vscode\\extensions\\uqbar.wollok-lsp-ide-0.3.3\\server\\node_modules\\vscode-jsonrpc\\lib\\common\\connection.js:493:41)\n    at handleMessage (c:\\Users\\Pc\\.vscode\\extensions\\uqbar.wollok-lsp-ide-0.3.3\\server\\node_modules\\vscode-jsonrpc\\lib\\common\\connection.js:339:13)\n    at processMessageQueue (c:\\Users\\Pc\\.vscode\\extensions\\uqbar.wollok-lsp-ide-0.3.3\\server\\node_modules\\vscode-jsonrpc\\lib\\common\\connection.js:362:17)\n    at Immediate._onImmediate (c:\\Users\\Pc\\.vscode\\extensions\\uqbar.wollok-lsp-ide-0.3.3\\server\\node_modules\\vscode-jsonrpc\\lib\\common\\connection.js:334:13)\n    at process.processImmediate (node:internal/timers:478:21)","timestamp":"2024-08-27T00:27:47.948Z"}
{"level":"error","message":"âœ˜ Completions for node failed: Error: [Send]{7b5a02} at tomyjerry.wlk:29 exhausted all cases without a match [Send]{7b5a02} at tomyjerry.wlk:29 exhausted all cases without a match","stack":"Error: [Send]{7b5a02} at tomyjerry.wlk:29 exhausted all cases without a match\n    at c:\\Users\\Pc\\.vscode\\extensions\\uqbar.wollok-lsp-ide-0.3.3\\node_modules\\wollok-ts\\dist\\extensions.js:85:11\n    at completionsForNode (c:\\Users\\Pc\\.vscode\\extensions\\uqbar.wollok-lsp-ide-0.3.3\\server\\out\\functionalities\\autocomplete\\node-completion.js:10:44)\n    at completeForParent (c:\\Users\\Pc\\.vscode\\extensions\\uqbar.wollok-lsp-ide-0.3.3\\server\\out\\functionalities\\autocomplete\\node-completion.js:56:43)\n    at completionsForNode (c:\\Users\\Pc\\.vscode\\extensions\\uqbar.wollok-lsp-ide-0.3.3\\server\\out\\functionalities\\autocomplete\\node-completion.js:14:46)\n    at c:\\Users\\Pc\\.vscode\\extensions\\uqbar.wollok-lsp-ide-0.3.3\\server\\out\\functionalities\\autocomplete\\autocomplete.js:26:154\n    at c:\\Users\\Pc\\.vscode\\extensions\\uqbar.wollok-lsp-ide-0.3.3\\server\\out\\server.js:198:20\n    at c:\\Users\\Pc\\.vscode\\extensions\\uqbar.wollok-lsp-ide-0.3.3\\server\\node_modules\\vscode-languageserver\\lib\\common\\server.js:593:20\n    at handleRequest (c:\\Users\\Pc\\.vscode\\extensions\\uqbar.wollok-lsp-ide-0.3.3\\server\\node_modules\\vscode-jsonrpc\\lib\\common\\connection.js:493:41)\n    at handleMessage (c:\\Users\\Pc\\.vscode\\extensions\\uqbar.wollok-lsp-ide-0.3.3\\server\\node_modules\\vscode-jsonrpc\\lib\\common\\connection.js:339:13)\n    at processMessageQueue (c:\\Users\\Pc\\.vscode\\extensions\\uqbar.wollok-lsp-ide-0.3.3\\server\\node_modules\\vscode-jsonrpc\\lib\\common\\connection.js:362:17)","timestamp":"2024-08-27T00:27:47.948Z"}
{"level":"error","message":"âœ˜ Completions for node failed: Error: [Send]{9bdd5b} at tomyjerry.wlk:29 exhausted all cases without a match [Send]{9bdd5b} at tomyjerry.wlk:29 exhausted all cases without a match","stack":"Error: [Send]{9bdd5b} at tomyjerry.wlk:29 exhausted all cases without a match\n    at c:\\Users\\Pc\\.vscode\\extensions\\uqbar.wollok-lsp-ide-0.3.3\\node_modules\\wollok-ts\\dist\\extensions.js:85:11\n    at completionsForNode (c:\\Users\\Pc\\.vscode\\extensions\\uqbar.wollok-lsp-ide-0.3.3\\server\\out\\functionalities\\autocomplete\\node-completion.js:10:44)\n    at completeForParent (c:\\Users\\Pc\\.vscode\\extensions\\uqbar.wollok-lsp-ide-0.3.3\\server\\out\\functionalities\\autocomplete\\node-completion.js:56:43)\n    at completionsForNode (c:\\Users\\Pc\\.vscode\\extensions\\uqbar.wollok-lsp-ide-0.3.3\\server\\out\\functionalities\\autocomplete\\node-completion.js:14:46)\n    at completeForParent (c:\\Users\\Pc\\.vscode\\extensions\\uqbar.wollok-lsp-ide-0.3.3\\server\\out\\functionalities\\autocomplete\\node-completion.js:56:43)\n    at completionsForNode (c:\\Users\\Pc\\.vscode\\extensions\\uqbar.wollok-lsp-ide-0.3.3\\server\\out\\functionalities\\autocomplete\\node-completion.js:14:46)\n    at c:\\Users\\Pc\\.vscode\\extensions\\uqbar.wollok-lsp-ide-0.3.3\\server\\out\\functionalities\\autocomplete\\autocomplete.js:26:154\n    at c:\\Users\\Pc\\.vscode\\extensions\\uqbar.wollok-lsp-ide-0.3.3\\server\\out\\server.js:198:20\n    at c:\\Users\\Pc\\.vscode\\extensions\\uqbar.wollok-lsp-ide-0.3.3\\server\\node_modules\\vscode-languageserver\\lib\\common\\server.js:593:20\n    at handleRequest (c:\\Users\\Pc\\.vscode\\extensions\\uqbar.wollok-lsp-ide-0.3.3\\server\\node_modules\\vscode-jsonrpc\\lib\\common\\connection.js:493:41)","timestamp":"2024-08-27T00:27:47.948Z"}
{"level":"error","message":"âœ˜ Completions for node failed: Error: [Return]{70a45e} at tomyjerry.wlk:29 exhausted all cases without a match [Return]{70a45e} at tomyjerry.wlk:29 exhausted all cases without a match","stack":"Error: [Return]{70a45e} at tomyjerry.wlk:29 exhausted all cases without a match\n    at c:\\Users\\Pc\\.vscode\\extensions\\uqbar.wollok-lsp-ide-0.3.3\\node_modules\\wollok-ts\\dist\\extensions.js:85:11\n    at completionsForNode (c:\\Users\\Pc\\.vscode\\extensions\\uqbar.wollok-lsp-ide-0.3.3\\server\\out\\functionalities\\autocomplete\\node-completion.js:10:44)\n    at completeForParent (c:\\Users\\Pc\\.vscode\\extensions\\uqbar.wollok-lsp-ide-0.3.3\\server\\out\\functionalities\\autocomplete\\node-completion.js:56:43)\n    at completionsForNode (c:\\Users\\Pc\\.vscode\\extensions\\uqbar.wollok-lsp-ide-0.3.3\\server\\out\\functionalities\\autocomplete\\node-completion.js:14:46)\n    at completeForParent (c:\\Users\\Pc\\.vscode\\extensions\\uqbar.wollok-lsp-ide-0.3.3\\server\\out\\functionalities\\autocomplete\\node-completion.js:56:43)\n    at completionsForNode (c:\\Users\\Pc\\.vscode\\extensions\\uqbar.wollok-lsp-ide-0.3.3\\server\\out\\functionalities\\autocomplete\\node-completion.js:14:46)\n    at completeForParent (c:\\Users\\Pc\\.vscode\\extensions\\uqbar.wollok-lsp-ide-0.3.3\\server\\out\\functionalities\\autocomplete\\node-completion.js:56:43)\n    at completionsForNode (c:\\Users\\Pc\\.vscode\\extensions\\uqbar.wollok-lsp-ide-0.3.3\\server\\out\\functionalities\\autocomplete\\node-completion.js:14:46)\n    at c:\\Users\\Pc\\.vscode\\extensions\\uqbar.wollok-lsp-ide-0.3.3\\server\\out\\functionalities\\autocomplete\\autocomplete.js:26:154\n    at c:\\Users\\Pc\\.vscode\\extensions\\uqbar.wollok-lsp-ide-0.3.3\\server\\out\\server.js:198:20","timestamp":"2024-08-27T00:27:47.948Z"}
{"level":"info","message":"âŒ› Validating tomyjerry.wlk","timeElapsed":103,"timestamp":"2024-08-27T00:27:48.638Z"}
{"level":"error","message":"âœ˜ Completions for node failed: Error: [Send]{c7126a} at tomyjerry.wlk:29 exhausted all cases without a match [Send]{c7126a} at tomyjerry.wlk:29 exhausted all cases without a match","stack":"Error: [Send]{c7126a} at tomyjerry.wlk:29 exhausted all cases without a match\n    at c:\\Users\\Pc\\.vscode\\extensions\\uqbar.wollok-lsp-ide-0.3.3\\node_modules\\wollok-ts\\dist\\extensions.js:85:11\n    at completionsForNode (c:\\Users\\Pc\\.vscode\\extensions\\uqbar.wollok-lsp-ide-0.3.3\\server\\out\\functionalities\\autocomplete\\node-completion.js:10:44)\n    at c:\\Users\\Pc\\.vscode\\extensions\\uqbar.wollok-lsp-ide-0.3.3\\server\\out\\functionalities\\autocomplete\\autocomplete.js:26:154\n    at c:\\Users\\Pc\\.vscode\\extensions\\uqbar.wollok-lsp-ide-0.3.3\\server\\out\\server.js:198:20\n    at c:\\Users\\Pc\\.vscode\\extensions\\uqbar.wollok-lsp-ide-0.3.3\\server\\node_modules\\vscode-languageserver\\lib\\common\\server.js:593:20\n    at handleRequest (c:\\Users\\Pc\\.vscode\\extensions\\uqbar.wollok-lsp-ide-0.3.3\\server\\node_modules\\vscode-jsonrpc\\lib\\common\\connection.js:493:41)\n    at handleMessage (c:\\Users\\Pc\\.vscode\\extensions\\uqbar.wollok-lsp-ide-0.3.3\\server\\node_modules\\vscode-jsonrpc\\lib\\common\\connection.js:339:13)\n    at processMessageQueue (c:\\Users\\Pc\\.vscode\\extensions\\uqbar.wollok-lsp-ide-0.3.3\\server\\node_modules\\vscode-jsonrpc\\lib\\common\\connection.js:362:17)\n    at Immediate._onImmediate (c:\\Users\\Pc\\.vscode\\extensions\\uqbar.wollok-lsp-ide-0.3.3\\server\\node_modules\\vscode-jsonrpc\\lib\\common\\connection.js:334:13)\n    at process.processImmediate (node:internal/timers:478:21)","timestamp":"2024-08-27T00:27:48.723Z"}
{"level":"error","message":"âœ˜ Completions for node failed: Error: [Send]{fc778b} at tomyjerry.wlk:29 exhausted all cases without a match [Send]{fc778b} at tomyjerry.wlk:29 exhausted all cases without a match","stack":"Error: [Send]{fc778b} at tomyjerry.wlk:29 exhausted all cases without a match\n    at c:\\Users\\Pc\\.vscode\\extensions\\uqbar.wollok-lsp-ide-0.3.3\\node_modules\\wollok-ts\\dist\\extensions.js:85:11\n    at completionsForNode (c:\\Users\\Pc\\.vscode\\extensions\\uqbar.wollok-lsp-ide-0.3.3\\server\\out\\functionalities\\autocomplete\\node-completion.js:10:44)\n    at completeForParent (c:\\Users\\Pc\\.vscode\\extensions\\uqbar.wollok-lsp-ide-0.3.3\\server\\out\\functionalities\\autocomplete\\node-completion.js:56:43)\n    at completionsForNode (c:\\Users\\Pc\\.vscode\\extensions\\uqbar.wollok-lsp-ide-0.3.3\\server\\out\\functionalities\\autocomplete\\node-completion.js:14:46)\n    at c:\\Users\\Pc\\.vscode\\extensions\\uqbar.wollok-lsp-ide-0.3.3\\server\\out\\functionalities\\autocomplete\\autocomplete.js:26:154\n    at c:\\Users\\Pc\\.vscode\\extensions\\uqbar.wollok-lsp-ide-0.3.3\\server\\out\\server.js:198:20\n    at c:\\Users\\Pc\\.vscode\\extensions\\uqbar.wollok-lsp-ide-0.3.3\\server\\node_modules\\vscode-languageserver\\lib\\common\\server.js:593:20\n    at handleRequest (c:\\Users\\Pc\\.vscode\\extensions\\uqbar.wollok-lsp-ide-0.3.3\\server\\node_modules\\vscode-jsonrpc\\lib\\common\\connection.js:493:41)\n    at handleMessage (c:\\Users\\Pc\\.vscode\\extensions\\uqbar.wollok-lsp-ide-0.3.3\\server\\node_modules\\vscode-jsonrpc\\lib\\common\\connection.js:339:13)\n    at processMessageQueue (c:\\Users\\Pc\\.vscode\\extensions\\uqbar.wollok-lsp-ide-0.3.3\\server\\node_modules\\vscode-jsonrpc\\lib\\common\\connection.js:362:17)","timestamp":"2024-08-27T00:27:48.724Z"}
{"level":"error","message":"âœ˜ Completions for node failed: Error: [Send]{3cafef} at tomyjerry.wlk:29 exhausted all cases without a match [Send]{3cafef} at tomyjerry.wlk:29 exhausted all cases without a match","stack":"Error: [Send]{3cafef} at tomyjerry.wlk:29 exhausted all cases without a match\n    at c:\\Users\\Pc\\.vscode\\extensions\\uqbar.wollok-lsp-ide-0.3.3\\node_modules\\wollok-ts\\dist\\extensions.js:85:11\n    at completionsForNode (c:\\Users\\Pc\\.vscode\\extensions\\uqbar.wollok-lsp-ide-0.3.3\\server\\out\\functionalities\\autocomplete\\node-completion.js:10:44)\n    at completeForParent (c:\\Users\\Pc\\.vscode\\extensions\\uqbar.wollok-lsp-ide-0.3.3\\server\\out\\functionalities\\autocomplete\\node-completion.js:56:43)\n    at completionsForNode (c:\\Users\\Pc\\.vscode\\extensions\\uqbar.wollok-lsp-ide-0.3.3\\server\\out\\functionalities\\autocomplete\\node-completion.js:14:46)\n    at completeForParent (c:\\Users\\Pc\\.vscode\\extensions\\uqbar.wollok-lsp-ide-0.3.3\\server\\out\\functionalities\\autocomplete\\node-completion.js:56:43)\n    at completionsForNode (c:\\Users\\Pc\\.vscode\\extensions\\uqbar.wollok-lsp-ide-0.3.3\\server\\out\\functionalities\\autocomplete\\node-completion.js:14:46)\n    at c:\\Users\\Pc\\.vscode\\extensions\\uqbar.wollok-lsp-ide-0.3.3\\server\\out\\functionalities\\autocomplete\\autocomplete.js:26:154\n    at c:\\Users\\Pc\\.vscode\\extensions\\uqbar.wollok-lsp-ide-0.3.3\\server\\out\\server.js:198:20\n    at c:\\Users\\Pc\\.vscode\\extensions\\uqbar.wollok-lsp-ide-0.3.3\\server\\node_modules\\vscode-languageserver\\lib\\common\\server.js:593:20\n    at handleRequest (c:\\Users\\Pc\\.vscode\\extensions\\uqbar.wollok-lsp-ide-0.3.3\\server\\node_modules\\vscode-jsonrpc\\lib\\common\\connection.js:493:41)","timestamp":"2024-08-27T00:27:48.724Z"}
{"level":"error","message":"âœ˜ Completions for node failed: Error: [Return]{c2e3f6} at tomyjerry.wlk:29 exhausted all cases without a match [Return]{c2e3f6} at tomyjerry.wlk:29 exhausted all cases without a match","stack":"Error: [Return]{c2e3f6} at tomyjerry.wlk:29 exhausted all cases without a match\n    at c:\\Users\\Pc\\.vscode\\extensions\\uqbar.wollok-lsp-ide-0.3.3\\node_modules\\wollok-ts\\dist\\extensions.js:85:11\n    at completionsForNode (c:\\Users\\Pc\\.vscode\\extensions\\uqbar.wollok-lsp-ide-0.3.3\\server\\out\\functionalities\\autocomplete\\node-completion.js:10:44)\n    at completeForParent (c:\\Users\\Pc\\.vscode\\extensions\\uqbar.wollok-lsp-ide-0.3.3\\server\\out\\functionalities\\autocomplete\\node-completion.js:56:43)\n    at completionsForNode (c:\\Users\\Pc\\.vscode\\extensions\\uqbar.wollok-lsp-ide-0.3.3\\server\\out\\functionalities\\autocomplete\\node-completion.js:14:46)\n    at completeForParent (c:\\Users\\Pc\\.vscode\\extensions\\uqbar.wollok-lsp-ide-0.3.3\\server\\out\\functionalities\\autocomplete\\node-completion.js:56:43)\n    at completionsForNode (c:\\Users\\Pc\\.vscode\\extensions\\uqbar.wollok-lsp-ide-0.3.3\\server\\out\\functionalities\\autocomplete\\node-completion.js:14:46)\n    at completeForParent (c:\\Users\\Pc\\.vscode\\extensions\\uqbar.wollok-lsp-ide-0.3.3\\server\\out\\functionalities\\autocomplete\\node-completion.js:56:43)\n    at completionsForNode (c:\\Users\\Pc\\.vscode\\extensions\\uqbar.wollok-lsp-ide-0.3.3\\server\\out\\functionalities\\autocomplete\\node-completion.js:14:46)\n    at c:\\Users\\Pc\\.vscode\\extensions\\uqbar.wollok-lsp-ide-0.3.3\\server\\out\\functionalities\\autocomplete\\autocomplete.js:26:154\n    at c:\\Users\\Pc\\.vscode\\extensions\\uqbar.wollok-lsp-ide-0.3.3\\server\\out\\server.js:198:20","timestamp":"2024-08-27T00:27:48.724Z"}
{"level":"error","message":"âœ˜ Completions for node failed: Error: [Send]{9762ff} at tomyjerry.wlk:29 exhausted all cases without a match [Send]{9762ff} at tomyjerry.wlk:29 exhausted all cases without a match","stack":"Error: [Send]{9762ff} at tomyjerry.wlk:29 exhausted all cases without a match\n    at c:\\Users\\Pc\\.vscode\\extensions\\uqbar.wollok-lsp-ide-0.3.3\\node_modules\\wollok-ts\\dist\\extensions.js:85:11\n    at completionsForNode (c:\\Users\\Pc\\.vscode\\extensions\\uqbar.wollok-lsp-ide-0.3.3\\server\\out\\functionalities\\autocomplete\\node-completion.js:10:44)\n    at c:\\Users\\Pc\\.vscode\\extensions\\uqbar.wollok-lsp-ide-0.3.3\\server\\out\\functionalities\\autocomplete\\autocomplete.js:26:154\n    at c:\\Users\\Pc\\.vscode\\extensions\\uqbar.wollok-lsp-ide-0.3.3\\server\\out\\server.js:198:20\n    at c:\\Users\\Pc\\.vscode\\extensions\\uqbar.wollok-lsp-ide-0.3.3\\server\\node_modules\\vscode-languageserver\\lib\\common\\server.js:593:20\n    at handleRequest (c:\\Users\\Pc\\.vscode\\extensions\\uqbar.wollok-lsp-ide-0.3.3\\server\\node_modules\\vscode-jsonrpc\\lib\\common\\connection.js:493:41)\n    at handleMessage (c:\\Users\\Pc\\.vscode\\extensions\\uqbar.wollok-lsp-ide-0.3.3\\server\\node_modules\\vscode-jsonrpc\\lib\\common\\connection.js:339:13)\n    at processMessageQueue (c:\\Users\\Pc\\.vscode\\extensions\\uqbar.wollok-lsp-ide-0.3.3\\server\\node_modules\\vscode-jsonrpc\\lib\\common\\connection.js:362:17)\n    at Immediate._onImmediate (c:\\Users\\Pc\\.vscode\\extensions\\uqbar.wollok-lsp-ide-0.3.3\\server\\node_modules\\vscode-jsonrpc\\lib\\common\\connection.js:334:13)\n    at process.processImmediate (node:internal/timers:478:21)","timestamp":"2024-08-27T00:27:49.026Z"}
{"level":"error","message":"âœ˜ Completions for node failed: Error: [Send]{a26422} at tomyjerry.wlk:29 exhausted all cases without a match [Send]{a26422} at tomyjerry.wlk:29 exhausted all cases without a match","stack":"Error: [Send]{a26422} at tomyjerry.wlk:29 exhausted all cases without a match\n    at c:\\Users\\Pc\\.vscode\\extensions\\uqbar.wollok-lsp-ide-0.3.3\\node_modules\\wollok-ts\\dist\\extensions.js:85:11\n    at completionsForNode (c:\\Users\\Pc\\.vscode\\extensions\\uqbar.wollok-lsp-ide-0.3.3\\server\\out\\functionalities\\autocomplete\\node-completion.js:10:44)\n    at completeForParent (c:\\Users\\Pc\\.vscode\\extensions\\uqbar.wollok-lsp-ide-0.3.3\\server\\out\\functionalities\\autocomplete\\node-completion.js:56:43)\n    at completionsForNode (c:\\Users\\Pc\\.vscode\\extensions\\uqbar.wollok-lsp-ide-0.3.3\\server\\out\\functionalities\\autocomplete\\node-completion.js:14:46)\n    at c:\\Users\\Pc\\.vscode\\extensions\\uqbar.wollok-lsp-ide-0.3.3\\server\\out\\functionalities\\autocomplete\\autocomplete.js:26:154\n    at c:\\Users\\Pc\\.vscode\\extensions\\uqbar.wollok-lsp-ide-0.3.3\\server\\out\\server.js:198:20\n    at c:\\Users\\Pc\\.vscode\\extensions\\uqbar.wollok-lsp-ide-0.3.3\\server\\node_modules\\vscode-languageserver\\lib\\common\\server.js:593:20\n    at handleRequest (c:\\Users\\Pc\\.vscode\\extensions\\uqbar.wollok-lsp-ide-0.3.3\\server\\node_modules\\vscode-jsonrpc\\lib\\common\\connection.js:493:41)\n    at handleMessage (c:\\Users\\Pc\\.vscode\\extensions\\uqbar.wollok-lsp-ide-0.3.3\\server\\node_modules\\vscode-jsonrpc\\lib\\common\\connection.js:339:13)\n    at processMessageQueue (c:\\Users\\Pc\\.vscode\\extensions\\uqbar.wollok-lsp-ide-0.3.3\\server\\node_modules\\vscode-jsonrpc\\lib\\common\\connection.js:362:17)","timestamp":"2024-08-27T00:27:49.026Z"}
{"level":"error","message":"âœ˜ Completions for node failed: Error: [Send]{1c3b33} at tomyjerry.wlk:29 exhausted all cases without a match [Send]{1c3b33} at tomyjerry.wlk:29 exhausted all cases without a match","stack":"Error: [Send]{1c3b33} at tomyjerry.wlk:29 exhausted all cases without a match\n    at c:\\Users\\Pc\\.vscode\\extensions\\uqbar.wollok-lsp-ide-0.3.3\\node_modules\\wollok-ts\\dist\\extensions.js:85:11\n    at completionsForNode (c:\\Users\\Pc\\.vscode\\extensions\\uqbar.wollok-lsp-ide-0.3.3\\server\\out\\functionalities\\autocomplete\\node-completion.js:10:44)\n    at completeForParent (c:\\Users\\Pc\\.vscode\\extensions\\uqbar.wollok-lsp-ide-0.3.3\\server\\out\\functionalities\\autocomplete\\node-completion.js:56:43)\n    at completionsForNode (c:\\Users\\Pc\\.vscode\\extensions\\uqbar.wollok-lsp-ide-0.3.3\\server\\out\\functionalities\\autocomplete\\node-completion.js:14:46)\n    at completeForParent (c:\\Users\\Pc\\.vscode\\extensions\\uqbar.wollok-lsp-ide-0.3.3\\server\\out\\functionalities\\autocomplete\\node-completion.js:56:43)\n    at completionsForNode (c:\\Users\\Pc\\.vscode\\extensions\\uqbar.wollok-lsp-ide-0.3.3\\server\\out\\functionalities\\autocomplete\\node-completion.js:14:46)\n    at c:\\Users\\Pc\\.vscode\\extensions\\uqbar.wollok-lsp-ide-0.3.3\\server\\out\\functionalities\\autocomplete\\autocomplete.js:26:154\n    at c:\\Users\\Pc\\.vscode\\extensions\\uqbar.wollok-lsp-ide-0.3.3\\server\\out\\server.js:198:20\n    at c:\\Users\\Pc\\.vscode\\extensions\\uqbar.wollok-lsp-ide-0.3.3\\server\\node_modules\\vscode-languageserver\\lib\\common\\server.js:593:20\n    at handleRequest (c:\\Users\\Pc\\.vscode\\extensions\\uqbar.wollok-lsp-ide-0.3.3\\server\\node_modules\\vscode-jsonrpc\\lib\\common\\connection.js:493:41)","timestamp":"2024-08-27T00:27:49.026Z"}
{"level":"error","message":"âœ˜ Completions for node failed: Error: [Return]{05f6e4} at tomyjerry.wlk:29 exhausted all cases without a match [Return]{05f6e4} at tomyjerry.wlk:29 exhausted all cases without a match","stack":"Error: [Return]{05f6e4} at tomyjerry.wlk:29 exhausted all cases without a match\n    at c:\\Users\\Pc\\.vscode\\extensions\\uqbar.wollok-lsp-ide-0.3.3\\node_modules\\wollok-ts\\dist\\extensions.js:85:11\n    at completionsForNode (c:\\Users\\Pc\\.vscode\\extensions\\uqbar.wollok-lsp-ide-0.3.3\\server\\out\\functionalities\\autocomplete\\node-completion.js:10:44)\n    at completeForParent (c:\\Users\\Pc\\.vscode\\extensions\\uqbar.wollok-lsp-ide-0.3.3\\server\\out\\functionalities\\autocomplete\\node-completion.js:56:43)\n    at completionsForNode (c:\\Users\\Pc\\.vscode\\extensions\\uqbar.wollok-lsp-ide-0.3.3\\server\\out\\functionalities\\autocomplete\\node-completion.js:14:46)\n    at completeForParent (c:\\Users\\Pc\\.vscode\\extensions\\uqbar.wollok-lsp-ide-0.3.3\\server\\out\\functionalities\\autocomplete\\node-completion.js:56:43)\n    at completionsForNode (c:\\Users\\Pc\\.vscode\\extensions\\uqbar.wollok-lsp-ide-0.3.3\\server\\out\\functionalities\\autocomplete\\node-completion.js:14:46)\n    at completeForParent (c:\\Users\\Pc\\.vscode\\extensions\\uqbar.wollok-lsp-ide-0.3.3\\server\\out\\functionalities\\autocomplete\\node-completion.js:56:43)\n    at completionsForNode (c:\\Users\\Pc\\.vscode\\extensions\\uqbar.wollok-lsp-ide-0.3.3\\server\\out\\functionalities\\autocomplete\\node-completion.js:14:46)\n    at c:\\Users\\Pc\\.vscode\\extensions\\uqbar.wollok-lsp-ide-0.3.3\\server\\out\\functionalities\\autocomplete\\autocomplete.js:26:154\n    at c:\\Users\\Pc\\.vscode\\extensions\\uqbar.wollok-lsp-ide-0.3.3\\server\\out\\server.js:198:20","timestamp":"2024-08-27T00:27:49.026Z"}
{"level":"error","message":"âœ˜ Completions for node failed: Error: [Send]{d20db9} at tomyjerry.wlk:29 exhausted all cases without a match [Send]{d20db9} at tomyjerry.wlk:29 exhausted all cases without a match","stack":"Error: [Send]{d20db9} at tomyjerry.wlk:29 exhausted all cases without a match\n    at c:\\Users\\Pc\\.vscode\\extensions\\uqbar.wollok-lsp-ide-0.3.3\\node_modules\\wollok-ts\\dist\\extensions.js:85:11\n    at completionsForNode (c:\\Users\\Pc\\.vscode\\extensions\\uqbar.wollok-lsp-ide-0.3.3\\server\\out\\functionalities\\autocomplete\\node-completion.js:10:44)\n    at c:\\Users\\Pc\\.vscode\\extensions\\uqbar.wollok-lsp-ide-0.3.3\\server\\out\\functionalities\\autocomplete\\autocomplete.js:26:154\n    at c:\\Users\\Pc\\.vscode\\extensions\\uqbar.wollok-lsp-ide-0.3.3\\server\\out\\server.js:198:20\n    at c:\\Users\\Pc\\.vscode\\extensions\\uqbar.wollok-lsp-ide-0.3.3\\server\\node_modules\\vscode-languageserver\\lib\\common\\server.js:593:20\n    at handleRequest (c:\\Users\\Pc\\.vscode\\extensions\\uqbar.wollok-lsp-ide-0.3.3\\server\\node_modules\\vscode-jsonrpc\\lib\\common\\connection.js:493:41)\n    at handleMessage (c:\\Users\\Pc\\.vscode\\extensions\\uqbar.wollok-lsp-ide-0.3.3\\server\\node_modules\\vscode-jsonrpc\\lib\\common\\connection.js:339:13)\n    at processMessageQueue (c:\\Users\\Pc\\.vscode\\extensions\\uqbar.wollok-lsp-ide-0.3.3\\server\\node_modules\\vscode-jsonrpc\\lib\\common\\connection.js:362:17)\n    at Immediate._onImmediate (c:\\Users\\Pc\\.vscode\\extensions\\uqbar.wollok-lsp-ide-0.3.3\\server\\node_modules\\vscode-jsonrpc\\lib\\common\\connection.js:334:13)\n    at process.processImmediate (node:internal/timers:478:21)","timestamp":"2024-08-27T00:27:49.306Z"}
{"level":"error","message":"âœ˜ Completions for node failed: Error: [Send]{47b481} at tomyjerry.wlk:29 exhausted all cases without a match [Send]{47b481} at tomyjerry.wlk:29 exhausted all cases without a match","stack":"Error: [Send]{47b481} at tomyjerry.wlk:29 exhausted all cases without a match\n    at c:\\Users\\Pc\\.vscode\\extensions\\uqbar.wollok-lsp-ide-0.3.3\\node_modules\\wollok-ts\\dist\\extensions.js:85:11\n    at completionsForNode (c:\\Users\\Pc\\.vscode\\extensions\\uqbar.wollok-lsp-ide-0.3.3\\server\\out\\functionalities\\autocomplete\\node-completion.js:10:44)\n    at completeForParent (c:\\Users\\Pc\\.vscode\\extensions\\uqbar.wollok-lsp-ide-0.3.3\\server\\out\\functionalities\\autocomplete\\node-completion.js:56:43)\n    at completionsForNode (c:\\Users\\Pc\\.vscode\\extensions\\uqbar.wollok-lsp-ide-0.3.3\\server\\out\\functionalities\\autocomplete\\node-completion.js:14:46)\n    at c:\\Users\\Pc\\.vscode\\extensions\\uqbar.wollok-lsp-ide-0.3.3\\server\\out\\functionalities\\autocomplete\\autocomplete.js:26:154\n    at c:\\Users\\Pc\\.vscode\\extensions\\uqbar.wollok-lsp-ide-0.3.3\\server\\out\\server.js:198:20\n    at c:\\Users\\Pc\\.vscode\\extensions\\uqbar.wollok-lsp-ide-0.3.3\\server\\node_modules\\vscode-languageserver\\lib\\common\\server.js:593:20\n    at handleRequest (c:\\Users\\Pc\\.vscode\\extensions\\uqbar.wollok-lsp-ide-0.3.3\\server\\node_modules\\vscode-jsonrpc\\lib\\common\\connection.js:493:41)\n    at handleMessage (c:\\Users\\Pc\\.vscode\\extensions\\uqbar.wollok-lsp-ide-0.3.3\\server\\node_modules\\vscode-jsonrpc\\lib\\common\\connection.js:339:13)\n    at processMessageQueue (c:\\Users\\Pc\\.vscode\\extensions\\uqbar.wollok-lsp-ide-0.3.3\\server\\node_modules\\vscode-jsonrpc\\lib\\common\\connection.js:362:17)","timestamp":"2024-08-27T00:27:49.307Z"}
{"level":"error","message":"âœ˜ Completions for node failed: Error: [Send]{30fd53} at tomyjerry.wlk:29 exhausted all cases without a match [Send]{30fd53} at tomyjerry.wlk:29 exhausted all cases without a match","stack":"Error: [Send]{30fd53} at tomyjerry.wlk:29 exhausted all cases without a match\n    at c:\\Users\\Pc\\.vscode\\extensions\\uqbar.wollok-lsp-ide-0.3.3\\node_modules\\wollok-ts\\dist\\extensions.js:85:11\n    at completionsForNode (c:\\Users\\Pc\\.vscode\\extensions\\uqbar.wollok-lsp-ide-0.3.3\\server\\out\\functionalities\\autocomplete\\node-completion.js:10:44)\n    at completeForParent (c:\\Users\\Pc\\.vscode\\extensions\\uqbar.wollok-lsp-ide-0.3.3\\server\\out\\functionalities\\autocomplete\\node-completion.js:56:43)\n    at completionsForNode (c:\\Users\\Pc\\.vscode\\extensions\\uqbar.wollok-lsp-ide-0.3.3\\server\\out\\functionalities\\autocomplete\\node-completion.js:14:46)\n    at completeForParent (c:\\Users\\Pc\\.vscode\\extensions\\uqbar.wollok-lsp-ide-0.3.3\\server\\out\\functionalities\\autocomplete\\node-completion.js:56:43)\n    at completionsForNode (c:\\Users\\Pc\\.vscode\\extensions\\uqbar.wollok-lsp-ide-0.3.3\\server\\out\\functionalities\\autocomplete\\node-completion.js:14:46)\n    at c:\\Users\\Pc\\.vscode\\extensions\\uqbar.wollok-lsp-ide-0.3.3\\server\\out\\functionalities\\autocomplete\\autocomplete.js:26:154\n    at c:\\Users\\Pc\\.vscode\\extensions\\uqbar.wollok-lsp-ide-0.3.3\\server\\out\\server.js:198:20\n    at c:\\Users\\Pc\\.vscode\\extensions\\uqbar.wollok-lsp-ide-0.3.3\\server\\node_modules\\vscode-languageserver\\lib\\common\\server.js:593:20\n    at handleRequest (c:\\Users\\Pc\\.vscode\\extensions\\uqbar.wollok-lsp-ide-0.3.3\\server\\node_modules\\vscode-jsonrpc\\lib\\common\\connection.js:493:41)","timestamp":"2024-08-27T00:27:49.307Z"}
{"level":"error","message":"âœ˜ Completions for node failed: Error: [Return]{2e1335} at tomyjerry.wlk:29 exhausted all cases without a match [Return]{2e1335} at tomyjerry.wlk:29 exhausted all cases without a match","stack":"Error: [Return]{2e1335} at tomyjerry.wlk:29 exhausted all cases without a match\n    at c:\\Users\\Pc\\.vscode\\extensions\\uqbar.wollok-lsp-ide-0.3.3\\node_modules\\wollok-ts\\dist\\extensions.js:85:11\n    at completionsForNode (c:\\Users\\Pc\\.vscode\\extensions\\uqbar.wollok-lsp-ide-0.3.3\\server\\out\\functionalities\\autocomplete\\node-completion.js:10:44)\n    at completeForParent (c:\\Users\\Pc\\.vscode\\extensions\\uqbar.wollok-lsp-ide-0.3.3\\server\\out\\functionalities\\autocomplete\\node-completion.js:56:43)\n    at completionsForNode (c:\\Users\\Pc\\.vscode\\extensions\\uqbar.wollok-lsp-ide-0.3.3\\server\\out\\functionalities\\autocomplete\\node-completion.js:14:46)\n    at completeForParent (c:\\Users\\Pc\\.vscode\\extensions\\uqbar.wollok-lsp-ide-0.3.3\\server\\out\\functionalities\\autocomplete\\node-completion.js:56:43)\n    at completionsForNode (c:\\Users\\Pc\\.vscode\\extensions\\uqbar.wollok-lsp-ide-0.3.3\\server\\out\\functionalities\\autocomplete\\node-completion.js:14:46)\n    at completeForParent (c:\\Users\\Pc\\.vscode\\extensions\\uqbar.wollok-lsp-ide-0.3.3\\server\\out\\functionalities\\autocomplete\\node-completion.js:56:43)\n    at completionsForNode (c:\\Users\\Pc\\.vscode\\extensions\\uqbar.wollok-lsp-ide-0.3.3\\server\\out\\functionalities\\autocomplete\\node-completion.js:14:46)\n    at c:\\Users\\Pc\\.vscode\\extensions\\uqbar.wollok-lsp-ide-0.3.3\\server\\out\\functionalities\\autocomplete\\autocomplete.js:26:154\n    at c:\\Users\\Pc\\.vscode\\extensions\\uqbar.wollok-lsp-ide-0.3.3\\server\\out\\server.js:198:20","timestamp":"2024-08-27T00:27:49.307Z"}
{"level":"error","message":"âœ˜ Completions for node failed: Error: [Send]{632b50} at tomyjerry.wlk:29 exhausted all cases without a match [Send]{632b50} at tomyjerry.wlk:29 exhausted all cases without a match","stack":"Error: [Send]{632b50} at tomyjerry.wlk:29 exhausted all cases without a match\n    at c:\\Users\\Pc\\.vscode\\extensions\\uqbar.wollok-lsp-ide-0.3.3\\node_modules\\wollok-ts\\dist\\extensions.js:85:11\n    at completionsForNode (c:\\Users\\Pc\\.vscode\\extensions\\uqbar.wollok-lsp-ide-0.3.3\\server\\out\\functionalities\\autocomplete\\node-completion.js:10:44)\n    at c:\\Users\\Pc\\.vscode\\extensions\\uqbar.wollok-lsp-ide-0.3.3\\server\\out\\functionalities\\autocomplete\\autocomplete.js:26:154\n    at c:\\Users\\Pc\\.vscode\\extensions\\uqbar.wollok-lsp-ide-0.3.3\\server\\out\\server.js:198:20\n    at c:\\Users\\Pc\\.vscode\\extensions\\uqbar.wollok-lsp-ide-0.3.3\\server\\node_modules\\vscode-languageserver\\lib\\common\\server.js:593:20\n    at handleRequest (c:\\Users\\Pc\\.vscode\\extensions\\uqbar.wollok-lsp-ide-0.3.3\\server\\node_modules\\vscode-jsonrpc\\lib\\common\\connection.js:493:41)\n    at handleMessage (c:\\Users\\Pc\\.vscode\\extensions\\uqbar.wollok-lsp-ide-0.3.3\\server\\node_modules\\vscode-jsonrpc\\lib\\common\\connection.js:339:13)\n    at processMessageQueue (c:\\Users\\Pc\\.vscode\\extensions\\uqbar.wollok-lsp-ide-0.3.3\\server\\node_modules\\vscode-jsonrpc\\lib\\common\\connection.js:362:17)\n    at Immediate._onImmediate (c:\\Users\\Pc\\.vscode\\extensions\\uqbar.wollok-lsp-ide-0.3.3\\server\\node_modules\\vscode-jsonrpc\\lib\\common\\connection.js:334:13)\n    at process.processImmediate (node:internal/timers:478:21)","timestamp":"2024-08-27T00:27:49.487Z"}
{"level":"error","message":"âœ˜ Completions for node failed: Error: [Send]{6ed3bb} at tomyjerry.wlk:29 exhausted all cases without a match [Send]{6ed3bb} at tomyjerry.wlk:29 exhausted all cases without a match","stack":"Error: [Send]{6ed3bb} at tomyjerry.wlk:29 exhausted all cases without a match\n    at c:\\Users\\Pc\\.vscode\\extensions\\uqbar.wollok-lsp-ide-0.3.3\\node_modules\\wollok-ts\\dist\\extensions.js:85:11\n    at completionsForNode (c:\\Users\\Pc\\.vscode\\extensions\\uqbar.wollok-lsp-ide-0.3.3\\server\\out\\functionalities\\autocomplete\\node-completion.js:10:44)\n    at completeForParent (c:\\Users\\Pc\\.vscode\\extensions\\uqbar.wollok-lsp-ide-0.3.3\\server\\out\\functionalities\\autocomplete\\node-completion.js:56:43)\n    at completionsForNode (c:\\Users\\Pc\\.vscode\\extensions\\uqbar.wollok-lsp-ide-0.3.3\\server\\out\\functionalities\\autocomplete\\node-completion.js:14:46)\n    at c:\\Users\\Pc\\.vscode\\extensions\\uqbar.wollok-lsp-ide-0.3.3\\server\\out\\functionalities\\autocomplete\\autocomplete.js:26:154\n    at c:\\Users\\Pc\\.vscode\\extensions\\uqbar.wollok-lsp-ide-0.3.3\\server\\out\\server.js:198:20\n    at c:\\Users\\Pc\\.vscode\\extensions\\uqbar.wollok-lsp-ide-0.3.3\\server\\node_modules\\vscode-languageserver\\lib\\common\\server.js:593:20\n    at handleRequest (c:\\Users\\Pc\\.vscode\\extensions\\uqbar.wollok-lsp-ide-0.3.3\\server\\node_modules\\vscode-jsonrpc\\lib\\common\\connection.js:493:41)\n    at handleMessage (c:\\Users\\Pc\\.vscode\\extensions\\uqbar.wollok-lsp-ide-0.3.3\\server\\node_modules\\vscode-jsonrpc\\lib\\common\\connection.js:339:13)\n    at processMessageQueue (c:\\Users\\Pc\\.vscode\\extensions\\uqbar.wollok-lsp-ide-0.3.3\\server\\node_modules\\vscode-jsonrpc\\lib\\common\\connection.js:362:17)","timestamp":"2024-08-27T00:27:49.488Z"}
{"level":"error","message":"âœ˜ Completions for node failed: Error: [Send]{9a224c} at tomyjerry.wlk:29 exhausted all cases without a match [Send]{9a224c} at tomyjerry.wlk:29 exhausted all cases without a match","stack":"Error: [Send]{9a224c} at tomyjerry.wlk:29 exhausted all cases without a match\n    at c:\\Users\\Pc\\.vscode\\extensions\\uqbar.wollok-lsp-ide-0.3.3\\node_modules\\wollok-ts\\dist\\extensions.js:85:11\n    at completionsForNode (c:\\Users\\Pc\\.vscode\\extensions\\uqbar.wollok-lsp-ide-0.3.3\\server\\out\\functionalities\\autocomplete\\node-completion.js:10:44)\n    at completeForParent (c:\\Users\\Pc\\.vscode\\extensions\\uqbar.wollok-lsp-ide-0.3.3\\server\\out\\functionalities\\autocomplete\\node-completion.js:56:43)\n    at completionsForNode (c:\\Users\\Pc\\.vscode\\extensions\\uqbar.wollok-lsp-ide-0.3.3\\server\\out\\functionalities\\autocomplete\\node-completion.js:14:46)\n    at completeForParent (c:\\Users\\Pc\\.vscode\\extensions\\uqbar.wollok-lsp-ide-0.3.3\\server\\out\\functionalities\\autocomplete\\node-completion.js:56:43)\n    at completionsForNode (c:\\Users\\Pc\\.vscode\\extensions\\uqbar.wollok-lsp-ide-0.3.3\\server\\out\\functionalities\\autocomplete\\node-completion.js:14:46)\n    at c:\\Users\\Pc\\.vscode\\extensions\\uqbar.wollok-lsp-ide-0.3.3\\server\\out\\functionalities\\autocomplete\\autocomplete.js:26:154\n    at c:\\Users\\Pc\\.vscode\\extensions\\uqbar.wollok-lsp-ide-0.3.3\\server\\out\\server.js:198:20\n    at c:\\Users\\Pc\\.vscode\\extensions\\uqbar.wollok-lsp-ide-0.3.3\\server\\node_modules\\vscode-languageserver\\lib\\common\\server.js:593:20\n    at handleRequest (c:\\Users\\Pc\\.vscode\\extensions\\uqbar.wollok-lsp-ide-0.3.3\\server\\node_modules\\vscode-jsonrpc\\lib\\common\\connection.js:493:41)","timestamp":"2024-08-27T00:27:49.488Z"}
{"level":"error","message":"âœ˜ Completions for node failed: Error: [Return]{f44e15} at tomyjerry.wlk:29 exhausted all cases without a match [Return]{f44e15} at tomyjerry.wlk:29 exhausted all cases without a match","stack":"Error: [Return]{f44e15} at tomyjerry.wlk:29 exhausted all cases without a match\n    at c:\\Users\\Pc\\.vscode\\extensions\\uqbar.wollok-lsp-ide-0.3.3\\node_modules\\wollok-ts\\dist\\extensions.js:85:11\n    at completionsForNode (c:\\Users\\Pc\\.vscode\\extensions\\uqbar.wollok-lsp-ide-0.3.3\\server\\out\\functionalities\\autocomplete\\node-completion.js:10:44)\n    at completeForParent (c:\\Users\\Pc\\.vscode\\extensions\\uqbar.wollok-lsp-ide-0.3.3\\server\\out\\functionalities\\autocomplete\\node-completion.js:56:43)\n    at completionsForNode (c:\\Users\\Pc\\.vscode\\extensions\\uqbar.wollok-lsp-ide-0.3.3\\server\\out\\functionalities\\autocomplete\\node-completion.js:14:46)\n    at completeForParent (c:\\Users\\Pc\\.vscode\\extensions\\uqbar.wollok-lsp-ide-0.3.3\\server\\out\\functionalities\\autocomplete\\node-completion.js:56:43)\n    at completionsForNode (c:\\Users\\Pc\\.vscode\\extensions\\uqbar.wollok-lsp-ide-0.3.3\\server\\out\\functionalities\\autocomplete\\node-completion.js:14:46)\n    at completeForParent (c:\\Users\\Pc\\.vscode\\extensions\\uqbar.wollok-lsp-ide-0.3.3\\server\\out\\functionalities\\autocomplete\\node-completion.js:56:43)\n    at completionsForNode (c:\\Users\\Pc\\.vscode\\extensions\\uqbar.wollok-lsp-ide-0.3.3\\server\\out\\functionalities\\autocomplete\\node-completion.js:14:46)\n    at c:\\Users\\Pc\\.vscode\\extensions\\uqbar.wollok-lsp-ide-0.3.3\\server\\out\\functionalities\\autocomplete\\autocomplete.js:26:154\n    at c:\\Users\\Pc\\.vscode\\extensions\\uqbar.wollok-lsp-ide-0.3.3\\server\\out\\server.js:198:20","timestamp":"2024-08-27T00:27:49.488Z"}
{"level":"info","message":"âŒ› Validating tomyjerry.wlk","timeElapsed":109,"timestamp":"2024-08-27T00:27:49.663Z"}
{"level":"error","message":"âœ˜ Completions for node failed: Error: [Send]{c4e1b3} at tomyjerry.wlk:29 exhausted all cases without a match [Send]{c4e1b3} at tomyjerry.wlk:29 exhausted all cases without a match","stack":"Error: [Send]{c4e1b3} at tomyjerry.wlk:29 exhausted all cases without a match\n    at c:\\Users\\Pc\\.vscode\\extensions\\uqbar.wollok-lsp-ide-0.3.3\\node_modules\\wollok-ts\\dist\\extensions.js:85:11\n    at completionsForNode (c:\\Users\\Pc\\.vscode\\extensions\\uqbar.wollok-lsp-ide-0.3.3\\server\\out\\functionalities\\autocomplete\\node-completion.js:10:44)\n    at c:\\Users\\Pc\\.vscode\\extensions\\uqbar.wollok-lsp-ide-0.3.3\\server\\out\\functionalities\\autocomplete\\autocomplete.js:26:154\n    at c:\\Users\\Pc\\.vscode\\extensions\\uqbar.wollok-lsp-ide-0.3.3\\server\\out\\server.js:198:20\n    at c:\\Users\\Pc\\.vscode\\extensions\\uqbar.wollok-lsp-ide-0.3.3\\server\\node_modules\\vscode-languageserver\\lib\\common\\server.js:593:20\n    at handleRequest (c:\\Users\\Pc\\.vscode\\extensions\\uqbar.wollok-lsp-ide-0.3.3\\server\\node_modules\\vscode-jsonrpc\\lib\\common\\connection.js:493:41)\n    at handleMessage (c:\\Users\\Pc\\.vscode\\extensions\\uqbar.wollok-lsp-ide-0.3.3\\server\\node_modules\\vscode-jsonrpc\\lib\\common\\connection.js:339:13)\n    at processMessageQueue (c:\\Users\\Pc\\.vscode\\extensions\\uqbar.wollok-lsp-ide-0.3.3\\server\\node_modules\\vscode-jsonrpc\\lib\\common\\connection.js:362:17)\n    at Immediate._onImmediate (c:\\Users\\Pc\\.vscode\\extensions\\uqbar.wollok-lsp-ide-0.3.3\\server\\node_modules\\vscode-jsonrpc\\lib\\common\\connection.js:334:13)\n    at process.processImmediate (node:internal/timers:478:21)","timestamp":"2024-08-27T00:27:49.831Z"}
{"level":"error","message":"âœ˜ Completions for node failed: Error: [Send]{10d9f7} at tomyjerry.wlk:29 exhausted all cases without a match [Send]{10d9f7} at tomyjerry.wlk:29 exhausted all cases without a match","stack":"Error: [Send]{10d9f7} at tomyjerry.wlk:29 exhausted all cases without a match\n    at c:\\Users\\Pc\\.vscode\\extensions\\uqbar.wollok-lsp-ide-0.3.3\\node_modules\\wollok-ts\\dist\\extensions.js:85:11\n    at completionsForNode (c:\\Users\\Pc\\.vscode\\extensions\\uqbar.wollok-lsp-ide-0.3.3\\server\\out\\functionalities\\autocomplete\\node-completion.js:10:44)\n    at completeForParent (c:\\Users\\Pc\\.vscode\\extensions\\uqbar.wollok-lsp-ide-0.3.3\\server\\out\\functionalities\\autocomplete\\node-completion.js:56:43)\n    at completionsForNode (c:\\Users\\Pc\\.vscode\\extensions\\uqbar.wollok-lsp-ide-0.3.3\\server\\out\\functionalities\\autocomplete\\node-completion.js:14:46)\n    at c:\\Users\\Pc\\.vscode\\extensions\\uqbar.wollok-lsp-ide-0.3.3\\server\\out\\functionalities\\autocomplete\\autocomplete.js:26:154\n    at c:\\Users\\Pc\\.vscode\\extensions\\uqbar.wollok-lsp-ide-0.3.3\\server\\out\\server.js:198:20\n    at c:\\Users\\Pc\\.vscode\\extensions\\uqbar.wollok-lsp-ide-0.3.3\\server\\node_modules\\vscode-languageserver\\lib\\common\\server.js:593:20\n    at handleRequest (c:\\Users\\Pc\\.vscode\\extensions\\uqbar.wollok-lsp-ide-0.3.3\\server\\node_modules\\vscode-jsonrpc\\lib\\common\\connection.js:493:41)\n    at handleMessage (c:\\Users\\Pc\\.vscode\\extensions\\uqbar.wollok-lsp-ide-0.3.3\\server\\node_modules\\vscode-jsonrpc\\lib\\common\\connection.js:339:13)\n    at processMessageQueue (c:\\Users\\Pc\\.vscode\\extensions\\uqbar.wollok-lsp-ide-0.3.3\\server\\node_modules\\vscode-jsonrpc\\lib\\common\\connection.js:362:17)","timestamp":"2024-08-27T00:27:49.832Z"}
{"level":"error","message":"âœ˜ Completions for node failed: Error: [Send]{14d987} at tomyjerry.wlk:29 exhausted all cases without a match [Send]{14d987} at tomyjerry.wlk:29 exhausted all cases without a match","stack":"Error: [Send]{14d987} at tomyjerry.wlk:29 exhausted all cases without a match\n    at c:\\Users\\Pc\\.vscode\\extensions\\uqbar.wollok-lsp-ide-0.3.3\\node_modules\\wollok-ts\\dist\\extensions.js:85:11\n    at completionsForNode (c:\\Users\\Pc\\.vscode\\extensions\\uqbar.wollok-lsp-ide-0.3.3\\server\\out\\functionalities\\autocomplete\\node-completion.js:10:44)\n    at completeForParent (c:\\Users\\Pc\\.vscode\\extensions\\uqbar.wollok-lsp-ide-0.3.3\\server\\out\\functionalities\\autocomplete\\node-completion.js:56:43)\n    at completionsForNode (c:\\Users\\Pc\\.vscode\\extensions\\uqbar.wollok-lsp-ide-0.3.3\\server\\out\\functionalities\\autocomplete\\node-completion.js:14:46)\n    at completeForParent (c:\\Users\\Pc\\.vscode\\extensions\\uqbar.wollok-lsp-ide-0.3.3\\server\\out\\functionalities\\autocomplete\\node-completion.js:56:43)\n    at completionsForNode (c:\\Users\\Pc\\.vscode\\extensions\\uqbar.wollok-lsp-ide-0.3.3\\server\\out\\functionalities\\autocomplete\\node-completion.js:14:46)\n    at c:\\Users\\Pc\\.vscode\\extensions\\uqbar.wollok-lsp-ide-0.3.3\\server\\out\\functionalities\\autocomplete\\autocomplete.js:26:154\n    at c:\\Users\\Pc\\.vscode\\extensions\\uqbar.wollok-lsp-ide-0.3.3\\server\\out\\server.js:198:20\n    at c:\\Users\\Pc\\.vscode\\extensions\\uqbar.wollok-lsp-ide-0.3.3\\server\\node_modules\\vscode-languageserver\\lib\\common\\server.js:593:20\n    at handleRequest (c:\\Users\\Pc\\.vscode\\extensions\\uqbar.wollok-lsp-ide-0.3.3\\server\\node_modules\\vscode-jsonrpc\\lib\\common\\connection.js:493:41)","timestamp":"2024-08-27T00:27:49.832Z"}
{"level":"error","message":"âœ˜ Completions for node failed: Error: [Return]{4f5cc7} at tomyjerry.wlk:29 exhausted all cases without a match [Return]{4f5cc7} at tomyjerry.wlk:29 exhausted all cases without a match","stack":"Error: [Return]{4f5cc7} at tomyjerry.wlk:29 exhausted all cases without a match\n    at c:\\Users\\Pc\\.vscode\\extensions\\uqbar.wollok-lsp-ide-0.3.3\\node_modules\\wollok-ts\\dist\\extensions.js:85:11\n    at completionsForNode (c:\\Users\\Pc\\.vscode\\extensions\\uqbar.wollok-lsp-ide-0.3.3\\server\\out\\functionalities\\autocomplete\\node-completion.js:10:44)\n    at completeForParent (c:\\Users\\Pc\\.vscode\\extensions\\uqbar.wollok-lsp-ide-0.3.3\\server\\out\\functionalities\\autocomplete\\node-completion.js:56:43)\n    at completionsForNode (c:\\Users\\Pc\\.vscode\\extensions\\uqbar.wollok-lsp-ide-0.3.3\\server\\out\\functionalities\\autocomplete\\node-completion.js:14:46)\n    at completeForParent (c:\\Users\\Pc\\.vscode\\extensions\\uqbar.wollok-lsp-ide-0.3.3\\server\\out\\functionalities\\autocomplete\\node-completion.js:56:43)\n    at completionsForNode (c:\\Users\\Pc\\.vscode\\extensions\\uqbar.wollok-lsp-ide-0.3.3\\server\\out\\functionalities\\autocomplete\\node-completion.js:14:46)\n    at completeForParent (c:\\Users\\Pc\\.vscode\\extensions\\uqbar.wollok-lsp-ide-0.3.3\\server\\out\\functionalities\\autocomplete\\node-completion.js:56:43)\n    at completionsForNode (c:\\Users\\Pc\\.vscode\\extensions\\uqbar.wollok-lsp-ide-0.3.3\\server\\out\\functionalities\\autocomplete\\node-completion.js:14:46)\n    at c:\\Users\\Pc\\.vscode\\extensions\\uqbar.wollok-lsp-ide-0.3.3\\server\\out\\functionalities\\autocomplete\\autocomplete.js:26:154\n    at c:\\Users\\Pc\\.vscode\\extensions\\uqbar.wollok-lsp-ide-0.3.3\\server\\out\\server.js:198:20","timestamp":"2024-08-27T00:27:49.832Z"}
{"failures":[{"error":["wollok.lib.AssertionException: Value was not true","  at tomyjerrytest.\"tom y jerry\".\"casos de prueba 2: poder y querer comer\" [tomyjerrytest.wtest:30]"],"test":"tomyjerrytest.\"tom y jerry\".\"casos de prueba 2: poder y querer comer\""}],"level":"info","message":"ðŸ§ª Test runner executed on c:/Users/Pc/Desktop/Objetos/Repositorios/2024s2-tomyjerry-mile-nag","result":{"failed":1,"ok":0},"timeElapsed":367,"timestamp":"2024-08-27T00:27:55.485Z"}
{"failures":[],"level":"info","message":"ðŸ§ª Test runner executed on c:/Users/Pc/Desktop/Objetos/Repositorios/2024s2-tomyjerry-mile-nag","result":{"failed":0,"ok":1},"timeElapsed":342,"timestamp":"2024-08-27T00:28:11.652Z"}
{"level":"info","message":"âŒ› Building environment","timeElapsed":112,"timestamp":"2024-08-27T00:29:36.282Z"}
{"level":"info","message":"âŒ› Building environment","timeElapsed":104,"timestamp":"2024-08-27T00:29:38.689Z"}
{"level":"info","message":"onRequest - completionItem/resolve","timestamp":"2024-08-27T00:29:38.804Z"}
{"level":"info","message":"onRequest - completionItem/resolve","timestamp":"2024-08-27T00:29:38.870Z"}
{"level":"info","message":"onRequest - completionItem/resolve","timestamp":"2024-08-27T00:29:39.063Z"}
{"level":"info","message":"âŒ› Validating tomyjerrytest.wtest","timeElapsed":108,"timestamp":"2024-08-27T00:29:41.153Z"}
{"level":"info","message":"âŒ› Building environment","timeElapsed":152,"timestamp":"2024-08-27T00:29:41.318Z"}
{"level":"info","message":"âŒ› Validating tomyjerrytest.wtest","timeElapsed":104,"timestamp":"2024-08-27T00:29:41.423Z"}
{"failures":[{"error":["wollok.lib.AssertionException: Value was not true","  at tomyjerrytest.\"tom y jerry\".\"x\" [tomyjerrytest.wtest:38]"],"test":"tomyjerrytest.\"tom y jerry\".\"x\""}],"level":"info","message":"ðŸ§ª Test runner executed on c:/Users/Pc/Desktop/Objetos/Repositorios/2024s2-tomyjerry-mile-nag","result":{"failed":1,"ok":0},"timeElapsed":412,"timestamp":"2024-08-27T00:29:51.412Z"}
{"level":"info","message":"âŒ› Validating tomyjerrytest.wtest","timeElapsed":108,"timestamp":"2024-08-27T00:29:57.832Z"}
{"level":"error","message":"âœ˜ Completions for node failed: Error: [Send]{67b173} at tomyjerrytest.wtest:35 exhausted all cases without a match [Send]{67b173} at tomyjerrytest.wtest:35 exhausted all cases without a match","stack":"Error: [Send]{67b173} at tomyjerrytest.wtest:35 exhausted all cases without a match\n    at c:\\Users\\Pc\\.vscode\\extensions\\uqbar.wollok-lsp-ide-0.3.3\\node_modules\\wollok-ts\\dist\\extensions.js:85:11\n    at completionsForNode (c:\\Users\\Pc\\.vscode\\extensions\\uqbar.wollok-lsp-ide-0.3.3\\server\\out\\functionalities\\autocomplete\\node-completion.js:10:44)\n    at c:\\Users\\Pc\\.vscode\\extensions\\uqbar.wollok-lsp-ide-0.3.3\\server\\out\\functionalities\\autocomplete\\autocomplete.js:26:154\n    at c:\\Users\\Pc\\.vscode\\extensions\\uqbar.wollok-lsp-ide-0.3.3\\server\\out\\server.js:198:20\n    at c:\\Users\\Pc\\.vscode\\extensions\\uqbar.wollok-lsp-ide-0.3.3\\server\\node_modules\\vscode-languageserver\\lib\\common\\server.js:593:20\n    at handleRequest (c:\\Users\\Pc\\.vscode\\extensions\\uqbar.wollok-lsp-ide-0.3.3\\server\\node_modules\\vscode-jsonrpc\\lib\\common\\connection.js:493:41)\n    at handleMessage (c:\\Users\\Pc\\.vscode\\extensions\\uqbar.wollok-lsp-ide-0.3.3\\server\\node_modules\\vscode-jsonrpc\\lib\\common\\connection.js:339:13)\n    at processMessageQueue (c:\\Users\\Pc\\.vscode\\extensions\\uqbar.wollok-lsp-ide-0.3.3\\server\\node_modules\\vscode-jsonrpc\\lib\\common\\connection.js:362:17)\n    at Immediate._onImmediate (c:\\Users\\Pc\\.vscode\\extensions\\uqbar.wollok-lsp-ide-0.3.3\\server\\node_modules\\vscode-jsonrpc\\lib\\common\\connection.js:334:13)\n    at process.processImmediate (node:internal/timers:478:21)","timestamp":"2024-08-27T00:30:19.180Z"}
{"level":"info","message":"onRequest - completionItem/resolve","timestamp":"2024-08-27T00:30:19.262Z"}
{"level":"info","message":"âŒ› Validating tomyjerrytest.wtest","timeElapsed":103,"timestamp":"2024-08-27T00:30:21.402Z"}
{"failures":[],"level":"info","message":"ðŸ§ª Test runner executed on c:/Users/Pc/Desktop/Objetos/Repositorios/2024s2-tomyjerry-mile-nag","result":{"failed":0,"ok":1},"timeElapsed":345,"timestamp":"2024-08-27T00:30:30.057Z"}
{"level":"info","message":"âŒ› Validating tomyjerrytest.wtest","timeElapsed":101,"timestamp":"2024-08-27T00:30:54.253Z"}
{"level":"info","message":"âŒ› Validating tomyjerrytest.wtest","timeElapsed":108,"timestamp":"2024-08-27T00:30:55.225Z"}
{"level":"info","message":"onRequest - completionItem/resolve","timestamp":"2024-08-27T00:30:55.225Z"}
{"level":"info","message":"onRequest - completionItem/resolve","timestamp":"2024-08-27T00:30:55.291Z"}
{"level":"info","message":"onRequest - completionItem/resolve","timestamp":"2024-08-27T00:30:55.484Z"}
{"level":"info","message":"âŒ› Building environment","timeElapsed":108,"timestamp":"2024-08-27T00:31:04.989Z"}
{"level":"info","message":"âŒ› Validating tomyjerrytest.wtest","timeElapsed":107,"timestamp":"2024-08-27T00:31:05.116Z"}
{"level":"info","message":"onRequest - completionItem/resolve","timestamp":"2024-08-27T00:31:05.116Z"}
{"level":"info","message":"onRequest - completionItem/resolve","timestamp":"2024-08-27T00:31:05.192Z"}
{"level":"info","message":"onRequest - completionItem/resolve","timestamp":"2024-08-27T00:31:06.184Z"}
{"level":"info","message":"onRequest - completionItem/resolve","timestamp":"2024-08-27T00:31:06.700Z"}
{"level":"info","message":"âŒ› Validating tomyjerrytest.wtest","timeElapsed":104,"timestamp":"2024-08-27T00:31:06.977Z"}
{"level":"info","message":"âŒ› Building environment","timeElapsed":105,"timestamp":"2024-08-27T00:31:09.924Z"}
{"level":"info","message":"âŒ› Building environment","timeElapsed":146,"timestamp":"2024-08-27T00:31:11.043Z"}
{"level":"info","message":"âŒ› Building environment","timeElapsed":151,"timestamp":"2024-08-27T00:31:11.529Z"}
{"level":"error","message":"âœ˜ Completions for node failed: Error: [Send]{56ca34} at tomyjerrytest.wtest:36 exhausted all cases without a match [Send]{56ca34} at tomyjerrytest.wtest:36 exhausted all cases without a match","stack":"Error: [Send]{56ca34} at tomyjerrytest.wtest:36 exhausted all cases without a match\n    at c:\\Users\\Pc\\.vscode\\extensions\\uqbar.wollok-lsp-ide-0.3.3\\node_modules\\wollok-ts\\dist\\extensions.js:85:11\n    at completionsForNode (c:\\Users\\Pc\\.vscode\\extensions\\uqbar.wollok-lsp-ide-0.3.3\\server\\out\\functionalities\\autocomplete\\node-completion.js:10:44)\n    at completeForParent (c:\\Users\\Pc\\.vscode\\extensions\\uqbar.wollok-lsp-ide-0.3.3\\server\\out\\functionalities\\autocomplete\\node-completion.js:56:43)\n    at completeReference (c:\\Users\\Pc\\.vscode\\extensions\\uqbar.wollok-lsp-ide-0.3.3\\server\\out\\functionalities\\autocomplete\\node-completion.js:64:135)\n    at c:\\Users\\Pc\\.vscode\\extensions\\uqbar.wollok-lsp-ide-0.3.3\\node_modules\\wollok-ts\\dist\\extensions.js:84:20\n    at completionsForNode (c:\\Users\\Pc\\.vscode\\extensions\\uqbar.wollok-lsp-ide-0.3.3\\server\\out\\functionalities\\autocomplete\\node-completion.js:10:44)\n    at c:\\Users\\Pc\\.vscode\\extensions\\uqbar.wollok-lsp-ide-0.3.3\\server\\out\\functionalities\\autocomplete\\autocomplete.js:26:154\n    at c:\\Users\\Pc\\.vscode\\extensions\\uqbar.wollok-lsp-ide-0.3.3\\server\\out\\server.js:198:20\n    at c:\\Users\\Pc\\.vscode\\extensions\\uqbar.wollok-lsp-ide-0.3.3\\server\\node_modules\\vscode-languageserver\\lib\\common\\server.js:593:20\n    at handleRequest (c:\\Users\\Pc\\.vscode\\extensions\\uqbar.wollok-lsp-ide-0.3.3\\server\\node_modules\\vscode-jsonrpc\\lib\\common\\connection.js:493:41)","timestamp":"2024-08-27T00:31:11.548Z"}
{"level":"info","message":"onRequest - completionItem/resolve","timestamp":"2024-08-27T00:31:11.633Z"}
{"level":"info","message":"onRequest - completionItem/resolve","timestamp":"2024-08-27T00:31:11.698Z"}
{"level":"info","message":"onRequest - completionItem/resolve","timestamp":"2024-08-27T00:31:11.943Z"}
{"level":"info","message":"onRequest - completionItem/resolve","timestamp":"2024-08-27T00:31:13.669Z"}
{"level":"error","message":"âœ˜ Completions for node failed: Error: [Send]{076824} at tomyjerrytest.wtest:36 exhausted all cases without a match [Send]{076824} at tomyjerrytest.wtest:36 exhausted all cases without a match","stack":"Error: [Send]{076824} at tomyjerrytest.wtest:36 exhausted all cases without a match\n    at c:\\Users\\Pc\\.vscode\\extensions\\uqbar.wollok-lsp-ide-0.3.3\\node_modules\\wollok-ts\\dist\\extensions.js:85:11\n    at completionsForNode (c:\\Users\\Pc\\.vscode\\extensions\\uqbar.wollok-lsp-ide-0.3.3\\server\\out\\functionalities\\autocomplete\\node-completion.js:10:44)\n    at completeForParent (c:\\Users\\Pc\\.vscode\\extensions\\uqbar.wollok-lsp-ide-0.3.3\\server\\out\\functionalities\\autocomplete\\node-completion.js:56:43)\n    at completeReference (c:\\Users\\Pc\\.vscode\\extensions\\uqbar.wollok-lsp-ide-0.3.3\\server\\out\\functionalities\\autocomplete\\node-completion.js:64:135)\n    at c:\\Users\\Pc\\.vscode\\extensions\\uqbar.wollok-lsp-ide-0.3.3\\node_modules\\wollok-ts\\dist\\extensions.js:84:20\n    at completionsForNode (c:\\Users\\Pc\\.vscode\\extensions\\uqbar.wollok-lsp-ide-0.3.3\\server\\out\\functionalities\\autocomplete\\node-completion.js:10:44)\n    at c:\\Users\\Pc\\.vscode\\extensions\\uqbar.wollok-lsp-ide-0.3.3\\server\\out\\functionalities\\autocomplete\\autocomplete.js:26:154\n    at c:\\Users\\Pc\\.vscode\\extensions\\uqbar.wollok-lsp-ide-0.3.3\\server\\out\\server.js:198:20\n    at c:\\Users\\Pc\\.vscode\\extensions\\uqbar.wollok-lsp-ide-0.3.3\\server\\node_modules\\vscode-languageserver\\lib\\common\\server.js:593:20\n    at handleRequest (c:\\Users\\Pc\\.vscode\\extensions\\uqbar.wollok-lsp-ide-0.3.3\\server\\node_modules\\vscode-jsonrpc\\lib\\common\\connection.js:493:41)","timestamp":"2024-08-27T00:31:13.853Z"}
{"level":"error","message":"âœ˜ Completions for node failed: Error: [Send]{892793} at tomyjerrytest.wtest:36 exhausted all cases without a match [Send]{892793} at tomyjerrytest.wtest:36 exhausted all cases without a match","stack":"Error: [Send]{892793} at tomyjerrytest.wtest:36 exhausted all cases without a match\n    at c:\\Users\\Pc\\.vscode\\extensions\\uqbar.wollok-lsp-ide-0.3.3\\node_modules\\wollok-ts\\dist\\extensions.js:85:11\n    at completionsForNode (c:\\Users\\Pc\\.vscode\\extensions\\uqbar.wollok-lsp-ide-0.3.3\\server\\out\\functionalities\\autocomplete\\node-completion.js:10:44)\n    at completeForParent (c:\\Users\\Pc\\.vscode\\extensions\\uqbar.wollok-lsp-ide-0.3.3\\server\\out\\functionalities\\autocomplete\\node-completion.js:56:43)\n    at completeReference (c:\\Users\\Pc\\.vscode\\extensions\\uqbar.wollok-lsp-ide-0.3.3\\server\\out\\functionalities\\autocomplete\\node-completion.js:64:135)\n    at c:\\Users\\Pc\\.vscode\\extensions\\uqbar.wollok-lsp-ide-0.3.3\\node_modules\\wollok-ts\\dist\\extensions.js:84:20\n    at completionsForNode (c:\\Users\\Pc\\.vscode\\extensions\\uqbar.wollok-lsp-ide-0.3.3\\server\\out\\functionalities\\autocomplete\\node-completion.js:10:44)\n    at c:\\Users\\Pc\\.vscode\\extensions\\uqbar.wollok-lsp-ide-0.3.3\\server\\out\\functionalities\\autocomplete\\autocomplete.js:26:154\n    at c:\\Users\\Pc\\.vscode\\extensions\\uqbar.wollok-lsp-ide-0.3.3\\server\\out\\server.js:198:20\n    at c:\\Users\\Pc\\.vscode\\extensions\\uqbar.wollok-lsp-ide-0.3.3\\server\\node_modules\\vscode-languageserver\\lib\\common\\server.js:593:20\n    at handleRequest (c:\\Users\\Pc\\.vscode\\extensions\\uqbar.wollok-lsp-ide-0.3.3\\server\\node_modules\\vscode-jsonrpc\\lib\\common\\connection.js:493:41)","timestamp":"2024-08-27T00:31:14.033Z"}
{"level":"error","message":"âœ˜ Completions for node failed: Error: [Send]{e7373b} at tomyjerrytest.wtest:36 exhausted all cases without a match [Send]{e7373b} at tomyjerrytest.wtest:36 exhausted all cases without a match","stack":"Error: [Send]{e7373b} at tomyjerrytest.wtest:36 exhausted all cases without a match\n    at c:\\Users\\Pc\\.vscode\\extensions\\uqbar.wollok-lsp-ide-0.3.3\\node_modules\\wollok-ts\\dist\\extensions.js:85:11\n    at completionsForNode (c:\\Users\\Pc\\.vscode\\extensions\\uqbar.wollok-lsp-ide-0.3.3\\server\\out\\functionalities\\autocomplete\\node-completion.js:10:44)\n    at completeForParent (c:\\Users\\Pc\\.vscode\\extensions\\uqbar.wollok-lsp-ide-0.3.3\\server\\out\\functionalities\\autocomplete\\node-completion.js:56:43)\n    at completeReference (c:\\Users\\Pc\\.vscode\\extensions\\uqbar.wollok-lsp-ide-0.3.3\\server\\out\\functionalities\\autocomplete\\node-completion.js:64:135)\n    at c:\\Users\\Pc\\.vscode\\extensions\\uqbar.wollok-lsp-ide-0.3.3\\node_modules\\wollok-ts\\dist\\extensions.js:84:20\n    at completionsForNode (c:\\Users\\Pc\\.vscode\\extensions\\uqbar.wollok-lsp-ide-0.3.3\\server\\out\\functionalities\\autocomplete\\node-completion.js:10:44)\n    at c:\\Users\\Pc\\.vscode\\extensions\\uqbar.wollok-lsp-ide-0.3.3\\server\\out\\functionalities\\autocomplete\\autocomplete.js:26:154\n    at c:\\Users\\Pc\\.vscode\\extensions\\uqbar.wollok-lsp-ide-0.3.3\\server\\out\\server.js:198:20\n    at c:\\Users\\Pc\\.vscode\\extensions\\uqbar.wollok-lsp-ide-0.3.3\\server\\node_modules\\vscode-languageserver\\lib\\common\\server.js:593:20\n    at handleRequest (c:\\Users\\Pc\\.vscode\\extensions\\uqbar.wollok-lsp-ide-0.3.3\\server\\node_modules\\vscode-jsonrpc\\lib\\common\\connection.js:493:41)","timestamp":"2024-08-27T00:31:14.357Z"}
{"level":"info","message":"âŒ› Validating tomyjerrytest.wtest","timeElapsed":101,"timestamp":"2024-08-27T00:31:14.531Z"}
{"level":"info","message":"âŒ› Validating tomyjerrytest.wtest","timeElapsed":110,"timestamp":"2024-08-27T00:31:14.641Z"}
{"level":"info","message":"âŒ› Building environment","timeElapsed":166,"timestamp":"2024-08-27T00:31:14.951Z"}
{"level":"error","message":"âœ˜ Completions for node failed: Error: [Send]{7316bb} at tomyjerrytest.wtest:36 exhausted all cases without a match [Send]{7316bb} at tomyjerrytest.wtest:36 exhausted all cases without a match","stack":"Error: [Send]{7316bb} at tomyjerrytest.wtest:36 exhausted all cases without a match\n    at c:\\Users\\Pc\\.vscode\\extensions\\uqbar.wollok-lsp-ide-0.3.3\\node_modules\\wollok-ts\\dist\\extensions.js:85:11\n    at completionsForNode (c:\\Users\\Pc\\.vscode\\extensions\\uqbar.wollok-lsp-ide-0.3.3\\server\\out\\functionalities\\autocomplete\\node-completion.js:10:44)\n    at completeForParent (c:\\Users\\Pc\\.vscode\\extensions\\uqbar.wollok-lsp-ide-0.3.3\\server\\out\\functionalities\\autocomplete\\node-completion.js:56:43)\n    at completeReference (c:\\Users\\Pc\\.vscode\\extensions\\uqbar.wollok-lsp-ide-0.3.3\\server\\out\\functionalities\\autocomplete\\node-completion.js:64:135)\n    at c:\\Users\\Pc\\.vscode\\extensions\\uqbar.wollok-lsp-ide-0.3.3\\node_modules\\wollok-ts\\dist\\extensions.js:84:20\n    at completionsForNode (c:\\Users\\Pc\\.vscode\\extensions\\uqbar.wollok-lsp-ide-0.3.3\\server\\out\\functionalities\\autocomplete\\node-completion.js:10:44)\n    at c:\\Users\\Pc\\.vscode\\extensions\\uqbar.wollok-lsp-ide-0.3.3\\server\\out\\functionalities\\autocomplete\\autocomplete.js:26:154\n    at c:\\Users\\Pc\\.vscode\\extensions\\uqbar.wollok-lsp-ide-0.3.3\\server\\out\\server.js:198:20\n    at c:\\Users\\Pc\\.vscode\\extensions\\uqbar.wollok-lsp-ide-0.3.3\\server\\node_modules\\vscode-languageserver\\lib\\common\\server.js:593:20\n    at handleRequest (c:\\Users\\Pc\\.vscode\\extensions\\uqbar.wollok-lsp-ide-0.3.3\\server\\node_modules\\vscode-jsonrpc\\lib\\common\\connection.js:493:41)","timestamp":"2024-08-27T00:31:14.973Z"}
{"level":"info","message":"âŒ› Building environment","timeElapsed":115,"timestamp":"2024-08-27T00:31:15.320Z"}
{"level":"info","message":"âŒ› Building environment","timeElapsed":105,"timestamp":"2024-08-27T00:31:15.613Z"}
{"level":"info","message":"âŒ› Validating tomyjerrytest.wtest","timeElapsed":114,"timestamp":"2024-08-27T00:31:16.509Z"}
{"level":"error","message":"âœ˜ Completions for node failed: Error: [Send]{666e73} at tomyjerrytest.wtest:36 exhausted all cases without a match [Send]{666e73} at tomyjerrytest.wtest:36 exhausted all cases without a match","stack":"Error: [Send]{666e73} at tomyjerrytest.wtest:36 exhausted all cases without a match\n    at c:\\Users\\Pc\\.vscode\\extensions\\uqbar.wollok-lsp-ide-0.3.3\\node_modules\\wollok-ts\\dist\\extensions.js:85:11\n    at completionsForNode (c:\\Users\\Pc\\.vscode\\extensions\\uqbar.wollok-lsp-ide-0.3.3\\server\\out\\functionalities\\autocomplete\\node-completion.js:10:44)\n    at completeForParent (c:\\Users\\Pc\\.vscode\\extensions\\uqbar.wollok-lsp-ide-0.3.3\\server\\out\\functionalities\\autocomplete\\node-completion.js:56:43)\n    at completeReference (c:\\Users\\Pc\\.vscode\\extensions\\uqbar.wollok-lsp-ide-0.3.3\\server\\out\\functionalities\\autocomplete\\node-completion.js:64:135)\n    at c:\\Users\\Pc\\.vscode\\extensions\\uqbar.wollok-lsp-ide-0.3.3\\node_modules\\wollok-ts\\dist\\extensions.js:84:20\n    at completionsForNode (c:\\Users\\Pc\\.vscode\\extensions\\uqbar.wollok-lsp-ide-0.3.3\\server\\out\\functionalities\\autocomplete\\node-completion.js:10:44)\n    at c:\\Users\\Pc\\.vscode\\extensions\\uqbar.wollok-lsp-ide-0.3.3\\server\\out\\functionalities\\autocomplete\\autocomplete.js:26:154\n    at c:\\Users\\Pc\\.vscode\\extensions\\uqbar.wollok-lsp-ide-0.3.3\\server\\out\\server.js:198:20\n    at c:\\Users\\Pc\\.vscode\\extensions\\uqbar.wollok-lsp-ide-0.3.3\\server\\node_modules\\vscode-languageserver\\lib\\common\\server.js:593:20\n    at handleRequest (c:\\Users\\Pc\\.vscode\\extensions\\uqbar.wollok-lsp-ide-0.3.3\\server\\node_modules\\vscode-jsonrpc\\lib\\common\\connection.js:493:41)","timestamp":"2024-08-27T00:31:19.059Z"}
{"level":"info","message":"onRequest - completionItem/resolve","timestamp":"2024-08-27T00:31:19.139Z"}
{"level":"error","message":"âœ˜ Completions for node failed: Error: [Send]{2a088e} at tomyjerrytest.wtest:36 exhausted all cases without a match [Send]{2a088e} at tomyjerrytest.wtest:36 exhausted all cases without a match","stack":"Error: [Send]{2a088e} at tomyjerrytest.wtest:36 exhausted all cases without a match\n    at c:\\Users\\Pc\\.vscode\\extensions\\uqbar.wollok-lsp-ide-0.3.3\\node_modules\\wollok-ts\\dist\\extensions.js:85:11\n    at completionsForNode (c:\\Users\\Pc\\.vscode\\extensions\\uqbar.wollok-lsp-ide-0.3.3\\server\\out\\functionalities\\autocomplete\\node-completion.js:10:44)\n    at completeForParent (c:\\Users\\Pc\\.vscode\\extensions\\uqbar.wollok-lsp-ide-0.3.3\\server\\out\\functionalities\\autocomplete\\node-completion.js:56:43)\n    at completeReference (c:\\Users\\Pc\\.vscode\\extensions\\uqbar.wollok-lsp-ide-0.3.3\\server\\out\\functionalities\\autocomplete\\node-completion.js:64:135)\n    at c:\\Users\\Pc\\.vscode\\extensions\\uqbar.wollok-lsp-ide-0.3.3\\node_modules\\wollok-ts\\dist\\extensions.js:84:20\n    at completionsForNode (c:\\Users\\Pc\\.vscode\\extensions\\uqbar.wollok-lsp-ide-0.3.3\\server\\out\\functionalities\\autocomplete\\node-completion.js:10:44)\n    at c:\\Users\\Pc\\.vscode\\extensions\\uqbar.wollok-lsp-ide-0.3.3\\server\\out\\functionalities\\autocomplete\\autocomplete.js:26:154\n    at c:\\Users\\Pc\\.vscode\\extensions\\uqbar.wollok-lsp-ide-0.3.3\\server\\out\\server.js:198:20\n    at c:\\Users\\Pc\\.vscode\\extensions\\uqbar.wollok-lsp-ide-0.3.3\\server\\node_modules\\vscode-languageserver\\lib\\common\\server.js:593:20\n    at handleRequest (c:\\Users\\Pc\\.vscode\\extensions\\uqbar.wollok-lsp-ide-0.3.3\\server\\node_modules\\vscode-jsonrpc\\lib\\common\\connection.js:493:41)","timestamp":"2024-08-27T00:31:19.338Z"}
{"level":"error","message":"âœ˜ Completions for node failed: Error: [Send]{c70307} at tomyjerrytest.wtest:36 exhausted all cases without a match [Send]{c70307} at tomyjerrytest.wtest:36 exhausted all cases without a match","stack":"Error: [Send]{c70307} at tomyjerrytest.wtest:36 exhausted all cases without a match\n    at c:\\Users\\Pc\\.vscode\\extensions\\uqbar.wollok-lsp-ide-0.3.3\\node_modules\\wollok-ts\\dist\\extensions.js:85:11\n    at completionsForNode (c:\\Users\\Pc\\.vscode\\extensions\\uqbar.wollok-lsp-ide-0.3.3\\server\\out\\functionalities\\autocomplete\\node-completion.js:10:44)\n    at completeForParent (c:\\Users\\Pc\\.vscode\\extensions\\uqbar.wollok-lsp-ide-0.3.3\\server\\out\\functionalities\\autocomplete\\node-completion.js:56:43)\n    at completeReference (c:\\Users\\Pc\\.vscode\\extensions\\uqbar.wollok-lsp-ide-0.3.3\\server\\out\\functionalities\\autocomplete\\node-completion.js:64:135)\n    at c:\\Users\\Pc\\.vscode\\extensions\\uqbar.wollok-lsp-ide-0.3.3\\node_modules\\wollok-ts\\dist\\extensions.js:84:20\n    at completionsForNode (c:\\Users\\Pc\\.vscode\\extensions\\uqbar.wollok-lsp-ide-0.3.3\\server\\out\\functionalities\\autocomplete\\node-completion.js:10:44)\n    at c:\\Users\\Pc\\.vscode\\extensions\\uqbar.wollok-lsp-ide-0.3.3\\server\\out\\functionalities\\autocomplete\\autocomplete.js:26:154\n    at c:\\Users\\Pc\\.vscode\\extensions\\uqbar.wollok-lsp-ide-0.3.3\\server\\out\\server.js:198:20\n    at c:\\Users\\Pc\\.vscode\\extensions\\uqbar.wollok-lsp-ide-0.3.3\\server\\node_modules\\vscode-languageserver\\lib\\common\\server.js:593:20\n    at handleRequest (c:\\Users\\Pc\\.vscode\\extensions\\uqbar.wollok-lsp-ide-0.3.3\\server\\node_modules\\vscode-jsonrpc\\lib\\common\\connection.js:493:41)","timestamp":"2024-08-27T00:31:19.703Z"}
{"level":"error","message":"âœ˜ Completions for node failed: Error: [Send]{bdf91f} at tomyjerrytest.wtest:36 exhausted all cases without a match [Send]{bdf91f} at tomyjerrytest.wtest:36 exhausted all cases without a match","stack":"Error: [Send]{bdf91f} at tomyjerrytest.wtest:36 exhausted all cases without a match\n    at c:\\Users\\Pc\\.vscode\\extensions\\uqbar.wollok-lsp-ide-0.3.3\\node_modules\\wollok-ts\\dist\\extensions.js:85:11\n    at completionsForNode (c:\\Users\\Pc\\.vscode\\extensions\\uqbar.wollok-lsp-ide-0.3.3\\server\\out\\functionalities\\autocomplete\\node-completion.js:10:44)\n    at completeForParent (c:\\Users\\Pc\\.vscode\\extensions\\uqbar.wollok-lsp-ide-0.3.3\\server\\out\\functionalities\\autocomplete\\node-completion.js:56:43)\n    at completeReference (c:\\Users\\Pc\\.vscode\\extensions\\uqbar.wollok-lsp-ide-0.3.3\\server\\out\\functionalities\\autocomplete\\node-completion.js:64:135)\n    at c:\\Users\\Pc\\.vscode\\extensions\\uqbar.wollok-lsp-ide-0.3.3\\node_modules\\wollok-ts\\dist\\extensions.js:84:20\n    at completionsForNode (c:\\Users\\Pc\\.vscode\\extensions\\uqbar.wollok-lsp-ide-0.3.3\\server\\out\\functionalities\\autocomplete\\node-completion.js:10:44)\n    at c:\\Users\\Pc\\.vscode\\extensions\\uqbar.wollok-lsp-ide-0.3.3\\server\\out\\functionalities\\autocomplete\\autocomplete.js:26:154\n    at c:\\Users\\Pc\\.vscode\\extensions\\uqbar.wollok-lsp-ide-0.3.3\\server\\out\\server.js:198:20\n    at c:\\Users\\Pc\\.vscode\\extensions\\uqbar.wollok-lsp-ide-0.3.3\\server\\node_modules\\vscode-languageserver\\lib\\common\\server.js:593:20\n    at handleRequest (c:\\Users\\Pc\\.vscode\\extensions\\uqbar.wollok-lsp-ide-0.3.3\\server\\node_modules\\vscode-jsonrpc\\lib\\common\\connection.js:493:41)","timestamp":"2024-08-27T00:31:20.207Z"}
{"level":"error","message":"âœ˜ Completions for node failed: Error: [Send]{d092a6} at tomyjerrytest.wtest:36 exhausted all cases without a match [Send]{d092a6} at tomyjerrytest.wtest:36 exhausted all cases without a match","stack":"Error: [Send]{d092a6} at tomyjerrytest.wtest:36 exhausted all cases without a match\n    at c:\\Users\\Pc\\.vscode\\extensions\\uqbar.wollok-lsp-ide-0.3.3\\node_modules\\wollok-ts\\dist\\extensions.js:85:11\n    at completionsForNode (c:\\Users\\Pc\\.vscode\\extensions\\uqbar.wollok-lsp-ide-0.3.3\\server\\out\\functionalities\\autocomplete\\node-completion.js:10:44)\n    at completeForParent (c:\\Users\\Pc\\.vscode\\extensions\\uqbar.wollok-lsp-ide-0.3.3\\server\\out\\functionalities\\autocomplete\\node-completion.js:56:43)\n    at completeReference (c:\\Users\\Pc\\.vscode\\extensions\\uqbar.wollok-lsp-ide-0.3.3\\server\\out\\functionalities\\autocomplete\\node-completion.js:64:135)\n    at c:\\Users\\Pc\\.vscode\\extensions\\uqbar.wollok-lsp-ide-0.3.3\\node_modules\\wollok-ts\\dist\\extensions.js:84:20\n    at completionsForNode (c:\\Users\\Pc\\.vscode\\extensions\\uqbar.wollok-lsp-ide-0.3.3\\server\\out\\functionalities\\autocomplete\\node-completion.js:10:44)\n    at c:\\Users\\Pc\\.vscode\\extensions\\uqbar.wollok-lsp-ide-0.3.3\\server\\out\\functionalities\\autocomplete\\autocomplete.js:26:154\n    at c:\\Users\\Pc\\.vscode\\extensions\\uqbar.wollok-lsp-ide-0.3.3\\server\\out\\server.js:198:20\n    at c:\\Users\\Pc\\.vscode\\extensions\\uqbar.wollok-lsp-ide-0.3.3\\server\\node_modules\\vscode-languageserver\\lib\\common\\server.js:593:20\n    at handleRequest (c:\\Users\\Pc\\.vscode\\extensions\\uqbar.wollok-lsp-ide-0.3.3\\server\\node_modules\\vscode-jsonrpc\\lib\\common\\connection.js:493:41)","timestamp":"2024-08-27T00:31:20.375Z"}
{"level":"error","message":"âœ˜ Completions for node failed: Error: [Send]{08e987} at tomyjerrytest.wtest:36 exhausted all cases without a match [Send]{08e987} at tomyjerrytest.wtest:36 exhausted all cases without a match","stack":"Error: [Send]{08e987} at tomyjerrytest.wtest:36 exhausted all cases without a match\n    at c:\\Users\\Pc\\.vscode\\extensions\\uqbar.wollok-lsp-ide-0.3.3\\node_modules\\wollok-ts\\dist\\extensions.js:85:11\n    at completionsForNode (c:\\Users\\Pc\\.vscode\\extensions\\uqbar.wollok-lsp-ide-0.3.3\\server\\out\\functionalities\\autocomplete\\node-completion.js:10:44)\n    at completeForParent (c:\\Users\\Pc\\.vscode\\extensions\\uqbar.wollok-lsp-ide-0.3.3\\server\\out\\functionalities\\autocomplete\\node-completion.js:56:43)\n    at completeReference (c:\\Users\\Pc\\.vscode\\extensions\\uqbar.wollok-lsp-ide-0.3.3\\server\\out\\functionalities\\autocomplete\\node-completion.js:64:135)\n    at c:\\Users\\Pc\\.vscode\\extensions\\uqbar.wollok-lsp-ide-0.3.3\\node_modules\\wollok-ts\\dist\\extensions.js:84:20\n    at completionsForNode (c:\\Users\\Pc\\.vscode\\extensions\\uqbar.wollok-lsp-ide-0.3.3\\server\\out\\functionalities\\autocomplete\\node-completion.js:10:44)\n    at c:\\Users\\Pc\\.vscode\\extensions\\uqbar.wollok-lsp-ide-0.3.3\\server\\out\\functionalities\\autocomplete\\autocomplete.js:26:154\n    at c:\\Users\\Pc\\.vscode\\extensions\\uqbar.wollok-lsp-ide-0.3.3\\server\\out\\server.js:198:20\n    at c:\\Users\\Pc\\.vscode\\extensions\\uqbar.wollok-lsp-ide-0.3.3\\server\\node_modules\\vscode-languageserver\\lib\\common\\server.js:593:20\n    at handleRequest (c:\\Users\\Pc\\.vscode\\extensions\\uqbar.wollok-lsp-ide-0.3.3\\server\\node_modules\\vscode-jsonrpc\\lib\\common\\connection.js:493:41)","timestamp":"2024-08-27T00:31:20.635Z"}
{"level":"info","message":"âŒ› Validating tomyjerrytest.wtest","timeElapsed":107,"timestamp":"2024-08-27T00:31:20.980Z"}
{"level":"error","message":"âœ˜ Completions for node failed: Error: [Send]{19b25c} at tomyjerrytest.wtest:36 exhausted all cases without a match [Send]{19b25c} at tomyjerrytest.wtest:36 exhausted all cases without a match","stack":"Error: [Send]{19b25c} at tomyjerrytest.wtest:36 exhausted all cases without a match\n    at c:\\Users\\Pc\\.vscode\\extensions\\uqbar.wollok-lsp-ide-0.3.3\\node_modules\\wollok-ts\\dist\\extensions.js:85:11\n    at completionsForNode (c:\\Users\\Pc\\.vscode\\extensions\\uqbar.wollok-lsp-ide-0.3.3\\server\\out\\functionalities\\autocomplete\\node-completion.js:10:44)\n    at completeForParent (c:\\Users\\Pc\\.vscode\\extensions\\uqbar.wollok-lsp-ide-0.3.3\\server\\out\\functionalities\\autocomplete\\node-completion.js:56:43)\n    at completeReference (c:\\Users\\Pc\\.vscode\\extensions\\uqbar.wollok-lsp-ide-0.3.3\\server\\out\\functionalities\\autocomplete\\node-completion.js:64:135)\n    at c:\\Users\\Pc\\.vscode\\extensions\\uqbar.wollok-lsp-ide-0.3.3\\node_modules\\wollok-ts\\dist\\extensions.js:84:20\n    at completionsForNode (c:\\Users\\Pc\\.vscode\\extensions\\uqbar.wollok-lsp-ide-0.3.3\\server\\out\\functionalities\\autocomplete\\node-completion.js:10:44)\n    at c:\\Users\\Pc\\.vscode\\extensions\\uqbar.wollok-lsp-ide-0.3.3\\server\\out\\functionalities\\autocomplete\\autocomplete.js:26:154\n    at c:\\Users\\Pc\\.vscode\\extensions\\uqbar.wollok-lsp-ide-0.3.3\\server\\out\\server.js:198:20\n    at c:\\Users\\Pc\\.vscode\\extensions\\uqbar.wollok-lsp-ide-0.3.3\\server\\node_modules\\vscode-languageserver\\lib\\common\\server.js:593:20\n    at handleRequest (c:\\Users\\Pc\\.vscode\\extensions\\uqbar.wollok-lsp-ide-0.3.3\\server\\node_modules\\vscode-jsonrpc\\lib\\common\\connection.js:493:41)","timestamp":"2024-08-27T00:31:21.162Z"}
{"level":"error","message":"âœ˜ Completions for node failed: Error: [Send]{72f694} at tomyjerrytest.wtest:36 exhausted all cases without a match [Send]{72f694} at tomyjerrytest.wtest:36 exhausted all cases without a match","stack":"Error: [Send]{72f694} at tomyjerrytest.wtest:36 exhausted all cases without a match\n    at c:\\Users\\Pc\\.vscode\\extensions\\uqbar.wollok-lsp-ide-0.3.3\\node_modules\\wollok-ts\\dist\\extensions.js:85:11\n    at completionsForNode (c:\\Users\\Pc\\.vscode\\extensions\\uqbar.wollok-lsp-ide-0.3.3\\server\\out\\functionalities\\autocomplete\\node-completion.js:10:44)\n    at completeForParent (c:\\Users\\Pc\\.vscode\\extensions\\uqbar.wollok-lsp-ide-0.3.3\\server\\out\\functionalities\\autocomplete\\node-completion.js:56:43)\n    at completeReference (c:\\Users\\Pc\\.vscode\\extensions\\uqbar.wollok-lsp-ide-0.3.3\\server\\out\\functionalities\\autocomplete\\node-completion.js:64:135)\n    at c:\\Users\\Pc\\.vscode\\extensions\\uqbar.wollok-lsp-ide-0.3.3\\node_modules\\wollok-ts\\dist\\extensions.js:84:20\n    at completionsForNode (c:\\Users\\Pc\\.vscode\\extensions\\uqbar.wollok-lsp-ide-0.3.3\\server\\out\\functionalities\\autocomplete\\node-completion.js:10:44)\n    at c:\\Users\\Pc\\.vscode\\extensions\\uqbar.wollok-lsp-ide-0.3.3\\server\\out\\functionalities\\autocomplete\\autocomplete.js:26:154\n    at c:\\Users\\Pc\\.vscode\\extensions\\uqbar.wollok-lsp-ide-0.3.3\\server\\out\\server.js:198:20\n    at c:\\Users\\Pc\\.vscode\\extensions\\uqbar.wollok-lsp-ide-0.3.3\\server\\node_modules\\vscode-languageserver\\lib\\common\\server.js:593:20\n    at handleRequest (c:\\Users\\Pc\\.vscode\\extensions\\uqbar.wollok-lsp-ide-0.3.3\\server\\node_modules\\vscode-jsonrpc\\lib\\common\\connection.js:493:41)","timestamp":"2024-08-27T00:31:21.504Z"}
{"level":"error","message":"âœ˜ Completions for node failed: Error: [Send]{a3daaf} at tomyjerrytest.wtest:36 exhausted all cases without a match [Send]{a3daaf} at tomyjerrytest.wtest:36 exhausted all cases without a match","stack":"Error: [Send]{a3daaf} at tomyjerrytest.wtest:36 exhausted all cases without a match\n    at c:\\Users\\Pc\\.vscode\\extensions\\uqbar.wollok-lsp-ide-0.3.3\\node_modules\\wollok-ts\\dist\\extensions.js:85:11\n    at completionsForNode (c:\\Users\\Pc\\.vscode\\extensions\\uqbar.wollok-lsp-ide-0.3.3\\server\\out\\functionalities\\autocomplete\\node-completion.js:10:44)\n    at completeForParent (c:\\Users\\Pc\\.vscode\\extensions\\uqbar.wollok-lsp-ide-0.3.3\\server\\out\\functionalities\\autocomplete\\node-completion.js:56:43)\n    at completeReference (c:\\Users\\Pc\\.vscode\\extensions\\uqbar.wollok-lsp-ide-0.3.3\\server\\out\\functionalities\\autocomplete\\node-completion.js:64:135)\n    at c:\\Users\\Pc\\.vscode\\extensions\\uqbar.wollok-lsp-ide-0.3.3\\node_modules\\wollok-ts\\dist\\extensions.js:84:20\n    at completionsForNode (c:\\Users\\Pc\\.vscode\\extensions\\uqbar.wollok-lsp-ide-0.3.3\\server\\out\\functionalities\\autocomplete\\node-completion.js:10:44)\n    at c:\\Users\\Pc\\.vscode\\extensions\\uqbar.wollok-lsp-ide-0.3.3\\server\\out\\functionalities\\autocomplete\\autocomplete.js:26:154\n    at c:\\Users\\Pc\\.vscode\\extensions\\uqbar.wollok-lsp-ide-0.3.3\\server\\out\\server.js:198:20\n    at c:\\Users\\Pc\\.vscode\\extensions\\uqbar.wollok-lsp-ide-0.3.3\\server\\node_modules\\vscode-languageserver\\lib\\common\\server.js:593:20\n    at handleRequest (c:\\Users\\Pc\\.vscode\\extensions\\uqbar.wollok-lsp-ide-0.3.3\\server\\node_modules\\vscode-jsonrpc\\lib\\common\\connection.js:493:41)","timestamp":"2024-08-27T00:31:22.275Z"}
{"level":"error","message":"âœ˜ Completions for node failed: Error: [Send]{8d67db} at tomyjerrytest.wtest:36 exhausted all cases without a match [Send]{8d67db} at tomyjerrytest.wtest:36 exhausted all cases without a match","stack":"Error: [Send]{8d67db} at tomyjerrytest.wtest:36 exhausted all cases without a match\n    at c:\\Users\\Pc\\.vscode\\extensions\\uqbar.wollok-lsp-ide-0.3.3\\node_modules\\wollok-ts\\dist\\extensions.js:85:11\n    at completionsForNode (c:\\Users\\Pc\\.vscode\\extensions\\uqbar.wollok-lsp-ide-0.3.3\\server\\out\\functionalities\\autocomplete\\node-completion.js:10:44)\n    at completeForParent (c:\\Users\\Pc\\.vscode\\extensions\\uqbar.wollok-lsp-ide-0.3.3\\server\\out\\functionalities\\autocomplete\\node-completion.js:56:43)\n    at completeReference (c:\\Users\\Pc\\.vscode\\extensions\\uqbar.wollok-lsp-ide-0.3.3\\server\\out\\functionalities\\autocomplete\\node-completion.js:64:135)\n    at c:\\Users\\Pc\\.vscode\\extensions\\uqbar.wollok-lsp-ide-0.3.3\\node_modules\\wollok-ts\\dist\\extensions.js:84:20\n    at completionsForNode (c:\\Users\\Pc\\.vscode\\extensions\\uqbar.wollok-lsp-ide-0.3.3\\server\\out\\functionalities\\autocomplete\\node-completion.js:10:44)\n    at c:\\Users\\Pc\\.vscode\\extensions\\uqbar.wollok-lsp-ide-0.3.3\\server\\out\\functionalities\\autocomplete\\autocomplete.js:26:154\n    at c:\\Users\\Pc\\.vscode\\extensions\\uqbar.wollok-lsp-ide-0.3.3\\server\\out\\server.js:198:20\n    at c:\\Users\\Pc\\.vscode\\extensions\\uqbar.wollok-lsp-ide-0.3.3\\server\\node_modules\\vscode-languageserver\\lib\\common\\server.js:593:20\n    at handleRequest (c:\\Users\\Pc\\.vscode\\extensions\\uqbar.wollok-lsp-ide-0.3.3\\server\\node_modules\\vscode-jsonrpc\\lib\\common\\connection.js:493:41)","timestamp":"2024-08-27T00:31:22.455Z"}
{"level":"error","message":"âœ˜ Completions for node failed: Error: [Send]{c15f17} at tomyjerrytest.wtest:36 exhausted all cases without a match [Send]{c15f17} at tomyjerrytest.wtest:36 exhausted all cases without a match","stack":"Error: [Send]{c15f17} at tomyjerrytest.wtest:36 exhausted all cases without a match\n    at c:\\Users\\Pc\\.vscode\\extensions\\uqbar.wollok-lsp-ide-0.3.3\\node_modules\\wollok-ts\\dist\\extensions.js:85:11\n    at completionsForNode (c:\\Users\\Pc\\.vscode\\extensions\\uqbar.wollok-lsp-ide-0.3.3\\server\\out\\functionalities\\autocomplete\\node-completion.js:10:44)\n    at completeForParent (c:\\Users\\Pc\\.vscode\\extensions\\uqbar.wollok-lsp-ide-0.3.3\\server\\out\\functionalities\\autocomplete\\node-completion.js:56:43)\n    at completeReference (c:\\Users\\Pc\\.vscode\\extensions\\uqbar.wollok-lsp-ide-0.3.3\\server\\out\\functionalities\\autocomplete\\node-completion.js:64:135)\n    at c:\\Users\\Pc\\.vscode\\extensions\\uqbar.wollok-lsp-ide-0.3.3\\node_modules\\wollok-ts\\dist\\extensions.js:84:20\n    at completionsForNode (c:\\Users\\Pc\\.vscode\\extensions\\uqbar.wollok-lsp-ide-0.3.3\\server\\out\\functionalities\\autocomplete\\node-completion.js:10:44)\n    at c:\\Users\\Pc\\.vscode\\extensions\\uqbar.wollok-lsp-ide-0.3.3\\server\\out\\functionalities\\autocomplete\\autocomplete.js:26:154\n    at c:\\Users\\Pc\\.vscode\\extensions\\uqbar.wollok-lsp-ide-0.3.3\\server\\out\\server.js:198:20\n    at c:\\Users\\Pc\\.vscode\\extensions\\uqbar.wollok-lsp-ide-0.3.3\\server\\node_modules\\vscode-languageserver\\lib\\common\\server.js:593:20\n    at handleRequest (c:\\Users\\Pc\\.vscode\\extensions\\uqbar.wollok-lsp-ide-0.3.3\\server\\node_modules\\vscode-jsonrpc\\lib\\common\\connection.js:493:41)","timestamp":"2024-08-27T00:31:22.830Z"}
{"level":"error","message":"âœ˜ Completions for node failed: Error: [Send]{c054c6} at tomyjerrytest.wtest:36 exhausted all cases without a match [Send]{c054c6} at tomyjerrytest.wtest:36 exhausted all cases without a match","stack":"Error: [Send]{c054c6} at tomyjerrytest.wtest:36 exhausted all cases without a match\n    at c:\\Users\\Pc\\.vscode\\extensions\\uqbar.wollok-lsp-ide-0.3.3\\node_modules\\wollok-ts\\dist\\extensions.js:85:11\n    at completionsForNode (c:\\Users\\Pc\\.vscode\\extensions\\uqbar.wollok-lsp-ide-0.3.3\\server\\out\\functionalities\\autocomplete\\node-completion.js:10:44)\n    at completeForParent (c:\\Users\\Pc\\.vscode\\extensions\\uqbar.wollok-lsp-ide-0.3.3\\server\\out\\functionalities\\autocomplete\\node-completion.js:56:43)\n    at completeReference (c:\\Users\\Pc\\.vscode\\extensions\\uqbar.wollok-lsp-ide-0.3.3\\server\\out\\functionalities\\autocomplete\\node-completion.js:64:135)\n    at c:\\Users\\Pc\\.vscode\\extensions\\uqbar.wollok-lsp-ide-0.3.3\\node_modules\\wollok-ts\\dist\\extensions.js:84:20\n    at completionsForNode (c:\\Users\\Pc\\.vscode\\extensions\\uqbar.wollok-lsp-ide-0.3.3\\server\\out\\functionalities\\autocomplete\\node-completion.js:10:44)\n    at c:\\Users\\Pc\\.vscode\\extensions\\uqbar.wollok-lsp-ide-0.3.3\\server\\out\\functionalities\\autocomplete\\autocomplete.js:26:154\n    at c:\\Users\\Pc\\.vscode\\extensions\\uqbar.wollok-lsp-ide-0.3.3\\server\\out\\server.js:198:20\n    at c:\\Users\\Pc\\.vscode\\extensions\\uqbar.wollok-lsp-ide-0.3.3\\server\\node_modules\\vscode-languageserver\\lib\\common\\server.js:593:20\n    at handleRequest (c:\\Users\\Pc\\.vscode\\extensions\\uqbar.wollok-lsp-ide-0.3.3\\server\\node_modules\\vscode-jsonrpc\\lib\\common\\connection.js:493:41)","timestamp":"2024-08-27T00:31:23.147Z"}
{"level":"info","message":"âŒ› Building environment","timeElapsed":101,"timestamp":"2024-08-27T00:31:34.400Z"}
{"level":"info","message":"onRequest - completionItem/resolve","timestamp":"2024-08-27T00:31:35.244Z"}
{"level":"info","message":"onRequest - completionItem/resolve","timestamp":"2024-08-27T00:31:36.995Z"}
{"level":"info","message":"onRequest - completionItem/resolve","timestamp":"2024-08-27T00:31:37.167Z"}
{"level":"info","message":"âŒ› Building environment","timeElapsed":101,"timestamp":"2024-08-27T00:31:38.461Z"}
{"level":"info","message":"onRequest - completionItem/resolve","timestamp":"2024-08-27T00:31:40.626Z"}
{"level":"info","message":"âŒ› Building environment","timeElapsed":145,"timestamp":"2024-08-27T00:31:41.104Z"}
{"level":"error","message":"âœ˜ Completions for node failed: Error: [Send]{f48a2d} at tomyjerrytest.wtest:37 exhausted all cases without a match [Send]{f48a2d} at tomyjerrytest.wtest:37 exhausted all cases without a match","stack":"Error: [Send]{f48a2d} at tomyjerrytest.wtest:37 exhausted all cases without a match\n    at c:\\Users\\Pc\\.vscode\\extensions\\uqbar.wollok-lsp-ide-0.3.3\\node_modules\\wollok-ts\\dist\\extensions.js:85:11\n    at completionsForNode (c:\\Users\\Pc\\.vscode\\extensions\\uqbar.wollok-lsp-ide-0.3.3\\server\\out\\functionalities\\autocomplete\\node-completion.js:10:44)\n    at completeForParent (c:\\Users\\Pc\\.vscode\\extensions\\uqbar.wollok-lsp-ide-0.3.3\\server\\out\\functionalities\\autocomplete\\node-completion.js:56:43)\n    at completeReference (c:\\Users\\Pc\\.vscode\\extensions\\uqbar.wollok-lsp-ide-0.3.3\\server\\out\\functionalities\\autocomplete\\node-completion.js:64:135)\n    at c:\\Users\\Pc\\.vscode\\extensions\\uqbar.wollok-lsp-ide-0.3.3\\node_modules\\wollok-ts\\dist\\extensions.js:84:20\n    at completionsForNode (c:\\Users\\Pc\\.vscode\\extensions\\uqbar.wollok-lsp-ide-0.3.3\\server\\out\\functionalities\\autocomplete\\node-completion.js:10:44)\n    at c:\\Users\\Pc\\.vscode\\extensions\\uqbar.wollok-lsp-ide-0.3.3\\server\\out\\functionalities\\autocomplete\\autocomplete.js:26:154\n    at c:\\Users\\Pc\\.vscode\\extensions\\uqbar.wollok-lsp-ide-0.3.3\\server\\out\\server.js:198:20\n    at c:\\Users\\Pc\\.vscode\\extensions\\uqbar.wollok-lsp-ide-0.3.3\\server\\node_modules\\vscode-languageserver\\lib\\common\\server.js:593:20\n    at handleRequest (c:\\Users\\Pc\\.vscode\\extensions\\uqbar.wollok-lsp-ide-0.3.3\\server\\node_modules\\vscode-jsonrpc\\lib\\common\\connection.js:493:41)","timestamp":"2024-08-27T00:31:42.537Z"}
{"level":"info","message":"onRequest - completionItem/resolve","timestamp":"2024-08-27T00:31:42.685Z"}
{"level":"info","message":"onRequest - completionItem/resolve","timestamp":"2024-08-27T00:31:43.158Z"}
{"level":"info","message":"âŒ› Building environment","timeElapsed":116,"timestamp":"2024-08-27T00:31:43.519Z"}
{"level":"error","message":"âœ˜ Completions for node failed: Error: [Send]{d4826a} at tomyjerrytest.wtest:37 exhausted all cases without a match [Send]{d4826a} at tomyjerrytest.wtest:37 exhausted all cases without a match","stack":"Error: [Send]{d4826a} at tomyjerrytest.wtest:37 exhausted all cases without a match\n    at c:\\Users\\Pc\\.vscode\\extensions\\uqbar.wollok-lsp-ide-0.3.3\\node_modules\\wollok-ts\\dist\\extensions.js:85:11\n    at completionsForNode (c:\\Users\\Pc\\.vscode\\extensions\\uqbar.wollok-lsp-ide-0.3.3\\server\\out\\functionalities\\autocomplete\\node-completion.js:10:44)\n    at completeForParent (c:\\Users\\Pc\\.vscode\\extensions\\uqbar.wollok-lsp-ide-0.3.3\\server\\out\\functionalities\\autocomplete\\node-completion.js:56:43)\n    at completeReference (c:\\Users\\Pc\\.vscode\\extensions\\uqbar.wollok-lsp-ide-0.3.3\\server\\out\\functionalities\\autocomplete\\node-completion.js:64:135)\n    at c:\\Users\\Pc\\.vscode\\extensions\\uqbar.wollok-lsp-ide-0.3.3\\node_modules\\wollok-ts\\dist\\extensions.js:84:20\n    at completionsForNode (c:\\Users\\Pc\\.vscode\\extensions\\uqbar.wollok-lsp-ide-0.3.3\\server\\out\\functionalities\\autocomplete\\node-completion.js:10:44)\n    at c:\\Users\\Pc\\.vscode\\extensions\\uqbar.wollok-lsp-ide-0.3.3\\server\\out\\functionalities\\autocomplete\\autocomplete.js:26:154\n    at c:\\Users\\Pc\\.vscode\\extensions\\uqbar.wollok-lsp-ide-0.3.3\\server\\out\\server.js:198:20\n    at c:\\Users\\Pc\\.vscode\\extensions\\uqbar.wollok-lsp-ide-0.3.3\\server\\node_modules\\vscode-languageserver\\lib\\common\\server.js:593:20\n    at handleRequest (c:\\Users\\Pc\\.vscode\\extensions\\uqbar.wollok-lsp-ide-0.3.3\\server\\node_modules\\vscode-jsonrpc\\lib\\common\\connection.js:493:41)","timestamp":"2024-08-27T00:31:43.537Z"}
{"level":"error","message":"âœ˜ Completions for node failed: Error: [Send]{bd0899} at tomyjerrytest.wtest:37 exhausted all cases without a match [Send]{bd0899} at tomyjerrytest.wtest:37 exhausted all cases without a match","stack":"Error: [Send]{bd0899} at tomyjerrytest.wtest:37 exhausted all cases without a match\n    at c:\\Users\\Pc\\.vscode\\extensions\\uqbar.wollok-lsp-ide-0.3.3\\node_modules\\wollok-ts\\dist\\extensions.js:85:11\n    at completionsForNode (c:\\Users\\Pc\\.vscode\\extensions\\uqbar.wollok-lsp-ide-0.3.3\\server\\out\\functionalities\\autocomplete\\node-completion.js:10:44)\n    at completeForParent (c:\\Users\\Pc\\.vscode\\extensions\\uqbar.wollok-lsp-ide-0.3.3\\server\\out\\functionalities\\autocomplete\\node-completion.js:56:43)\n    at completeReference (c:\\Users\\Pc\\.vscode\\extensions\\uqbar.wollok-lsp-ide-0.3.3\\server\\out\\functionalities\\autocomplete\\node-completion.js:64:135)\n    at c:\\Users\\Pc\\.vscode\\extensions\\uqbar.wollok-lsp-ide-0.3.3\\node_modules\\wollok-ts\\dist\\extensions.js:84:20\n    at completionsForNode (c:\\Users\\Pc\\.vscode\\extensions\\uqbar.wollok-lsp-ide-0.3.3\\server\\out\\functionalities\\autocomplete\\node-completion.js:10:44)\n    at c:\\Users\\Pc\\.vscode\\extensions\\uqbar.wollok-lsp-ide-0.3.3\\server\\out\\functionalities\\autocomplete\\autocomplete.js:26:154\n    at c:\\Users\\Pc\\.vscode\\extensions\\uqbar.wollok-lsp-ide-0.3.3\\server\\out\\server.js:198:20\n    at c:\\Users\\Pc\\.vscode\\extensions\\uqbar.wollok-lsp-ide-0.3.3\\server\\node_modules\\vscode-languageserver\\lib\\common\\server.js:593:20\n    at handleRequest (c:\\Users\\Pc\\.vscode\\extensions\\uqbar.wollok-lsp-ide-0.3.3\\server\\node_modules\\vscode-jsonrpc\\lib\\common\\connection.js:493:41)","timestamp":"2024-08-27T00:31:43.713Z"}
{"level":"error","message":"âœ˜ Completions for node failed: Error: [Send]{0d01a0} at tomyjerrytest.wtest:37 exhausted all cases without a match [Send]{0d01a0} at tomyjerrytest.wtest:37 exhausted all cases without a match","stack":"Error: [Send]{0d01a0} at tomyjerrytest.wtest:37 exhausted all cases without a match\n    at c:\\Users\\Pc\\.vscode\\extensions\\uqbar.wollok-lsp-ide-0.3.3\\node_modules\\wollok-ts\\dist\\extensions.js:85:11\n    at completionsForNode (c:\\Users\\Pc\\.vscode\\extensions\\uqbar.wollok-lsp-ide-0.3.3\\server\\out\\functionalities\\autocomplete\\node-completion.js:10:44)\n    at completeForParent (c:\\Users\\Pc\\.vscode\\extensions\\uqbar.wollok-lsp-ide-0.3.3\\server\\out\\functionalities\\autocomplete\\node-completion.js:56:43)\n    at completeReference (c:\\Users\\Pc\\.vscode\\extensions\\uqbar.wollok-lsp-ide-0.3.3\\server\\out\\functionalities\\autocomplete\\node-completion.js:64:135)\n    at c:\\Users\\Pc\\.vscode\\extensions\\uqbar.wollok-lsp-ide-0.3.3\\node_modules\\wollok-ts\\dist\\extensions.js:84:20\n    at completionsForNode (c:\\Users\\Pc\\.vscode\\extensions\\uqbar.wollok-lsp-ide-0.3.3\\server\\out\\functionalities\\autocomplete\\node-completion.js:10:44)\n    at c:\\Users\\Pc\\.vscode\\extensions\\uqbar.wollok-lsp-ide-0.3.3\\server\\out\\functionalities\\autocomplete\\autocomplete.js:26:154\n    at c:\\Users\\Pc\\.vscode\\extensions\\uqbar.wollok-lsp-ide-0.3.3\\server\\out\\server.js:198:20\n    at c:\\Users\\Pc\\.vscode\\extensions\\uqbar.wollok-lsp-ide-0.3.3\\server\\node_modules\\vscode-languageserver\\lib\\common\\server.js:593:20\n    at handleRequest (c:\\Users\\Pc\\.vscode\\extensions\\uqbar.wollok-lsp-ide-0.3.3\\server\\node_modules\\vscode-jsonrpc\\lib\\common\\connection.js:493:41)","timestamp":"2024-08-27T00:31:44.064Z"}
{"level":"error","message":"âœ˜ Completions for node failed: Error: [Send]{c1935d} at tomyjerrytest.wtest:37 exhausted all cases without a match [Send]{c1935d} at tomyjerrytest.wtest:37 exhausted all cases without a match","stack":"Error: [Send]{c1935d} at tomyjerrytest.wtest:37 exhausted all cases without a match\n    at c:\\Users\\Pc\\.vscode\\extensions\\uqbar.wollok-lsp-ide-0.3.3\\node_modules\\wollok-ts\\dist\\extensions.js:85:11\n    at completionsForNode (c:\\Users\\Pc\\.vscode\\extensions\\uqbar.wollok-lsp-ide-0.3.3\\server\\out\\functionalities\\autocomplete\\node-completion.js:10:44)\n    at completeForParent (c:\\Users\\Pc\\.vscode\\extensions\\uqbar.wollok-lsp-ide-0.3.3\\server\\out\\functionalities\\autocomplete\\node-completion.js:56:43)\n    at completeReference (c:\\Users\\Pc\\.vscode\\extensions\\uqbar.wollok-lsp-ide-0.3.3\\server\\out\\functionalities\\autocomplete\\node-completion.js:64:135)\n    at c:\\Users\\Pc\\.vscode\\extensions\\uqbar.wollok-lsp-ide-0.3.3\\node_modules\\wollok-ts\\dist\\extensions.js:84:20\n    at completionsForNode (c:\\Users\\Pc\\.vscode\\extensions\\uqbar.wollok-lsp-ide-0.3.3\\server\\out\\functionalities\\autocomplete\\node-completion.js:10:44)\n    at c:\\Users\\Pc\\.vscode\\extensions\\uqbar.wollok-lsp-ide-0.3.3\\server\\out\\functionalities\\autocomplete\\autocomplete.js:26:154\n    at c:\\Users\\Pc\\.vscode\\extensions\\uqbar.wollok-lsp-ide-0.3.3\\server\\out\\server.js:198:20\n    at c:\\Users\\Pc\\.vscode\\extensions\\uqbar.wollok-lsp-ide-0.3.3\\server\\node_modules\\vscode-languageserver\\lib\\common\\server.js:593:20\n    at handleRequest (c:\\Users\\Pc\\.vscode\\extensions\\uqbar.wollok-lsp-ide-0.3.3\\server\\node_modules\\vscode-jsonrpc\\lib\\common\\connection.js:493:41)","timestamp":"2024-08-27T00:31:44.395Z"}
{"level":"error","message":"âœ˜ Completions for node failed: Error: [Send]{c22ff1} at tomyjerrytest.wtest:37 exhausted all cases without a match [Send]{c22ff1} at tomyjerrytest.wtest:37 exhausted all cases without a match","stack":"Error: [Send]{c22ff1} at tomyjerrytest.wtest:37 exhausted all cases without a match\n    at c:\\Users\\Pc\\.vscode\\extensions\\uqbar.wollok-lsp-ide-0.3.3\\node_modules\\wollok-ts\\dist\\extensions.js:85:11\n    at completionsForNode (c:\\Users\\Pc\\.vscode\\extensions\\uqbar.wollok-lsp-ide-0.3.3\\server\\out\\functionalities\\autocomplete\\node-completion.js:10:44)\n    at completeForParent (c:\\Users\\Pc\\.vscode\\extensions\\uqbar.wollok-lsp-ide-0.3.3\\server\\out\\functionalities\\autocomplete\\node-completion.js:56:43)\n    at completeReference (c:\\Users\\Pc\\.vscode\\extensions\\uqbar.wollok-lsp-ide-0.3.3\\server\\out\\functionalities\\autocomplete\\node-completion.js:64:135)\n    at c:\\Users\\Pc\\.vscode\\extensions\\uqbar.wollok-lsp-ide-0.3.3\\node_modules\\wollok-ts\\dist\\extensions.js:84:20\n    at completionsForNode (c:\\Users\\Pc\\.vscode\\extensions\\uqbar.wollok-lsp-ide-0.3.3\\server\\out\\functionalities\\autocomplete\\node-completion.js:10:44)\n    at c:\\Users\\Pc\\.vscode\\extensions\\uqbar.wollok-lsp-ide-0.3.3\\server\\out\\functionalities\\autocomplete\\autocomplete.js:26:154\n    at c:\\Users\\Pc\\.vscode\\extensions\\uqbar.wollok-lsp-ide-0.3.3\\server\\out\\server.js:198:20\n    at c:\\Users\\Pc\\.vscode\\extensions\\uqbar.wollok-lsp-ide-0.3.3\\server\\node_modules\\vscode-languageserver\\lib\\common\\server.js:593:20\n    at handleRequest (c:\\Users\\Pc\\.vscode\\extensions\\uqbar.wollok-lsp-ide-0.3.3\\server\\node_modules\\vscode-jsonrpc\\lib\\common\\connection.js:493:41)","timestamp":"2024-08-27T00:31:44.923Z"}
{"level":"error","message":"âœ˜ Completions for node failed: Error: [Send]{4860f8} at tomyjerrytest.wtest:37 exhausted all cases without a match [Send]{4860f8} at tomyjerrytest.wtest:37 exhausted all cases without a match","stack":"Error: [Send]{4860f8} at tomyjerrytest.wtest:37 exhausted all cases without a match\n    at c:\\Users\\Pc\\.vscode\\extensions\\uqbar.wollok-lsp-ide-0.3.3\\node_modules\\wollok-ts\\dist\\extensions.js:85:11\n    at completionsForNode (c:\\Users\\Pc\\.vscode\\extensions\\uqbar.wollok-lsp-ide-0.3.3\\server\\out\\functionalities\\autocomplete\\node-completion.js:10:44)\n    at completeForParent (c:\\Users\\Pc\\.vscode\\extensions\\uqbar.wollok-lsp-ide-0.3.3\\server\\out\\functionalities\\autocomplete\\node-completion.js:56:43)\n    at completeReference (c:\\Users\\Pc\\.vscode\\extensions\\uqbar.wollok-lsp-ide-0.3.3\\server\\out\\functionalities\\autocomplete\\node-completion.js:64:135)\n    at c:\\Users\\Pc\\.vscode\\extensions\\uqbar.wollok-lsp-ide-0.3.3\\node_modules\\wollok-ts\\dist\\extensions.js:84:20\n    at completionsForNode (c:\\Users\\Pc\\.vscode\\extensions\\uqbar.wollok-lsp-ide-0.3.3\\server\\out\\functionalities\\autocomplete\\node-completion.js:10:44)\n    at c:\\Users\\Pc\\.vscode\\extensions\\uqbar.wollok-lsp-ide-0.3.3\\server\\out\\functionalities\\autocomplete\\autocomplete.js:26:154\n    at c:\\Users\\Pc\\.vscode\\extensions\\uqbar.wollok-lsp-ide-0.3.3\\server\\out\\server.js:198:20\n    at c:\\Users\\Pc\\.vscode\\extensions\\uqbar.wollok-lsp-ide-0.3.3\\server\\node_modules\\vscode-languageserver\\lib\\common\\server.js:593:20\n    at handleRequest (c:\\Users\\Pc\\.vscode\\extensions\\uqbar.wollok-lsp-ide-0.3.3\\server\\node_modules\\vscode-jsonrpc\\lib\\common\\connection.js:493:41)","timestamp":"2024-08-27T00:31:45.100Z"}
{"level":"error","message":"âœ˜ Completions for node failed: Error: [Send]{69586b} at tomyjerrytest.wtest:37 exhausted all cases without a match [Send]{69586b} at tomyjerrytest.wtest:37 exhausted all cases without a match","stack":"Error: [Send]{69586b} at tomyjerrytest.wtest:37 exhausted all cases without a match\n    at c:\\Users\\Pc\\.vscode\\extensions\\uqbar.wollok-lsp-ide-0.3.3\\node_modules\\wollok-ts\\dist\\extensions.js:85:11\n    at completionsForNode (c:\\Users\\Pc\\.vscode\\extensions\\uqbar.wollok-lsp-ide-0.3.3\\server\\out\\functionalities\\autocomplete\\node-completion.js:10:44)\n    at completeForParent (c:\\Users\\Pc\\.vscode\\extensions\\uqbar.wollok-lsp-ide-0.3.3\\server\\out\\functionalities\\autocomplete\\node-completion.js:56:43)\n    at completeReference (c:\\Users\\Pc\\.vscode\\extensions\\uqbar.wollok-lsp-ide-0.3.3\\server\\out\\functionalities\\autocomplete\\node-completion.js:64:135)\n    at c:\\Users\\Pc\\.vscode\\extensions\\uqbar.wollok-lsp-ide-0.3.3\\node_modules\\wollok-ts\\dist\\extensions.js:84:20\n    at completionsForNode (c:\\Users\\Pc\\.vscode\\extensions\\uqbar.wollok-lsp-ide-0.3.3\\server\\out\\functionalities\\autocomplete\\node-completion.js:10:44)\n    at c:\\Users\\Pc\\.vscode\\extensions\\uqbar.wollok-lsp-ide-0.3.3\\server\\out\\functionalities\\autocomplete\\autocomplete.js:26:154\n    at c:\\Users\\Pc\\.vscode\\extensions\\uqbar.wollok-lsp-ide-0.3.3\\server\\out\\server.js:198:20\n    at c:\\Users\\Pc\\.vscode\\extensions\\uqbar.wollok-lsp-ide-0.3.3\\server\\node_modules\\vscode-languageserver\\lib\\common\\server.js:593:20\n    at handleRequest (c:\\Users\\Pc\\.vscode\\extensions\\uqbar.wollok-lsp-ide-0.3.3\\server\\node_modules\\vscode-jsonrpc\\lib\\common\\connection.js:493:41)","timestamp":"2024-08-27T00:31:45.364Z"}
{"level":"error","message":"âœ˜ Completions for node failed: Error: [Send]{1b07c3} at tomyjerrytest.wtest:37 exhausted all cases without a match [Send]{1b07c3} at tomyjerrytest.wtest:37 exhausted all cases without a match","stack":"Error: [Send]{1b07c3} at tomyjerrytest.wtest:37 exhausted all cases without a match\n    at c:\\Users\\Pc\\.vscode\\extensions\\uqbar.wollok-lsp-ide-0.3.3\\node_modules\\wollok-ts\\dist\\extensions.js:85:11\n    at completionsForNode (c:\\Users\\Pc\\.vscode\\extensions\\uqbar.wollok-lsp-ide-0.3.3\\server\\out\\functionalities\\autocomplete\\node-completion.js:10:44)\n    at completeForParent (c:\\Users\\Pc\\.vscode\\extensions\\uqbar.wollok-lsp-ide-0.3.3\\server\\out\\functionalities\\autocomplete\\node-completion.js:56:43)\n    at completeReference (c:\\Users\\Pc\\.vscode\\extensions\\uqbar.wollok-lsp-ide-0.3.3\\server\\out\\functionalities\\autocomplete\\node-completion.js:64:135)\n    at c:\\Users\\Pc\\.vscode\\extensions\\uqbar.wollok-lsp-ide-0.3.3\\node_modules\\wollok-ts\\dist\\extensions.js:84:20\n    at completionsForNode (c:\\Users\\Pc\\.vscode\\extensions\\uqbar.wollok-lsp-ide-0.3.3\\server\\out\\functionalities\\autocomplete\\node-completion.js:10:44)\n    at c:\\Users\\Pc\\.vscode\\extensions\\uqbar.wollok-lsp-ide-0.3.3\\server\\out\\functionalities\\autocomplete\\autocomplete.js:26:154\n    at c:\\Users\\Pc\\.vscode\\extensions\\uqbar.wollok-lsp-ide-0.3.3\\server\\out\\server.js:198:20\n    at c:\\Users\\Pc\\.vscode\\extensions\\uqbar.wollok-lsp-ide-0.3.3\\server\\node_modules\\vscode-languageserver\\lib\\common\\server.js:593:20\n    at handleRequest (c:\\Users\\Pc\\.vscode\\extensions\\uqbar.wollok-lsp-ide-0.3.3\\server\\node_modules\\vscode-jsonrpc\\lib\\common\\connection.js:493:41)","timestamp":"2024-08-27T00:31:45.588Z"}
{"level":"info","message":"âŒ› Building environment","timeElapsed":113,"timestamp":"2024-08-27T00:31:46.120Z"}
{"level":"error","message":"âœ˜ Completions for node failed: Error: [Send]{50f24b} at tomyjerrytest.wtest:37 exhausted all cases without a match [Send]{50f24b} at tomyjerrytest.wtest:37 exhausted all cases without a match","stack":"Error: [Send]{50f24b} at tomyjerrytest.wtest:37 exhausted all cases without a match\n    at c:\\Users\\Pc\\.vscode\\extensions\\uqbar.wollok-lsp-ide-0.3.3\\node_modules\\wollok-ts\\dist\\extensions.js:85:11\n    at completionsForNode (c:\\Users\\Pc\\.vscode\\extensions\\uqbar.wollok-lsp-ide-0.3.3\\server\\out\\functionalities\\autocomplete\\node-completion.js:10:44)\n    at completeForParent (c:\\Users\\Pc\\.vscode\\extensions\\uqbar.wollok-lsp-ide-0.3.3\\server\\out\\functionalities\\autocomplete\\node-completion.js:56:43)\n    at completeReference (c:\\Users\\Pc\\.vscode\\extensions\\uqbar.wollok-lsp-ide-0.3.3\\server\\out\\functionalities\\autocomplete\\node-completion.js:64:135)\n    at c:\\Users\\Pc\\.vscode\\extensions\\uqbar.wollok-lsp-ide-0.3.3\\node_modules\\wollok-ts\\dist\\extensions.js:84:20\n    at completionsForNode (c:\\Users\\Pc\\.vscode\\extensions\\uqbar.wollok-lsp-ide-0.3.3\\server\\out\\functionalities\\autocomplete\\node-completion.js:10:44)\n    at c:\\Users\\Pc\\.vscode\\extensions\\uqbar.wollok-lsp-ide-0.3.3\\server\\out\\functionalities\\autocomplete\\autocomplete.js:26:154\n    at c:\\Users\\Pc\\.vscode\\extensions\\uqbar.wollok-lsp-ide-0.3.3\\server\\out\\server.js:198:20\n    at c:\\Users\\Pc\\.vscode\\extensions\\uqbar.wollok-lsp-ide-0.3.3\\server\\node_modules\\vscode-languageserver\\lib\\common\\server.js:593:20\n    at handleRequest (c:\\Users\\Pc\\.vscode\\extensions\\uqbar.wollok-lsp-ide-0.3.3\\server\\node_modules\\vscode-jsonrpc\\lib\\common\\connection.js:493:41)","timestamp":"2024-08-27T00:31:46.136Z"}
{"level":"error","message":"âœ˜ Completions for node failed: Error: [Send]{06debe} at tomyjerrytest.wtest:37 exhausted all cases without a match [Send]{06debe} at tomyjerrytest.wtest:37 exhausted all cases without a match","stack":"Error: [Send]{06debe} at tomyjerrytest.wtest:37 exhausted all cases without a match\n    at c:\\Users\\Pc\\.vscode\\extensions\\uqbar.wollok-lsp-ide-0.3.3\\node_modules\\wollok-ts\\dist\\extensions.js:85:11\n    at completionsForNode (c:\\Users\\Pc\\.vscode\\extensions\\uqbar.wollok-lsp-ide-0.3.3\\server\\out\\functionalities\\autocomplete\\node-completion.js:10:44)\n    at completeForParent (c:\\Users\\Pc\\.vscode\\extensions\\uqbar.wollok-lsp-ide-0.3.3\\server\\out\\functionalities\\autocomplete\\node-completion.js:56:43)\n    at completeReference (c:\\Users\\Pc\\.vscode\\extensions\\uqbar.wollok-lsp-ide-0.3.3\\server\\out\\functionalities\\autocomplete\\node-completion.js:64:135)\n    at c:\\Users\\Pc\\.vscode\\extensions\\uqbar.wollok-lsp-ide-0.3.3\\node_modules\\wollok-ts\\dist\\extensions.js:84:20\n    at completionsForNode (c:\\Users\\Pc\\.vscode\\extensions\\uqbar.wollok-lsp-ide-0.3.3\\server\\out\\functionalities\\autocomplete\\node-completion.js:10:44)\n    at c:\\Users\\Pc\\.vscode\\extensions\\uqbar.wollok-lsp-ide-0.3.3\\server\\out\\functionalities\\autocomplete\\autocomplete.js:26:154\n    at c:\\Users\\Pc\\.vscode\\extensions\\uqbar.wollok-lsp-ide-0.3.3\\server\\out\\server.js:198:20\n    at c:\\Users\\Pc\\.vscode\\extensions\\uqbar.wollok-lsp-ide-0.3.3\\server\\node_modules\\vscode-languageserver\\lib\\common\\server.js:593:20\n    at handleRequest (c:\\Users\\Pc\\.vscode\\extensions\\uqbar.wollok-lsp-ide-0.3.3\\server\\node_modules\\vscode-jsonrpc\\lib\\common\\connection.js:493:41)","timestamp":"2024-08-27T00:31:46.409Z"}
{"level":"error","message":"âœ˜ Completions for node failed: Error: [Send]{c1fbb9} at tomyjerrytest.wtest:37 exhausted all cases without a match [Send]{c1fbb9} at tomyjerrytest.wtest:37 exhausted all cases without a match","stack":"Error: [Send]{c1fbb9} at tomyjerrytest.wtest:37 exhausted all cases without a match\n    at c:\\Users\\Pc\\.vscode\\extensions\\uqbar.wollok-lsp-ide-0.3.3\\node_modules\\wollok-ts\\dist\\extensions.js:85:11\n    at completionsForNode (c:\\Users\\Pc\\.vscode\\extensions\\uqbar.wollok-lsp-ide-0.3.3\\server\\out\\functionalities\\autocomplete\\node-completion.js:10:44)\n    at completeForParent (c:\\Users\\Pc\\.vscode\\extensions\\uqbar.wollok-lsp-ide-0.3.3\\server\\out\\functionalities\\autocomplete\\node-completion.js:56:43)\n    at completeReference (c:\\Users\\Pc\\.vscode\\extensions\\uqbar.wollok-lsp-ide-0.3.3\\server\\out\\functionalities\\autocomplete\\node-completion.js:64:135)\n    at c:\\Users\\Pc\\.vscode\\extensions\\uqbar.wollok-lsp-ide-0.3.3\\node_modules\\wollok-ts\\dist\\extensions.js:84:20\n    at completionsForNode (c:\\Users\\Pc\\.vscode\\extensions\\uqbar.wollok-lsp-ide-0.3.3\\server\\out\\functionalities\\autocomplete\\node-completion.js:10:44)\n    at c:\\Users\\Pc\\.vscode\\extensions\\uqbar.wollok-lsp-ide-0.3.3\\server\\out\\functionalities\\autocomplete\\autocomplete.js:26:154\n    at c:\\Users\\Pc\\.vscode\\extensions\\uqbar.wollok-lsp-ide-0.3.3\\server\\out\\server.js:198:20\n    at c:\\Users\\Pc\\.vscode\\extensions\\uqbar.wollok-lsp-ide-0.3.3\\server\\node_modules\\vscode-languageserver\\lib\\common\\server.js:593:20\n    at handleRequest (c:\\Users\\Pc\\.vscode\\extensions\\uqbar.wollok-lsp-ide-0.3.3\\server\\node_modules\\vscode-jsonrpc\\lib\\common\\connection.js:493:41)","timestamp":"2024-08-27T00:31:46.687Z"}
{"level":"error","message":"âœ˜ Completions for node failed: Error: [Send]{6b215e} at tomyjerrytest.wtest:37 exhausted all cases without a match [Send]{6b215e} at tomyjerrytest.wtest:37 exhausted all cases without a match","stack":"Error: [Send]{6b215e} at tomyjerrytest.wtest:37 exhausted all cases without a match\n    at c:\\Users\\Pc\\.vscode\\extensions\\uqbar.wollok-lsp-ide-0.3.3\\node_modules\\wollok-ts\\dist\\extensions.js:85:11\n    at completionsForNode (c:\\Users\\Pc\\.vscode\\extensions\\uqbar.wollok-lsp-ide-0.3.3\\server\\out\\functionalities\\autocomplete\\node-completion.js:10:44)\n    at completeForParent (c:\\Users\\Pc\\.vscode\\extensions\\uqbar.wollok-lsp-ide-0.3.3\\server\\out\\functionalities\\autocomplete\\node-completion.js:56:43)\n    at completeReference (c:\\Users\\Pc\\.vscode\\extensions\\uqbar.wollok-lsp-ide-0.3.3\\server\\out\\functionalities\\autocomplete\\node-completion.js:64:135)\n    at c:\\Users\\Pc\\.vscode\\extensions\\uqbar.wollok-lsp-ide-0.3.3\\node_modules\\wollok-ts\\dist\\extensions.js:84:20\n    at completionsForNode (c:\\Users\\Pc\\.vscode\\extensions\\uqbar.wollok-lsp-ide-0.3.3\\server\\out\\functionalities\\autocomplete\\node-completion.js:10:44)\n    at c:\\Users\\Pc\\.vscode\\extensions\\uqbar.wollok-lsp-ide-0.3.3\\server\\out\\functionalities\\autocomplete\\autocomplete.js:26:154\n    at c:\\Users\\Pc\\.vscode\\extensions\\uqbar.wollok-lsp-ide-0.3.3\\server\\out\\server.js:198:20\n    at c:\\Users\\Pc\\.vscode\\extensions\\uqbar.wollok-lsp-ide-0.3.3\\server\\node_modules\\vscode-languageserver\\lib\\common\\server.js:593:20\n    at handleRequest (c:\\Users\\Pc\\.vscode\\extensions\\uqbar.wollok-lsp-ide-0.3.3\\server\\node_modules\\vscode-jsonrpc\\lib\\common\\connection.js:493:41)","timestamp":"2024-08-27T00:31:46.871Z"}
{"level":"error","message":"âœ˜ Completions for node failed: Error: [Send]{549197} at tomyjerrytest.wtest:37 exhausted all cases without a match [Send]{549197} at tomyjerrytest.wtest:37 exhausted all cases without a match","stack":"Error: [Send]{549197} at tomyjerrytest.wtest:37 exhausted all cases without a match\n    at c:\\Users\\Pc\\.vscode\\extensions\\uqbar.wollok-lsp-ide-0.3.3\\node_modules\\wollok-ts\\dist\\extensions.js:85:11\n    at completionsForNode (c:\\Users\\Pc\\.vscode\\extensions\\uqbar.wollok-lsp-ide-0.3.3\\server\\out\\functionalities\\autocomplete\\node-completion.js:10:44)\n    at completeForParent (c:\\Users\\Pc\\.vscode\\extensions\\uqbar.wollok-lsp-ide-0.3.3\\server\\out\\functionalities\\autocomplete\\node-completion.js:56:43)\n    at completeReference (c:\\Users\\Pc\\.vscode\\extensions\\uqbar.wollok-lsp-ide-0.3.3\\server\\out\\functionalities\\autocomplete\\node-completion.js:64:135)\n    at c:\\Users\\Pc\\.vscode\\extensions\\uqbar.wollok-lsp-ide-0.3.3\\node_modules\\wollok-ts\\dist\\extensions.js:84:20\n    at completionsForNode (c:\\Users\\Pc\\.vscode\\extensions\\uqbar.wollok-lsp-ide-0.3.3\\server\\out\\functionalities\\autocomplete\\node-completion.js:10:44)\n    at c:\\Users\\Pc\\.vscode\\extensions\\uqbar.wollok-lsp-ide-0.3.3\\server\\out\\functionalities\\autocomplete\\autocomplete.js:26:154\n    at c:\\Users\\Pc\\.vscode\\extensions\\uqbar.wollok-lsp-ide-0.3.3\\server\\out\\server.js:198:20\n    at c:\\Users\\Pc\\.vscode\\extensions\\uqbar.wollok-lsp-ide-0.3.3\\server\\node_modules\\vscode-languageserver\\lib\\common\\server.js:593:20\n    at handleRequest (c:\\Users\\Pc\\.vscode\\extensions\\uqbar.wollok-lsp-ide-0.3.3\\server\\node_modules\\vscode-jsonrpc\\lib\\common\\connection.js:493:41)","timestamp":"2024-08-27T00:31:47.157Z"}
{"level":"info","message":"âŒ› Building environment","timeElapsed":117,"timestamp":"2024-08-27T00:31:47.894Z"}
{"level":"info","message":"âŒ› Validating tomyjerrytest.wtest","timeElapsed":102,"timestamp":"2024-08-27T00:31:49.556Z"}
{"level":"info","message":"âŒ› Validating tomyjerrytest.wtest","timeElapsed":101,"timestamp":"2024-08-27T00:31:52.194Z"}
{"level":"error","message":"âœ˜ Completions for node failed: Error: [Send]{e1c924} at tomyjerrytest.wtest:37 exhausted all cases without a match [Send]{e1c924} at tomyjerrytest.wtest:37 exhausted all cases without a match","stack":"Error: [Send]{e1c924} at tomyjerrytest.wtest:37 exhausted all cases without a match\n    at c:\\Users\\Pc\\.vscode\\extensions\\uqbar.wollok-lsp-ide-0.3.3\\node_modules\\wollok-ts\\dist\\extensions.js:85:11\n    at completionsForNode (c:\\Users\\Pc\\.vscode\\extensions\\uqbar.wollok-lsp-ide-0.3.3\\server\\out\\functionalities\\autocomplete\\node-completion.js:10:44)\n    at completeForParent (c:\\Users\\Pc\\.vscode\\extensions\\uqbar.wollok-lsp-ide-0.3.3\\server\\out\\functionalities\\autocomplete\\node-completion.js:56:43)\n    at completeReference (c:\\Users\\Pc\\.vscode\\extensions\\uqbar.wollok-lsp-ide-0.3.3\\server\\out\\functionalities\\autocomplete\\node-completion.js:64:135)\n    at c:\\Users\\Pc\\.vscode\\extensions\\uqbar.wollok-lsp-ide-0.3.3\\node_modules\\wollok-ts\\dist\\extensions.js:84:20\n    at completionsForNode (c:\\Users\\Pc\\.vscode\\extensions\\uqbar.wollok-lsp-ide-0.3.3\\server\\out\\functionalities\\autocomplete\\node-completion.js:10:44)\n    at c:\\Users\\Pc\\.vscode\\extensions\\uqbar.wollok-lsp-ide-0.3.3\\server\\out\\functionalities\\autocomplete\\autocomplete.js:26:154\n    at c:\\Users\\Pc\\.vscode\\extensions\\uqbar.wollok-lsp-ide-0.3.3\\server\\out\\server.js:198:20\n    at c:\\Users\\Pc\\.vscode\\extensions\\uqbar.wollok-lsp-ide-0.3.3\\server\\node_modules\\vscode-languageserver\\lib\\common\\server.js:593:20\n    at handleRequest (c:\\Users\\Pc\\.vscode\\extensions\\uqbar.wollok-lsp-ide-0.3.3\\server\\node_modules\\vscode-jsonrpc\\lib\\common\\connection.js:493:41)","timestamp":"2024-08-27T00:31:53.027Z"}
{"level":"error","message":"âœ˜ Completions for node failed: Error: [Send]{1d057b} at tomyjerrytest.wtest:37 exhausted all cases without a match [Send]{1d057b} at tomyjerrytest.wtest:37 exhausted all cases without a match","stack":"Error: [Send]{1d057b} at tomyjerrytest.wtest:37 exhausted all cases without a match\n    at c:\\Users\\Pc\\.vscode\\extensions\\uqbar.wollok-lsp-ide-0.3.3\\node_modules\\wollok-ts\\dist\\extensions.js:85:11\n    at completionsForNode (c:\\Users\\Pc\\.vscode\\extensions\\uqbar.wollok-lsp-ide-0.3.3\\server\\out\\functionalities\\autocomplete\\node-completion.js:10:44)\n    at completeForParent (c:\\Users\\Pc\\.vscode\\extensions\\uqbar.wollok-lsp-ide-0.3.3\\server\\out\\functionalities\\autocomplete\\node-completion.js:56:43)\n    at completionsForNode (c:\\Users\\Pc\\.vscode\\extensions\\uqbar.wollok-lsp-ide-0.3.3\\server\\out\\functionalities\\autocomplete\\node-completion.js:14:46)\n    at completeForParent (c:\\Users\\Pc\\.vscode\\extensions\\uqbar.wollok-lsp-ide-0.3.3\\server\\out\\functionalities\\autocomplete\\node-completion.js:56:43)\n    at completeReference (c:\\Users\\Pc\\.vscode\\extensions\\uqbar.wollok-lsp-ide-0.3.3\\server\\out\\functionalities\\autocomplete\\node-completion.js:64:135)\n    at c:\\Users\\Pc\\.vscode\\extensions\\uqbar.wollok-lsp-ide-0.3.3\\node_modules\\wollok-ts\\dist\\extensions.js:84:20\n    at completionsForNode (c:\\Users\\Pc\\.vscode\\extensions\\uqbar.wollok-lsp-ide-0.3.3\\server\\out\\functionalities\\autocomplete\\node-completion.js:10:44)\n    at c:\\Users\\Pc\\.vscode\\extensions\\uqbar.wollok-lsp-ide-0.3.3\\server\\out\\functionalities\\autocomplete\\autocomplete.js:26:154\n    at c:\\Users\\Pc\\.vscode\\extensions\\uqbar.wollok-lsp-ide-0.3.3\\server\\out\\server.js:198:20","timestamp":"2024-08-27T00:31:53.028Z"}
{"level":"info","message":"onRequest - completionItem/resolve","timestamp":"2024-08-27T00:31:53.181Z"}
{"level":"info","message":"onRequest - completionItem/resolve","timestamp":"2024-08-27T00:31:53.347Z"}
{"level":"info","message":"onRequest - completionItem/resolve","timestamp":"2024-08-27T00:31:53.425Z"}
{"level":"info","message":"onRequest - completionItem/resolve","timestamp":"2024-08-27T00:31:53.570Z"}
{"level":"info","message":"onRequest - completionItem/resolve","timestamp":"2024-08-27T00:31:53.711Z"}
{"level":"info","message":"âŒ› Validating tomyjerrytest.wtest","timeElapsed":135,"timestamp":"2024-08-27T00:31:53.846Z"}
{"level":"info","message":"onRequest - completionItem/resolve","timestamp":"2024-08-27T00:31:53.996Z"}
{"level":"info","message":"âŒ› Building environment","timeElapsed":104,"timestamp":"2024-08-27T00:31:55.171Z"}
{"failures":[],"level":"info","message":"ðŸ§ª Test runner executed on c:/Users/Pc/Desktop/Objetos/Repositorios/2024s2-tomyjerry-mile-nag","result":{"failed":0,"ok":1},"timeElapsed":355,"timestamp":"2024-08-27T00:31:59.436Z"}
{"level":"info","message":"âŒ› Building environment","timeElapsed":126,"timestamp":"2024-08-27T00:32:17.803Z"}
{"level":"info","message":"âŒ› Validating tomyjerrytest.wtest","timeElapsed":104,"timestamp":"2024-08-27T00:32:17.908Z"}
{"level":"info","message":"âŒ› Building environment","timeElapsed":123,"timestamp":"2024-08-27T00:32:18.122Z"}
{"level":"info","message":"âŒ› Building environment","timeElapsed":105,"timestamp":"2024-08-27T00:32:19.326Z"}
{"level":"info","message":"âŒ› Building environment","timeElapsed":119,"timestamp":"2024-08-27T00:32:19.635Z"}
{"level":"info","message":"âŒ› Validating tomyjerrytest.wtest","timeElapsed":116,"timestamp":"2024-08-27T00:32:19.752Z"}
{"level":"info","message":"âŒ› Building environment","timeElapsed":104,"timestamp":"2024-08-27T00:32:20.842Z"}
{"level":"info","message":"âŒ› Building environment","timeElapsed":112,"timestamp":"2024-08-27T00:32:21.907Z"}
{"level":"info","message":"âŒ› Validating tomyjerrytest.wtest","timeElapsed":105,"timestamp":"2024-08-27T00:32:22.012Z"}
{"level":"info","message":"âŒ› Building environment","timeElapsed":111,"timestamp":"2024-08-27T00:32:22.365Z"}
{"level":"info","message":"âŒ› Validating tomyjerrytest.wtest","timeElapsed":105,"timestamp":"2024-08-27T00:32:24.659Z"}
{"level":"info","message":"âŒ› Building environment","timeElapsed":104,"timestamp":"2024-08-27T00:32:25.561Z"}
{"level":"info","message":"âŒ› Building environment","timeElapsed":108,"timestamp":"2024-08-27T00:32:25.848Z"}
{"level":"info","message":"âŒ› Validating tomyjerrytest.wtest","timeElapsed":104,"timestamp":"2024-08-27T00:32:26.316Z"}
{"level":"info","message":"âŒ› Validating tomyjerrytest.wtest","timeElapsed":122,"timestamp":"2024-08-27T00:32:27.739Z"}
{"level":"info","message":"âŒ› Building environment","timeElapsed":103,"timestamp":"2024-08-27T00:32:28.012Z"}
{"level":"info","message":"âŒ› Building environment","timeElapsed":108,"timestamp":"2024-08-27T00:32:28.851Z"}
{"level":"info","message":"âŒ› Building environment","timeElapsed":106,"timestamp":"2024-08-27T00:32:35.840Z"}
{"failures":[],"level":"info","message":"ðŸ§ª Test runner executed on c:/Users/Pc/Desktop/Objetos/Repositorios/2024s2-tomyjerry-mile-nag","result":{"failed":0,"ok":1},"timeElapsed":333,"timestamp":"2024-08-27T00:32:41.982Z"}
{"failures":[],"level":"info","message":"ðŸ§ª Test runner executed on c:/Users/Pc/Desktop/Objetos/Repositorios/2024s2-tomyjerry-mile-nag","result":{"failed":0,"ok":1},"timeElapsed":332,"timestamp":"2024-08-27T00:32:47.756Z"}
